Script started on Sun 03 May 2020 03:45:51 PM -05
]0;yadira@yadira-PC: ~/Desktop/RUBY_RAILS/myblog[01;32myadira@yadira-PC[00m:[01;34m~/Desktop/RUBY_RAILS/myblog[00m$ rails server
=> Booting Puma
=> Rails 6.0.2.2 application starting in development 
=> Run `rails server --help` for more startup options
/home/yadira/.rvm/gems/ruby-2.7.1/gems/actionpack-6.0.2.2/lib/action_dispatch/middleware/stack.rb:37: warning: Using the last argument as keyword parameters is deprecated; maybe ** should be added to the call
/home/yadira/.rvm/gems/ruby-2.7.1/gems/actionpack-6.0.2.2/lib/action_dispatch/middleware/static.rb:110: warning: The called method `initialize' is defined here
Puma starting in single mode...
* Version 4.3.3 (ruby 2.7.1-p83), codename: Mysterious Traveller
* Min threads: 5, max threads: 5
* Environment: development
* Listening on tcp://127.0.0.1:3000
* Listening on tcp://[::1]:3000
Use Ctrl-C to stop
Started GET "/" for 127.0.0.1 at 2020-05-03 15:46:20 -0500
  [1m[35m (2.4ms)[0m  [1m[34mSELECT sqlite_version(*)[0m
Processing by Rails::WelcomeController#index as HTML
/home/yadira/.rvm/gems/ruby-2.7.1/gems/activesupport-6.0.2.2/lib/active_support/messages/rotator.rb:28: warning: Using the last argument as keyword parameters is deprecated; maybe ** should be added to the call
/home/yadira/.rvm/gems/ruby-2.7.1/gems/activesupport-6.0.2.2/lib/active_support/messages/rotator.rb:6: warning: The called method `initialize' is defined here
/home/yadira/.rvm/gems/ruby-2.7.1/gems/actionview-6.0.2.2/lib/action_view/view_paths.rb:11: warning: Using the last argument as keyword parameters is deprecated; maybe ** should be added to the call
/home/yadira/.rvm/gems/ruby-2.7.1/gems/actionview-6.0.2.2/lib/action_view/lookup_context.rb:140: warning: The called method `template_exists?' is defined here
/home/yadira/.rvm/gems/ruby-2.7.1/gems/actionview-6.0.2.2/lib/action_view/unbound_template.rb:24: warning: Using the last argument as keyword parameters is deprecated; maybe ** should be added to the call
/home/yadira/.rvm/gems/ruby-2.7.1/gems/actionview-6.0.2.2/lib/action_view/template.rb:130: warning: The called method `initialize' is defined here
  Rendering /home/yadira/.rvm/gems/ruby-2.7.1/gems/railties-6.0.2.2/lib/rails/templates/rails/welcome/index.html.erb
  Rendered /home/yadira/.rvm/gems/ruby-2.7.1/gems/railties-6.0.2.2/lib/rails/templates/rails/welcome/index.html.erb (Duration: 18.3ms | Allocations: 406)
Completed 200 OK in 80ms (Views: 42.2ms | ActiveRecord: 0.0ms | Allocations: 2345)


^C- Gracefully stopping, waiting for requests to finish
=== puma shutdown: 2020-05-03 15:46:50 -0500 ===
- Goodbye!
Exiting
]0;yadira@yadira-PC: ~/Desktop/RUBY_RAILS/myblog[01;32myadira@yadira-PC[00m:[01;34m~/Desktop/RUBY_RAILS/myblog[00m$ rails generator[K[K[Kte controller HOM[K[Kome index
FATAL: Listen error: unable to monitor directories for changes.
Visit https://github.com/guard/listen/wiki/Increasing-the-amount-of-inotify-watchers for info on how to fix this.
]0;yadira@yadira-PC: ~/Desktop/RUBY_RAILS/myblog[01;32myadira@yadira-PC[00m:[01;34m~/Desktop/RUBY_RAILS/myblog[00m$ rails generate v[Kcontroller Home index
FATAL: Listen error: unable to monitor directories for changes.
Visit https://github.com/guard/listen/wiki/Increasing-the-amount-of-inotify-watchers for info on how to fix this.
]0;yadira@yadira-PC: ~/Desktop/RUBY_RAILS/myblog[01;32myadira@yadira-PC[00m:[01;34m~/Desktop/RUBY_RAILS/myblog[00m$ rails generate controller Home index
FATAL: Listen error: unable to monitor directories for changes.
Visit https://github.com/guard/listen/wiki/Increasing-the-amount-of-inotify-watchers for info on how to fix this.
]0;yadira@yadira-PC: ~/Desktop/RUBY_RAILS/myblog[01;32myadira@yadira-PC[00m:[01;34m~/Desktop/RUBY_RAILS/myblog[00m$ cat /proc/sys/fs/inotify/max_user_watches
8192
]0;yadira@yadira-PC: ~/Desktop/RUBY_RAILS/myblog[01;32myadira@yadira-PC[00m:[01;34m~/Desktop/RUBY_RAILS/myblog[00m$ sudo sysctl fs.inotify.max_user_watches=524288
[sudo] password for yadira: 
fs.inotify.max_user_watches = 524288
]0;yadira@yadira-PC: ~/Desktop/RUBY_RAILS/myblog[01;32myadira@yadira-PC[00m:[01;34m~/Desktop/RUBY_RAILS/myblog[00m$ sudo sysctl -p
]0;yadira@yadira-PC: ~/Desktop/RUBY_RAILS/myblog[01;32myadira@yadira-PC[00m:[01;34m~/Desktop/RUBY_RAILS/myblog[00m$ rails generatecontroller[C ontroller[1@ [C[C[1Pontroller[C[C[C[C[C[C[C[C[C Home I[Kindex
/home/yadira/.rvm/gems/ruby-2.7.1/gems/actionpack-6.0.2.2/lib/action_dispatch/middleware/stack.rb:37: warning: Using the last argument as keyword parameters is deprecated; maybe ** should be added to the call
/home/yadira/.rvm/gems/ruby-2.7.1/gems/actionpack-6.0.2.2/lib/action_dispatch/middleware/static.rb:110: warning: The called method `initialize' is defined here
Running via Spring preloader in process 13709
[1m[32m      create[0m  app/controllers/home_controller.rb
[1m[32m       route[0m  get 'home/index'
[1m[37m      invoke[0m  erb
[1m[32m      create[0m    app/views/home
[1m[32m      create[0m    app/views/home/index.html.erb
[1m[37m      invoke[0m  test_unit
[1m[32m      create[0m    test/controllers/home_controller_test.rb
[1m[37m      invoke[0m  helper
[1m[32m      create[0m    app/helpers/home_helper.rb
[1m[37m      invoke[0m    test_unit
[1m[37m      invoke[0m  assets
[1m[37m      invoke[0m    scss
[1m[32m      create[0m      app/assets/stylesheets/home.scss
]0;yadira@yadira-PC: ~/Desktop/RUBY_RAILS/myblog[01;32myadira@yadira-PC[00m:[01;34m~/Desktop/RUBY_RAILS/myblog[00m$ rails server
=> Booting Puma
=> Rails 6.0.2.2 application starting in development 
=> Run `rails server --help` for more startup options
/home/yadira/.rvm/gems/ruby-2.7.1/gems/actionpack-6.0.2.2/lib/action_dispatch/middleware/stack.rb:37: warning: Using the last argument as keyword parameters is deprecated; maybe ** should be added to the call
/home/yadira/.rvm/gems/ruby-2.7.1/gems/actionpack-6.0.2.2/lib/action_dispatch/middleware/static.rb:110: warning: The called method `initialize' is defined here
Puma starting in single mode...
* Version 4.3.3 (ruby 2.7.1-p83), codename: Mysterious Traveller
* Min threads: 5, max threads: 5
* Environment: development
* Listening on tcp://127.0.0.1:3000
* Listening on tcp://[::1]:3000
Use Ctrl-C to stop
Started GET "/bienvenido" for 127.0.0.1 at 2020-05-03 16:26:25 -0500
  [1m[35m (0.6ms)[0m  [1m[34mSELECT sqlite_version(*)[0m
Processing by HomeController#index as HTML
/home/yadira/.rvm/gems/ruby-2.7.1/gems/activesupport-6.0.2.2/lib/active_support/messages/rotator.rb:28: warning: Using the last argument as keyword parameters is deprecated; maybe ** should be added to the call
/home/yadira/.rvm/gems/ruby-2.7.1/gems/activesupport-6.0.2.2/lib/active_support/messages/rotator.rb:6: warning: The called method `initialize' is defined here
/home/yadira/.rvm/gems/ruby-2.7.1/gems/actionview-6.0.2.2/lib/action_view/view_paths.rb:11: warning: Using the last argument as keyword parameters is deprecated; maybe ** should be added to the call
/home/yadira/.rvm/gems/ruby-2.7.1/gems/actionview-6.0.2.2/lib/action_view/lookup_context.rb:140: warning: The called method `template_exists?' is defined here
/home/yadira/.rvm/gems/ruby-2.7.1/gems/actionview-6.0.2.2/lib/action_view/unbound_template.rb:24: warning: Using the last argument as keyword parameters is deprecated; maybe ** should be added to the call
/home/yadira/.rvm/gems/ruby-2.7.1/gems/actionview-6.0.2.2/lib/action_view/template.rb:130: warning: The called method `initialize' is defined here
  Rendering home/index.html.erb within layouts/application
  Rendered home/index.html.erb within layouts/application (Duration: 2.0ms | Allocations: 187)
/home/yadira/.rvm/gems/ruby-2.7.1/gems/sprockets-4.0.0/lib/sprockets/base.rb:119: warning: Using the last argument as keyword parameters is deprecated; maybe ** should be added to the call
/home/yadira/.rvm/gems/ruby-2.7.1/gems/sprockets-4.0.0/lib/sprockets/base.rb:78: warning: The called method `find_asset' is defined here
[Webpacker] Compiling...
[Webpacker] Compiled all packs in /home/yadira/Desktop/RUBY_RAILS/myblog/public/packs
[Webpacker] Hash: 32e57f147dbdcbbf0c82
Version: webpack 4.43.0
Time: 4724ms
Built at: 05/03/2020 4:26:34 PM
                                     Asset       Size       Chunks                         Chunk Names
    js/application-bbe9c4a129ab949e0636.js    124 KiB  application  [emitted] [immutable]  application
js/application-bbe9c4a129ab949e0636.js.map    139 KiB  application  [emitted] [dev]        application
                             manifest.json  364 bytes               [emitted]              
Entrypoint application = js/application-bbe9c4a129ab949e0636.js js/application-bbe9c4a129ab949e0636.js.map
[./app/javascript/channels sync recursive _channel\.js$] ./app/javascript/channels sync _channel\.js$ 160 bytes {application} [built]
[./app/javascript/channels/index.js] 211 bytes {application} [built]
[./app/javascript/packs/application.js] 749 bytes {application} [built]
[./node_modules/webpack/buildin/module.js] (webpack)/buildin/module.js 552 bytes {application} [built]
    + 3 hidden modules

Completed 200 OK in 9653ms (Views: 9644.1ms | ActiveRecord: 0.0ms | Allocations: 18601)


/home/yadira/.rvm/gems/ruby-2.7.1/gems/actionpack-6.0.2.2/lib/action_dispatch/middleware/cookies.rb:635: warning: Using the last argument as keyword parameters is deprecated; maybe ** should be added to the call
/home/yadira/.rvm/gems/ruby-2.7.1/gems/activesupport-6.0.2.2/lib/active_support/message_encryptor.rb:150: warning: The called method `encrypt_and_sign' is defined here
/home/yadira/.rvm/gems/ruby-2.7.1/gems/activesupport-6.0.2.2/lib/active_support/message_encryptor.rb:175: warning: Using the last argument as keyword parameters is deprecated; maybe ** should be added to the call
/home/yadira/.rvm/gems/ruby-2.7.1/gems/activesupport-6.0.2.2/lib/active_support/messages/metadata.rb:17: warning: The called method `wrap' is defined here
Started GET "/" for 127.0.0.1 at 2020-05-03 16:26:41 -0500
Processing by Rails::WelcomeController#index as HTML
  Rendering /home/yadira/.rvm/gems/ruby-2.7.1/gems/railties-6.0.2.2/lib/rails/templates/rails/welcome/index.html.erb
  Rendered /home/yadira/.rvm/gems/ruby-2.7.1/gems/railties-6.0.2.2/lib/rails/templates/rails/welcome/index.html.erb (Duration: 6.1ms | Allocations: 186)
Completed 200 OK in 8ms (Views: 7.0ms | ActiveRecord: 0.0ms | Allocations: 958)


Started GET "/bienvenido" for 127.0.0.1 at 2020-05-03 16:26:48 -0500
Processing by HomeController#index as HTML
  Rendering home/index.html.erb within layouts/application
  Rendered home/index.html.erb within layouts/application (Duration: 0.6ms | Allocations: 75)
[Webpacker] Everything's up-to-date. Nothing to do
Completed 200 OK in 14ms (Views: 12.3ms | ActiveRecord: 0.0ms | Allocations: 4276)


Started GET "/bienvenido" for 127.0.0.1 at 2020-05-03 16:30:14 -0500
Processing by HomeController#index as HTML
  Rendering home/index.html.erb within layouts/application
  Rendered home/index.html.erb within layouts/application (Duration: 0.4ms | Allocations: 76)
[Webpacker] Everything's up-to-date. Nothing to do
Completed 200 OK in 10ms (Views: 8.5ms | ActiveRecord: 0.0ms | Allocations: 4273)


Started GET "/bienvenido" for 127.0.0.1 at 2020-05-03 16:30:32 -0500
Processing by HomeController#index as HTML
  Rendering home/index.html.erb within layouts/application
  Rendered home/index.html.erb within layouts/application (Duration: 0.3ms | Allocations: 75)
[Webpacker] Everything's up-to-date. Nothing to do
Completed 200 OK in 9ms (Views: 7.6ms | ActiveRecord: 0.0ms | Allocations: 4269)


^C- Gracefully stopping, waiting for requests to finish
=== puma shutdown: 2020-05-03 16:51:29 -0500 ===
- Goodbye!
Exiting
]0;yadira@yadira-PC: ~/Desktop/RUBY_RAILS/myblog[01;32myadira@yadira-PC[00m:[01;34m~/Desktop/RUBY_RAILS/myblog[00m$ yarn yarn[K[K[K[Kadd bootstrap
[2K[1G[1myarn add v1.22.4[22m
[2K[1G[2m[1/4][22m Resolving packages...
[1Gâ  [0K[1Gâ ‚ bootstrap[0K[1Gâ „ bootstrap[0K[1Gâ¡€ bootstrap[0K[1Gâ¢€ bootstrap[0K[1Gâ   bootstrap[0K[1Gâ  bootstrap[0K[2K[1G[2K[1G[2m[2/4][22m Fetching packages...
[2K[1G[1G[-----------------------------------------------------------------------------------] 0/1010[1G[#----------------------------------------------------------------------------------] 8/1010[1G[#---------------------------------------------------------------------------------] 15/1010[1G[##--------------------------------------------------------------------------------] 20/1010[1G[###-------------------------------------------------------------------------------] 33/1010[1G[###-------------------------------------------------------------------------------] 38/1010[1G[####------------------------------------------------------------------------------] 49/1010[1G[#####-----------------------------------------------------------------------------] 56/1010[1G[#####-----------------------------------------------------------------------------] 62/1010[1G[#######---------------------------------------------------------------------------] 91/1010[1G[#########------------------------------------------------------------------------] 106/1010[1G[#########------------------------------------------------------------------------] 110/1010[1G[#########------------------------------------------------------------------------] 115/1010[1G[###########----------------------------------------------------------------------] 141/1010[1G[############---------------------------------------------------------------------] 155/1010[1G[#############--------------------------------------------------------------------] 167/1010[1G[##############-------------------------------------------------------------------] 174/1010[1G[###############------------------------------------------------------------------] 187/1010[1G[################-----------------------------------------------------------------] 204/1010[1G[##################---------------------------------------------------------------] 224/1010[1G[###################--------------------------------------------------------------] 234/1010[1G[####################-------------------------------------------------------------] 246/1010[1G[####################-------------------------------------------------------------] 254/1010[1G[#####################------------------------------------------------------------] 263/1010[1G[######################-----------------------------------------------------------] 270/1010[1G[#######################----------------------------------------------------------] 290/1010[1G[########################---------------------------------------------------------] 302/1010[1G[##########################-------------------------------------------------------] 325/1010[1G[###########################------------------------------------------------------] 331/1010[1G[############################-----------------------------------------------------] 348/1010[1G[############################-----------------------------------------------------] 354/1010[1G[#############################----------------------------------------------------] 365/1010[1G[##############################---------------------------------------------------] 377/1010[1G[###############################--------------------------------------------------] 390/1010[1G[#################################------------------------------------------------] 409/1010[1G[##################################-----------------------------------------------] 424/1010[1G[###################################----------------------------------------------] 435/1010[1G[####################################---------------------------------------------] 443/1010[1G[#####################################--------------------------------------------] 464/1010[1G[######################################-------------------------------------------] 479/1010[1G[#######################################------------------------------------------] 481/1010[1G[#######################################------------------------------------------] 484/1010[1G[#######################################------------------------------------------] 487/1010[1G[#######################################------------------------------------------] 490/1010[1G[########################################-----------------------------------------] 494/1010[1G[########################################-----------------------------------------] 498/1010[1G[########################################-----------------------------------------] 502/1010[1G[########################################-----------------------------------------] 503/1010[1G[#########################################----------------------------------------] 511/1010[1G[#########################################----------------------------------------] 515/1010[1G[##########################################---------------------------------------] 522/1010[1G[###########################################--------------------------------------] 532/1010[1G[#############################################------------------------------------] 565/1010[1G[##############################################-----------------------------------] 576/1010[1G[###############################################----------------------------------] 590/1010[1G[#################################################--------------------------------] 612/1010[1G[##################################################-------------------------------] 623/1010[1G[##################################################-------------------------------] 629/1010[1G[###################################################------------------------------] 639/1010[1G[####################################################-----------------------------] 648/1010[1G[#####################################################----------------------------] 658/1010[1G[######################################################---------------------------] 674/1010[1G[#######################################################--------------------------] 687/1010[1G[########################################################-------------------------] 695/1010[1G[##########################################################-----------------------] 720/1010[1G[###########################################################----------------------] 739/1010[1G[############################################################---------------------] 749/1010[1G[##############################################################-------------------] 775/1010[1G[################################################################-----------------] 795/1010[1G[##################################################################---------------] 818/1010[1G[##################################################################---------------] 828/1010[1G[###################################################################--------------] 840/1010[1G[####################################################################-------------] 845/1010[1G[#####################################################################------------] 855/1010[1G[######################################################################-----------] 868/1010[1G[######################################################################-----------] 879/1010[1G[########################################################################---------] 894/1010[1G[#########################################################################--------] 910/1010[1G[###########################################################################------] 936/1010[1G[############################################################################-----] 943/1010[1G[#############################################################################----] 963/1010[1G[###############################################################################--] 982/1010[1G[################################################################################] 1009/1010[2K[1G[34minfo[39m fsevents@1.2.12: The platform "linux" is incompatible with this module.
[2K[1G[34minfo[39m "fsevents@1.2.12" is an optional dependency and failed compatibility check. Excluding it from installation.
[2K[1G[2m[3/4][22m Linking dependencies...
[2K[1G[33mwarning[39m " > webpack-dev-server@3.10.3" has unmet peer dependency "webpack@^4.0.0 || ^5.0.0".
[2K[1G[33mwarning[39m "webpack-dev-server > webpack-dev-middleware@3.7.2" has unmet peer dependency "webpack@^4.0.0".
[2K[1G[33mwarning[39m " > bootstrap@4.4.1" has unmet peer dependency "jquery@1.9.1 - 3".
[2K[1G[33mwarning[39m " > bootstrap@4.4.1" has unmet peer dependency "popper.js@^1.16.0".
[1G[################################################################################] 1010/1010[2K[1G[2K[1G[1G[-----------------------------------------------------------------------------------] 0/1074[2K[1G[2K[1G[1G[------------------------------------------------------------------------------------] 0/152[1G[##################################################################################] 152/152[2K[1G[2K[1G[1G[-----------------------------------------------------------------------------------] 0/1957[1G[#######--------------------------------------------------------------------------] 174/1957[1G[##############-------------------------------------------------------------------] 330/1957[1G[#####################------------------------------------------------------------] 498/1957[1G[#######################----------------------------------------------------------] 560/1957[1G[##################################-----------------------------------------------] 812/1957[1G[##############################################----------------------------------] 1132/1957[1G[##################################################------------------------------] 1224/1957[1G[#########################################################-----------------------] 1400/1957[1G[##############################################################------------------] 1526/1957[1G[#####################################################################-----------] 1676/1957[1G[#############################################################################---] 1892/1957[1G[################################################################################] 1957/1957[2K[1G[2m[4/4][22m Building fresh packages...
[1B[2K[1G[32msuccess[39m Saved lockfile.
[2K[1G[32msuccess[39m Saved 1 new dependency.
[2K[1G[34minfo[39m Direct dependencies
[2K[1Gâ””â”€ bootstrap@4.4.1
[2K[1G[34minfo[39m All dependencies
â””â”€ bootstrap@4.4.1
[2K[1GDone in 17.47s.
]0;yadira@yadira-PC: ~/Desktop/RUBY_RAILS/myblog[01;32myadira@yadira-PC[00m:[01;34m~/Desktop/RUBY_RAILS/myblog[00m$ rails server
=> Booting Puma
=> Rails 6.0.2.2 application starting in development 
=> Run `rails server --help` for more startup options
/home/yadira/.rvm/gems/ruby-2.7.1/gems/actionpack-6.0.2.2/lib/action_dispatch/middleware/stack.rb:37: warning: Using the last argument as keyword parameters is deprecated; maybe ** should be added to the call
/home/yadira/.rvm/gems/ruby-2.7.1/gems/actionpack-6.0.2.2/lib/action_dispatch/middleware/static.rb:110: warning: The called method `initialize' is defined here
Puma starting in single mode...
* Version 4.3.3 (ruby 2.7.1-p83), codename: Mysterious Traveller
* Min threads: 5, max threads: 5
* Environment: development
* Listening on tcp://127.0.0.1:3000
* Listening on tcp://[::1]:3000
Use Ctrl-C to stop
 es la trayectoria que recorre un cuerpo en el espacio a causa de la acciÃ³n gravitatoria que ejercen los astros.Started GET "/" for 127.0.0.1 at 2020-05-07 17:05:05 -0500
  [1m[35m (1.3ms)[0m  [1m[34mSELECT sqlite_version(*)[0m
Processing by Rails::WelcomeController#index as HTML
/home/yadira/.rvm/gems/ruby-2.7.1/gems/activesupport-6.0.2.2/lib/active_support/messages/rotator.rb:28: warning: Using the last argument as keyword parameters is deprecated; maybe ** should be added to the call
/home/yadira/.rvm/gems/ruby-2.7.1/gems/activesupport-6.0.2.2/lib/active_support/messages/rotator.rb:6: warning: The called method `initialize' is defined here
/home/yadira/.rvm/gems/ruby-2.7.1/gems/actionview-6.0.2.2/lib/action_view/view_paths.rb:11: warning: Using the last argument as keyword parameters is deprecated; maybe ** should be added to the call
/home/yadira/.rvm/gems/ruby-2.7.1/gems/actionview-6.0.2.2/lib/action_view/lookup_context.rb:140: warning: The called method `template_exists?' is defined here
/home/yadira/.rvm/gems/ruby-2.7.1/gems/actionview-6.0.2.2/lib/action_view/unbound_template.rb:24: warning: Using the last argument as keyword parameters is deprecated; maybe ** should be added to the call
/home/yadira/.rvm/gems/ruby-2.7.1/gems/actionview-6.0.2.2/lib/action_view/template.rb:130: warning: The called method `initialize' is defined here
  Rendering /home/yadira/.rvm/gems/ruby-2.7.1/gems/railties-6.0.2.2/lib/rails/templates/rails/welcome/index.html.erb
  Rendered /home/yadira/.rvm/gems/ruby-2.7.1/gems/railties-6.0.2.2/lib/rails/templates/rails/welcome/index.html.erb (Duration: 22.5ms | Allocations: 294)
Completed 200 OK in 191ms (Views: 24.8ms | ActiveRecord: 0.0ms | Allocations: 1748)


/home/yadira/.rvm/gems/ruby-2.7.1/gems/actionpack-6.0.2.2/lib/action_dispatch/middleware/cookies.rb:635: warning: Using the last argument as keyword parameters is deprecated; maybe ** should be added to the call
/home/yadira/.rvm/gems/ruby-2.7.1/gems/activesupport-6.0.2.2/lib/active_support/message_encryptor.rb:150: warning: The called method `encrypt_and_sign' is defined here
/home/yadira/.rvm/gems/ruby-2.7.1/gems/activesupport-6.0.2.2/lib/active_support/message_encryptor.rb:175: warning: Using the last argument as keyword parameters is deprecated; maybe ** should be added to the call
/home/yadira/.rvm/gems/ruby-2.7.1/gems/activesupport-6.0.2.2/lib/active_support/messages/metadata.rb:17: warning: The called method `wrap' is defined here
Started GET "/bienvenido" for 127.0.0.1 at 2020-05-07 17:05:15 -0500
Processing by HomeController#index as HTML
  Rendering home/index.html.erb within layouts/application
  Rendered home/index.html.erb within layouts/application (Duration: 46.3ms | Allocations: 77)
/home/yadira/.rvm/gems/ruby-2.7.1/gems/sprockets-4.0.0/lib/sprockets/base.rb:119: warning: Using the last argument as keyword parameters is deprecated; maybe ** should be added to the call
/home/yadira/.rvm/gems/ruby-2.7.1/gems/sprockets-4.0.0/lib/sprockets/base.rb:78: warning: The called method `find_asset' is defined here
[Webpacker] Compiling...
[Webpacker] Compilation failed:
Hash: e23b59c30d1762352916
Version: webpack 4.43.0
Time: 13751ms
Built at: 05/07/2020 5:05:51 PM
                                     Asset       Size       Chunks                         Chunk Names
    js/application-926623c54d1e7ca77f72.js    258 KiB  application  [emitted] [immutable]  application
js/application-926623c54d1e7ca77f72.js.map    298 KiB  application  [emitted] [dev]        application
                             manifest.json  364 bytes               [emitted]              
Entrypoint application = js/application-926623c54d1e7ca77f72.js js/application-926623c54d1e7ca77f72.js.map
[./app/javascript/channels sync recursive _channel\.js$] ./app/javascript/channels sync _channel\.js$ 160 bytes {application} [built]
[./app/javascript/channels/index.js] 211 bytes {application} [built]
[./app/javascript/packs/application.js] 770 bytes {application} [built]
[./node_modules/webpack/buildin/module.js] (webpack)/buildin/module.js 552 bytes {application} [built]
    + 4 hidden modules

ERROR in ./node_modules/bootstrap/dist/js/bootstrap.js
Module not found: Error: Can't resolve 'jquery' in '/home/yadira/Desktop/RUBY_RAILS/myblog/node_modules/bootstrap/dist/js'
 @ ./node_modules/bootstrap/dist/js/bootstrap.js 9:133-150 9:221-272
 @ ./app/javascript/packs/application.js

ERROR in ./node_modules/bootstrap/dist/js/bootstrap.js
Module not found: Error: Can't resolve 'popper.js' in '/home/yadira/Desktop/RUBY_RAILS/myblog/node_modules/bootstrap/dist/js'
 @ ./node_modules/bootstrap/dist/js/bootstrap.js 9:152-172 9:221-272
 @ ./app/javascript/packs/application.js

Completed 200 OK in 36334ms (Views: 36331.9ms | ActiveRecord: 0.0ms | Allocations: 7384)


Started GET "/bienvenido" for 127.0.0.1 at 2020-05-07 17:06:21 -0500
Processing by HomeController#index as HTML
  Rendering home/index.html.erb within layouts/application
  Rendered home/index.html.erb within layouts/application (Duration: 0.1ms | Allocations: 4)
[Webpacker] Everything's up-to-date. Nothing to do
Completed 200 OK in 25ms (Views: 24.0ms | ActiveRecord: 0.0ms | Allocations: 3285)


^[[Dc         ^C- Gracefully stopping, waiting for requests to finish
=== puma shutdown: 2020-05-07 17:30:00 -0500 ===
- Goodbye!
Exiting
]0;yadira@yadira-PC: ~/Desktop/RUBY_RAILS/myblog[01;32myadira@yadira-PC[00m:[01;34m~/Desktop/RUBY_RAILS/myblog[00m$ rails server
=> Booting Puma
=> Rails 6.0.2.2 application starting in development 
=> Run `rails server --help` for more startup options
/home/yadira/.rvm/gems/ruby-2.7.1/gems/actionpack-6.0.2.2/lib/action_dispatch/middleware/stack.rb:37: warning: Using the last argument as keyword parameters is deprecated; maybe ** should be added to the call
/home/yadira/.rvm/gems/ruby-2.7.1/gems/actionpack-6.0.2.2/lib/action_dispatch/middleware/static.rb:110: warning: The called method `initialize' is defined here
Puma starting in single mode...
* Version 4.3.3 (ruby 2.7.1-p83), codename: Mysterious Traveller
* Min threads: 5, max threads: 5
* Environment: development
* Listening on tcp://127.0.0.1:3000
* Listening on tcp://[::1]:3000
Use Ctrl-C to stop
Started GET "/bienvenido" for 127.0.0.1 at 2020-05-07 18:37:36 -0500
  [1m[35m (0.4ms)[0m  [1m[34mSELECT sqlite_version(*)[0m
Processing by HomeController#index as HTML
/home/yadira/.rvm/gems/ruby-2.7.1/gems/activesupport-6.0.2.2/lib/active_support/messages/rotator.rb:28: warning: Using the last argument as keyword parameters is deprecated; maybe ** should be added to the call
/home/yadira/.rvm/gems/ruby-2.7.1/gems/activesupport-6.0.2.2/lib/active_support/messages/rotator.rb:6: warning: The called method `initialize' is defined here
/home/yadira/.rvm/gems/ruby-2.7.1/gems/actionview-6.0.2.2/lib/action_view/view_paths.rb:11: warning: Using the last argument as keyword parameters is deprecated; maybe ** should be added to the call
/home/yadira/.rvm/gems/ruby-2.7.1/gems/actionview-6.0.2.2/lib/action_view/lookup_context.rb:140: warning: The called method `template_exists?' is defined here
/home/yadira/.rvm/gems/ruby-2.7.1/gems/actionview-6.0.2.2/lib/action_view/unbound_template.rb:24: warning: Using the last argument as keyword parameters is deprecated; maybe ** should be added to the call
/home/yadira/.rvm/gems/ruby-2.7.1/gems/actionview-6.0.2.2/lib/action_view/template.rb:130: warning: The called method `initialize' is defined here
  Rendering home/index.html.erb within layouts/application
  Rendered home/index.html.erb within layouts/application (Duration: 0.9ms | Allocations: 187)
/home/yadira/.rvm/gems/ruby-2.7.1/gems/sprockets-4.0.0/lib/sprockets/base.rb:119: warning: Using the last argument as keyword parameters is deprecated; maybe ** should be added to the call
/home/yadira/.rvm/gems/ruby-2.7.1/gems/sprockets-4.0.0/lib/sprockets/base.rb:78: warning: The called method `find_asset' is defined here
Completed 200 OK in 41ms (Views: 31.1ms | ActiveRecord: 0.0ms | Allocations: 5776)


/home/yadira/.rvm/gems/ruby-2.7.1/gems/actionpack-6.0.2.2/lib/action_dispatch/middleware/cookies.rb:635: warning: Using the last argument as keyword parameters is deprecated; maybe ** should be added to the call
/home/yadira/.rvm/gems/ruby-2.7.1/gems/activesupport-6.0.2.2/lib/active_support/message_encryptor.rb:150: warning: The called method `encrypt_and_sign' is defined here
/home/yadira/.rvm/gems/ruby-2.7.1/gems/activesupport-6.0.2.2/lib/active_support/message_encryptor.rb:175: warning: Using the last argument as keyword parameters is deprecated; maybe ** should be added to the call
/home/yadira/.rvm/gems/ruby-2.7.1/gems/activesupport-6.0.2.2/lib/active_support/messages/metadata.rb:17: warning: The called method `wrap' is defined here
Started GET "/bienvenido" for 127.0.0.1 at 2020-05-07 18:37:52 -0500
Processing by HomeController#index as HTML
  Rendering home/index.html.erb within layouts/application
  Rendered home/index.html.erb within layouts/application (Duration: 0.3ms | Allocations: 75)
Completed 200 OK in 17ms (Views: 14.3ms | ActiveRecord: 0.0ms | Allocations: 3067)


^C- Gracefully stopping, waiting for requests to finish
=== puma shutdown: 2020-05-07 19:10:35 -0500 ===
- Goodbye!
Exiting
]0;yadira@yadira-PC: ~/Desktop/RUBY_RAILS/myblog[01;32myadira@yadira-PC[00m:[01;34m~/Desktop/RUBY_RAILS/myblog[00m$ rails generate model Article title:string statu s:integer
Running via Spring preloader in process 12215
[1m[37m      invoke[0m  active_record
[1m[32m      create[0m    db/migrate/20200508001156_create_articles.rb
[1m[32m      create[0m    app/models/article.rb
[1m[37m      invoke[0m    test_unit
[1m[32m      create[0m      test/models/article_test.rb
[1m[32m      create[0m      test/fixtures/articles.yml
]0;yadira@yadira-PC: ~/Desktop/RUBY_RAILS/myblog[01;32myadira@yadira-PC[00m:[01;34m~/Desktop/RUBY_RAILS/myblog[00m$ rails db:migrate
/home/yadira/.rvm/gems/ruby-2.7.1/gems/actionpack-6.0.2.2/lib/action_dispatch/middleware/stack.rb:37: warning: Using the last argument as keyword parameters is deprecated; maybe ** should be added to the call
/home/yadira/.rvm/gems/ruby-2.7.1/gems/actionpack-6.0.2.2/lib/action_dispatch/middleware/static.rb:110: warning: The called method `initialize' is defined here
/home/yadira/.rvm/gems/ruby-2.7.1/gems/activerecord-6.0.2.2/lib/active_record/connection_adapters/sqlite3/schema_statements.rb:91: warning: Using the last argument as keyword parameters is deprecated; maybe ** should be added to the call
/home/yadira/.rvm/gems/ruby-2.7.1/gems/activerecord-6.0.2.2/lib/active_record/connection_adapters/abstract/schema_definitions.rb:260: warning: The called method `initialize' is defined here
/home/yadira/.rvm/gems/ruby-2.7.1/gems/activerecord-6.0.2.2/lib/active_record/schema_migration.rb:34: warning: Using the last argument as keyword parameters is deprecated; maybe ** should be added to the call
/home/yadira/.rvm/gems/ruby-2.7.1/gems/activerecord-6.0.2.2/lib/active_record/connection_adapters/abstract/schema_definitions.rb:227: warning: The called method `string' is defined here
/home/yadira/.rvm/gems/ruby-2.7.1/gems/activerecord-6.0.2.2/lib/active_record/connection_adapters/abstract/schema_definitions.rb:229: warning: Using the last argument as keyword parameters is deprecated; maybe ** should be added to the call
/home/yadira/.rvm/gems/ruby-2.7.1/gems/activerecord-6.0.2.2/lib/active_record/connection_adapters/abstract/schema_definitions.rb:363: warning: The called method `column' is defined here
/home/yadira/.rvm/gems/ruby-2.7.1/gems/activerecord-6.0.2.2/lib/active_record/connection_adapters/abstract/schema_definitions.rb:378: warning: Using the last argument as keyword parameters is deprecated; maybe ** should be added to the call
/home/yadira/.rvm/gems/ruby-2.7.1/gems/activerecord-6.0.2.2/lib/active_record/connection_adapters/abstract/schema_definitions.rb:429: warning: The called method `new_column_definition' is defined here
/home/yadira/.rvm/gems/ruby-2.7.1/gems/activerecord-6.0.2.2/lib/active_record/connection_adapters/abstract/schema_creation.rb:17: warning: Using the last argument as keyword parameters is deprecated; maybe ** should be added to the call
/home/yadira/.rvm/gems/ruby-2.7.1/gems/activerecord-6.0.2.2/lib/active_record/connection_adapters/abstract/schema_statements.rb:1099: warning: The called method `type_to_sql' is defined here
/home/yadira/.rvm/gems/ruby-2.7.1/gems/activerecord-6.0.2.2/lib/active_record/internal_metadata.rb:41: warning: Using the last argument as keyword parameters is deprecated; maybe ** should be added to the call
/home/yadira/.rvm/gems/ruby-2.7.1/gems/activerecord-6.0.2.2/lib/active_record/connection_adapters/abstract/schema_definitions.rb:227: warning: The called method `string' is defined here
/home/yadira/.rvm/gems/ruby-2.7.1/gems/activerecord-6.0.2.2/lib/active_record/connection_adapters/abstract/schema_definitions.rb:411: warning: Using the last argument as keyword parameters is deprecated; maybe ** should be added to the call
/home/yadira/.rvm/gems/ruby-2.7.1/gems/activerecord-6.0.2.2/lib/active_record/connection_adapters/abstract/schema_definitions.rb:363: warning: The called method `column' is defined here
/home/yadira/.rvm/gems/ruby-2.7.1/gems/activerecord-6.0.2.2/lib/active_record/connection_adapters/abstract/schema_definitions.rb:412: warning: Using the last argument as keyword parameters is deprecated; maybe ** should be added to the call
/home/yadira/.rvm/gems/ruby-2.7.1/gems/activerecord-6.0.2.2/lib/active_record/connection_adapters/abstract/schema_definitions.rb:363: warning: The called method `column' is defined here
/home/yadira/.rvm/gems/ruby-2.7.1/gems/activerecord-6.0.2.2/lib/active_record/transactions.rb:212: warning: Using the last argument as keyword parameters is deprecated; maybe ** should be added to the call
/home/yadira/.rvm/gems/ruby-2.7.1/gems/activerecord-6.0.2.2/lib/active_record/connection_adapters/abstract/database_statements.rb:274: warning: The called method `transaction' is defined here
== 20200508001156 CreateArticles: migrating ===================================
-- create_table(:articles)
/home/yadira/.rvm/gems/ruby-2.7.1/gems/activerecord-6.0.2.2/lib/active_record/connection_adapters/abstract/schema_statements.rb:305: warning: Using the last argument as keyword parameters is deprecated; maybe ** should be added to the call
/home/yadira/.rvm/gems/ruby-2.7.1/gems/activerecord-6.0.2.2/lib/active_record/connection_adapters/abstract/schema_definitions.rb:201: warning: The called method `primary_key' is defined here
/home/yadira/.rvm/gems/ruby-2.7.1/gems/activerecord-6.0.2.2/lib/active_record/connection_adapters/abstract/schema_definitions.rb:202: warning: Using the last argument as keyword parameters is deprecated; maybe ** should be added to the call
/home/yadira/.rvm/gems/ruby-2.7.1/gems/activerecord-6.0.2.2/lib/active_record/connection_adapters/abstract/schema_definitions.rb:363: warning: The called method `column' is defined here
/home/yadira/.rvm/gems/ruby-2.7.1/gems/activerecord-6.0.2.2/lib/active_record/connection_adapters/abstract/schema_definitions.rb:229: warning: Using the last argument as keyword parameters is deprecated; maybe ** should be added to the call
/home/yadira/.rvm/gems/ruby-2.7.1/gems/activerecord-6.0.2.2/lib/active_record/connection_adapters/abstract/schema_definitions.rb:363: warning: The called method `column' is defined here
   -> 0.0041s
== 20200508001156 CreateArticles: migrated (0.0048s) ==========================

/home/yadira/.rvm/gems/ruby-2.7.1/gems/activerecord-6.0.2.2/lib/active_record/persistence.rb:503: warning: Using the last argument as keyword parameters is deprecated; maybe ** should be added to the call
/home/yadira/.rvm/gems/ruby-2.7.1/gems/activerecord-6.0.2.2/lib/active_record/timestamp.rb:127: warning: The called method `create_or_update' is defined here
/home/yadira/.rvm/gems/ruby-2.7.1/gems/activemodel-6.0.2.2/lib/active_model/type/integer.rb:13: warning: Using the last argument as keyword parameters is deprecated; maybe ** should be added to the call
/home/yadira/.rvm/gems/ruby-2.7.1/gems/activemodel-6.0.2.2/lib/active_model/type/value.rb:8: warning: The called method `initialize' is defined here
]0;yadira@yadira-PC: ~/Desktop/RUBY_RAILS/myblog[01;32myadira@yadira-PC[00m:[01;34m~/Desktop/RUBY_RAILS/myblog[00m$ [K]0;yadira@yadira-PC: ~/Desktop/RUBY_RAILS/myblog[01;32myadira@yadira-PC[00m:[01;34m~/Desktop/RUBY_RAILS/myblog[00m$ [K]0;yadira@yadira-PC: ~/Desktop/RUBY_RAILS/myblog[01;32myadira@yadira-PC[00m:[01;34m~/Desktop/RUBY_RAILS/myblog[00m$ [K]0;yadira@yadira-PC: ~/Desktop/RUBY_RAILS/myblog[01;32myadira@yadira-PC[00m:[01;34m~/Desktop/RUBY_RAILS/myblog[00m$ rails server
=> Booting Puma
=> Rails 6.0.2.2 application starting in development 
=> Run `rails server --help` for more startup options
/home/yadira/.rvm/gems/ruby-2.7.1/gems/actionpack-6.0.2.2/lib/action_dispatch/middleware/stack.rb:37: warning: Using the last argument as keyword parameters is deprecated; maybe ** should be added to the call
/home/yadira/.rvm/gems/ruby-2.7.1/gems/actionpack-6.0.2.2/lib/action_dispatch/middleware/static.rb:110: warning: The called method `initialize' is defined here
Puma starting in single mode...
* Version 4.3.3 (ruby 2.7.1-p83), codename: Mysterious Traveller
* Min threads: 5, max threads: 5
* Environment: development
* Listening on tcp://127.0.0.1:3000
* Listening on tcp://[::1]:3000
Use Ctrl-C to stop
Started GET "/bienvenido" for 127.0.0.1 at 2020-05-07 19:21:26 -0500
  [1m[35m (0.8ms)[0m  [1m[34mSELECT sqlite_version(*)[0m
  [1m[35m (0.2ms)[0m  [1m[34mSELECT "schema_migrations"."version" FROM "schema_migrations" ORDER BY "schema_migrations"."version" ASC[0m
Processing by HomeController#index as HTML
/home/yadira/.rvm/gems/ruby-2.7.1/gems/activesupport-6.0.2.2/lib/active_support/messages/rotator.rb:28: warning: Using the last argument as keyword parameters is deprecated; maybe ** should be added to the call
/home/yadira/.rvm/gems/ruby-2.7.1/gems/activesupport-6.0.2.2/lib/active_support/messages/rotator.rb:6: warning: The called method `initialize' is defined here
/home/yadira/.rvm/gems/ruby-2.7.1/gems/actionview-6.0.2.2/lib/action_view/view_paths.rb:11: warning: Using the last argument as keyword parameters is deprecated; maybe ** should be added to the call
/home/yadira/.rvm/gems/ruby-2.7.1/gems/actionview-6.0.2.2/lib/action_view/lookup_context.rb:140: warning: The called method `template_exists?' is defined here
/home/yadira/.rvm/gems/ruby-2.7.1/gems/actionview-6.0.2.2/lib/action_view/unbound_template.rb:24: warning: Using the last argument as keyword parameters is deprecated; maybe ** should be added to the call
/home/yadira/.rvm/gems/ruby-2.7.1/gems/actionview-6.0.2.2/lib/action_view/template.rb:130: warning: The called method `initialize' is defined here
  Rendering home/index.html.erb within layouts/application
  Rendered home/index.html.erb within layouts/application (Duration: 0.9ms | Allocations: 186)
/home/yadira/.rvm/gems/ruby-2.7.1/gems/sprockets-4.0.0/lib/sprockets/base.rb:119: warning: Using the last argument as keyword parameters is deprecated; maybe ** should be added to the call
/home/yadira/.rvm/gems/ruby-2.7.1/gems/sprockets-4.0.0/lib/sprockets/base.rb:78: warning: The called method `find_asset' is defined here
[Webpacker] Compiling...
[Webpacker] Compiled all packs in /home/yadira/Desktop/RUBY_RAILS/myblog/public/packs
[Webpacker] Hash: 9beb729079c11b7ecb75
Version: webpack 4.43.0
Time: 5177ms
Built at: 05/07/2020 7:21:33 PM
                                     Asset       Size       Chunks                         Chunk Names
    js/application-c54e03afc54b4bc954e6.js    1.3 MiB  application  [emitted] [immutable]  application
js/application-c54e03afc54b4bc954e6.js.map   1.43 MiB  application  [emitted] [dev]        application
                             manifest.json  364 bytes               [emitted]              
Entrypoint application = js/application-c54e03afc54b4bc954e6.js js/application-c54e03afc54b4bc954e6.js.map
[./app/javascript/channels sync recursive _channel\.js$] ./app/javascript/channels sync _channel\.js$ 160 bytes {application} [built]
[./app/javascript/channels/index.js] 211 bytes {application} [built]
[./app/javascript/css/style.scss] 658 bytes {application} [built]
[./app/javascript/packs/application.js] 790 bytes {application} [built]
[./node_modules/css-loader/dist/cjs.js?!./node_modules/postcss-loader/src/index.js?!./node_modules/sass-loader/dist/cjs.js?!./app/javascript/css/style.scss] ./node_modules/css-loader/dist/cjs.js??ref--7-1!./node_modules/postcss-loader/src??ref--7-2!./node_modules/sass-loader/dist/cjs.js??ref--7-3!./app/javascript/css/style.scss 661 KiB {application} [built]
[./node_modules/webpack/buildin/global.js] (webpack)/buildin/global.js 905 bytes {application} [built]
[./node_modules/webpack/buildin/module.js] (webpack)/buildin/module.js 552 bytes {application} [built]
    + 8 hidden modules

Completed 200 OK in 6981ms (Views: 6969.0ms | ActiveRecord: 0.0ms | Allocations: 8196)


/home/yadira/.rvm/gems/ruby-2.7.1/gems/actionpack-6.0.2.2/lib/action_dispatch/middleware/cookies.rb:635: warning: Using the last argument as keyword parameters is deprecated; maybe ** should be added to the call
/home/yadira/.rvm/gems/ruby-2.7.1/gems/activesupport-6.0.2.2/lib/active_support/message_encryptor.rb:150: warning: The called method `encrypt_and_sign' is defined here
/home/yadira/.rvm/gems/ruby-2.7.1/gems/activesupport-6.0.2.2/lib/active_support/message_encryptor.rb:175: warning: Using the last argument as keyword parameters is deprecated; maybe ** should be added to the call
/home/yadira/.rvm/gems/ruby-2.7.1/gems/activesupport-6.0.2.2/lib/active_support/messages/metadata.rb:17: warning: The called method `wrap' is defined here
^C- Gracefully stopping, waiting for requests to finish
=== puma shutdown: 2020-05-08 17:28:39 -0500 ===
- Goodbye!
Exiting
]0;yadira@yadira-PC: ~/Desktop/RUBY_RAILS/myblog[01;32myadira@yadira-PC[00m:[01;34m~/Desktop/RUBY_RAILS/myblog[00m$ rails generae[Kte contri[Koller Articles
Running via Spring preloader in process 25933
[1m[32m      create[0m  app/controllers/articles_controller.rb
[1m[37m      invoke[0m  erb
[1m[32m      create[0m    app/views/articles
[1m[37m      invoke[0m  test_unit
[1m[32m      create[0m    test/controllers/articles_controller_test.rb
[1m[37m      invoke[0m  helper
[1m[32m      create[0m    app/helpers/articles_helper.rb
[1m[37m      invoke[0m    test_unit
[1m[37m      invoke[0m  assets
[1m[37m      invoke[0m    scss
[1m[32m      create[0m      app/assets/stylesheets/articles.scss
]0;yadira@yadira-PC: ~/Desktop/RUBY_RAILS/myblog[01;32myadira@yadira-PC[00m:[01;34m~/Desktop/RUBY_RAILS/myblog[00m$ rails generate controller Articles[K[K[K[K[K[K[K[K[K[K[K[K[K[K[K[K[K[K[K[K[K[K[K[K[K[K[K[K[K[K[K[K[K[K[K]0;yadira@yadira-PC: ~/Desktop/RUBY_RAILS/myblog[01;32myadira@yadira-PC[00m:[01;34m~/Desktop/RUBY_RAILS/myblog[00m$ [K]0;yadira@yadira-PC: ~/Desktop/RUBY_RAILS/myblog[01;32myadira@yadira-PC[00m:[01;34m~/Desktop/RUBY_RAILS/myblog[00m$ raisl[K[K[Kis[Kls server
=> Booting Puma
=> Rails 6.0.2.2 application starting in development 
=> Run `rails server --help` for more startup options
/home/yadira/.rvm/gems/ruby-2.7.1/gems/actionpack-6.0.2.2/lib/action_dispatch/middleware/stack.rb:37: warning: Using the last argument as keyword parameters is deprecated; maybe ** should be added to the call
/home/yadira/.rvm/gems/ruby-2.7.1/gems/actionpack-6.0.2.2/lib/action_dispatch/middleware/static.rb:110: warning: The called method `initialize' is defined here
Exiting
[1mTraceback[m (most recent call last):
	92: from bin/rails:3:in `<main>'
	91: from bin/rails:3:in `load'
	90: from /home/yadira/Desktop/RUBY_RAILS/myblog/bin/spring:15:in `<top (required)>'
	89: from /home/yadira/Desktop/RUBY_RAILS/myblog/bin/spring:15:in `require'
	88: from /home/yadira/.rvm/gems/ruby-2.7.1/gems/spring-2.1.0/lib/spring/binstub.rb:11:in `<top (required)>'
	87: from /home/yadira/.rvm/gems/ruby-2.7.1/gems/spring-2.1.0/lib/spring/binstub.rb:11:in `load'
	86: from /home/yadira/.rvm/gems/ruby-2.7.1/gems/spring-2.1.0/bin/spring:49:in `<top (required)>'
	85: from /home/yadira/.rvm/gems/ruby-2.7.1/gems/spring-2.1.0/lib/spring/client.rb:30:in `run'
	84: from /home/yadira/.rvm/gems/ruby-2.7.1/gems/spring-2.1.0/lib/spring/client/command.rb:7:in `call'
	83: from /home/yadira/.rvm/gems/ruby-2.7.1/gems/spring-2.1.0/lib/spring/client/rails.rb:28:in `call'
	82: from /home/yadira/.rvm/gems/ruby-2.7.1/gems/spring-2.1.0/lib/spring/client/rails.rb:28:in `load'
	81: from /home/yadira/Desktop/RUBY_RAILS/myblog/bin/rails:9:in `<top (required)>'
	80: from /home/yadira/.rvm/gems/ruby-2.7.1/gems/activesupport-6.0.2.2/lib/active_support/dependencies.rb:325:in `require'
	79: from /home/yadira/.rvm/gems/ruby-2.7.1/gems/activesupport-6.0.2.2/lib/active_support/dependencies.rb:291:in `load_dependency'
	78: from /home/yadira/.rvm/gems/ruby-2.7.1/gems/activesupport-6.0.2.2/lib/active_support/dependencies.rb:325:in `block in require'
	77: from /home/yadira/.rvm/gems/ruby-2.7.1/gems/bootsnap-1.4.6/lib/bootsnap/load_path_cache/core_ext/kernel_require.rb:31:in `require'
	76: from /home/yadira/.rvm/gems/ruby-2.7.1/gems/bootsnap-1.4.6/lib/bootsnap/load_path_cache/core_ext/kernel_require.rb:22:in `require_with_bootsnap_lfi'
	75: from /home/yadira/.rvm/gems/ruby-2.7.1/gems/bootsnap-1.4.6/lib/bootsnap/load_path_cache/loaded_features_index.rb:92:in `register'
	74: from /home/yadira/.rvm/gems/ruby-2.7.1/gems/bootsnap-1.4.6/lib/bootsnap/load_path_cache/core_ext/kernel_require.rb:23:in `block in require_with_bootsnap_lfi'
	73: from /home/yadira/.rvm/gems/ruby-2.7.1/gems/bootsnap-1.4.6/lib/bootsnap/load_path_cache/core_ext/kernel_require.rb:23:in `require'
	72: from /home/yadira/.rvm/gems/ruby-2.7.1/gems/railties-6.0.2.2/lib/rails/commands.rb:18:in `<main>'
	71: from /home/yadira/.rvm/gems/ruby-2.7.1/gems/railties-6.0.2.2/lib/rails/command.rb:46:in `invoke'
	70: from /home/yadira/.rvm/gems/ruby-2.7.1/gems/railties-6.0.2.2/lib/rails/command/base.rb:69:in `perform'
	69: from /home/yadira/.rvm/gems/ruby-2.7.1/gems/thor-1.0.1/lib/thor.rb:392:in `dispatch'
	68: from /home/yadira/.rvm/gems/ruby-2.7.1/gems/thor-1.0.1/lib/thor/invocation.rb:127:in `invoke_command'
	67: from /home/yadira/.rvm/gems/ruby-2.7.1/gems/thor-1.0.1/lib/thor/command.rb:27:in `run'
	66: from /home/yadira/.rvm/gems/ruby-2.7.1/gems/railties-6.0.2.2/lib/rails/commands/server/server_command.rb:138:in `perform'
	65: from /home/yadira/.rvm/gems/ruby-2.7.1/gems/railties-6.0.2.2/lib/rails/commands/server/server_command.rb:138:in `tap'
	64: from /home/yadira/.rvm/gems/ruby-2.7.1/gems/railties-6.0.2.2/lib/rails/commands/server/server_command.rb:147:in `block in perform'
	63: from /home/yadira/.rvm/gems/ruby-2.7.1/gems/railties-6.0.2.2/lib/rails/commands/server/server_command.rb:37:in `start'
	62: from /home/yadira/.rvm/gems/ruby-2.7.1/gems/railties-6.0.2.2/lib/rails/commands/server/server_command.rb:77:in `log_to_stdout'
	61: from /home/yadira/.rvm/gems/ruby-2.7.1/gems/rack-2.2.2/lib/rack/server.rb:422:in `wrapped_app'
	60: from /home/yadira/.rvm/gems/ruby-2.7.1/gems/rack-2.2.2/lib/rack/server.rb:249:in `app'
	59: from /home/yadira/.rvm/gems/ruby-2.7.1/gems/rack-2.2.2/lib/rack/server.rb:349:in `build_app_and_options_from_config'
	58: from /home/yadira/.rvm/gems/ruby-2.7.1/gems/rack-2.2.2/lib/rack/builder.rb:66:in `parse_file'
	57: from /home/yadira/.rvm/gems/ruby-2.7.1/gems/rack-2.2.2/lib/rack/builder.rb:105:in `load_file'
	56: from /home/yadira/.rvm/gems/ruby-2.7.1/gems/rack-2.2.2/lib/rack/builder.rb:116:in `new_from_string'
	55: from /home/yadira/.rvm/gems/ruby-2.7.1/gems/rack-2.2.2/lib/rack/builder.rb:116:in `eval'
	54: from config.ru:3:in `block in <main>'
	53: from /home/yadira/.rvm/gems/ruby-2.7.1/gems/bootsnap-1.4.6/lib/bootsnap/load_path_cache/core_ext/kernel_require.rb:49:in `require_relative'
	52: from /home/yadira/.rvm/gems/ruby-2.7.1/gems/activesupport-6.0.2.2/lib/active_support/dependencies.rb:325:in `require'
	51: from /home/yadira/.rvm/gems/ruby-2.7.1/gems/activesupport-6.0.2.2/lib/active_support/dependencies.rb:291:in `load_dependency'
	50: from /home/yadira/.rvm/gems/ruby-2.7.1/gems/activesupport-6.0.2.2/lib/active_support/dependencies.rb:325:in `block in require'
	49: from /home/yadira/.rvm/gems/ruby-2.7.1/gems/zeitwerk-2.3.0/lib/zeitwerk/kernel.rb:23:in `require'
	48: from /home/yadira/.rvm/gems/ruby-2.7.1/gems/bootsnap-1.4.6/lib/bootsnap/load_path_cache/core_ext/kernel_require.rb:31:in `require'
	47: from /home/yadira/.rvm/gems/ruby-2.7.1/gems/bootsnap-1.4.6/lib/bootsnap/load_path_cache/core_ext/kernel_require.rb:22:in `require_with_bootsnap_lfi'
	46: from /home/yadira/.rvm/gems/ruby-2.7.1/gems/bootsnap-1.4.6/lib/bootsnap/load_path_cache/loaded_features_index.rb:92:in `register'
	45: from /home/yadira/.rvm/gems/ruby-2.7.1/gems/bootsnap-1.4.6/lib/bootsnap/load_path_cache/core_ext/kernel_require.rb:23:in `block in require_with_bootsnap_lfi'
	44: from /home/yadira/.rvm/gems/ruby-2.7.1/gems/bootsnap-1.4.6/lib/bootsnap/load_path_cache/core_ext/kernel_require.rb:23:in `require'
	43: from /home/yadira/Desktop/RUBY_RAILS/myblog/config/environment.rb:5:in `<main>'
	42: from /home/yadira/.rvm/gems/ruby-2.7.1/gems/railties-6.0.2.2/lib/rails/application.rb:363:in `initialize!'
	41: from /home/yadira/.rvm/gems/ruby-2.7.1/gems/railties-6.0.2.2/lib/rails/initializable.rb:60:in `run_initializers'
	40: from /home/yadira/.rvm/rubies/ruby-2.7.1/lib/ruby/2.7.0/tsort.rb:205:in `tsort_each'
	39: from /home/yadira/.rvm/rubies/ruby-2.7.1/lib/ruby/2.7.0/tsort.rb:226:in `tsort_each'
	38: from /home/yadira/.rvm/rubies/ruby-2.7.1/lib/ruby/2.7.0/tsort.rb:347:in `each_strongly_connected_component'
	37: from /home/yadira/.rvm/rubies/ruby-2.7.1/lib/ruby/2.7.0/tsort.rb:347:in `call'
	36: from /home/yadira/.rvm/rubies/ruby-2.7.1/lib/ruby/2.7.0/tsort.rb:347:in `each'
	35: from /home/yadira/.rvm/rubies/ruby-2.7.1/lib/ruby/2.7.0/tsort.rb:349:in `block in each_strongly_connected_component'
	34: from /home/yadira/.rvm/rubies/ruby-2.7.1/lib/ruby/2.7.0/tsort.rb:431:in `each_strongly_connected_component_from'
	33: from /home/yadira/.rvm/rubies/ruby-2.7.1/lib/ruby/2.7.0/tsort.rb:350:in `block (2 levels) in each_strongly_connected_component'
	32: from /home/yadira/.rvm/rubies/ruby-2.7.1/lib/ruby/2.7.0/tsort.rb:228:in `block in tsort_each'
	31: from /home/yadira/.rvm/gems/ruby-2.7.1/gems/railties-6.0.2.2/lib/rails/initializable.rb:61:in `block in run_initializers'
	30: from /home/yadira/.rvm/gems/ruby-2.7.1/gems/railties-6.0.2.2/lib/rails/initializable.rb:32:in `run'
	29: from /home/yadira/.rvm/gems/ruby-2.7.1/gems/railties-6.0.2.2/lib/rails/initializable.rb:32:in `instance_exec'
	28: from /home/yadira/.rvm/gems/ruby-2.7.1/gems/railties-6.0.2.2/lib/rails/application/finisher.rb:184:in `block in <module:Finisher>'
	27: from /home/yadira/.rvm/gems/ruby-2.7.1/gems/railties-6.0.2.2/lib/rails/application/routes_reloader.rb:10:in `execute'
	26: from /home/yadira/.rvm/gems/ruby-2.7.1/gems/activesupport-6.0.2.2/lib/active_support/file_update_checker.rb:83:in `execute'
	25: from /home/yadira/.rvm/gems/ruby-2.7.1/gems/railties-6.0.2.2/lib/rails/application/routes_reloader.rb:30:in `block in updater'
	24: from /home/yadira/.rvm/gems/ruby-2.7.1/gems/railties-6.0.2.2/lib/rails/application/routes_reloader.rb:20:in `reload!'
	23: from /home/yadira/.rvm/gems/ruby-2.7.1/gems/railties-6.0.2.2/lib/rails/application/routes_reloader.rb:41:in `load_paths'
	22: from /home/yadira/.rvm/gems/ruby-2.7.1/gems/railties-6.0.2.2/lib/rails/application/routes_reloader.rb:41:in `each'
	21: from /home/yadira/.rvm/gems/ruby-2.7.1/gems/railties-6.0.2.2/lib/rails/application/routes_reloader.rb:41:in `block in load_paths'
	20: from /home/yadira/.rvm/gems/ruby-2.7.1/gems/bootsnap-1.4.6/lib/bootsnap/load_path_cache/core_ext/kernel_require.rb:55:in `load'
	19: from /home/yadira/.rvm/gems/ruby-2.7.1/gems/bootsnap-1.4.6/lib/bootsnap/load_path_cache/core_ext/kernel_require.rb:55:in `load'
	18: from /home/yadira/Desktop/RUBY_RAILS/myblog/config/routes.rb:1:in `<main>'
	17: from /home/yadira/.rvm/gems/ruby-2.7.1/gems/actionpack-6.0.2.2/lib/action_dispatch/routing/route_set.rb:411:in `draw'
	16: from /home/yadira/.rvm/gems/ruby-2.7.1/gems/actionpack-6.0.2.2/lib/action_dispatch/routing/route_set.rb:429:in `eval_block'
	15: from /home/yadira/.rvm/gems/ruby-2.7.1/gems/actionpack-6.0.2.2/lib/action_dispatch/routing/route_set.rb:429:in `instance_exec'
	14: from /home/yadira/Desktop/RUBY_RAILS/myblog/config/routes.rb:5:in `block in <main>'
	13: from /home/yadira/.rvm/gems/ruby-2.7.1/gems/actionpack-6.0.2.2/lib/action_dispatch/routing/mapper.rb:712:in `get'
	12: from /home/yadira/.rvm/gems/ruby-2.7.1/gems/actionpack-6.0.2.2/lib/action_dispatch/routing/mapper.rb:751:in `map_method'
	11: from /home/yadira/.rvm/gems/ruby-2.7.1/gems/actionpack-6.0.2.2/lib/action_dispatch/routing/mapper.rb:1633:in `match'
	10: from /home/yadira/.rvm/gems/ruby-2.7.1/gems/actionpack-6.0.2.2/lib/action_dispatch/routing/mapper.rb:1886:in `map_match'
	 9: from /home/yadira/.rvm/gems/ruby-2.7.1/gems/actionpack-6.0.2.2/lib/action_dispatch/routing/mapper.rb:1886:in `each'
	 8: from /home/yadira/.rvm/gems/ruby-2.7.1/gems/actionpack-6.0.2.2/lib/action_dispatch/routing/mapper.rb:1892:in `block in map_match'
	 7: from /home/yadira/.rvm/gems/ruby-2.7.1/gems/actionpack-6.0.2.2/lib/action_dispatch/routing/mapper.rb:1928:in `decomposed_match'
	 6: from /home/yadira/.rvm/gems/ruby-2.7.1/gems/actionpack-6.0.2.2/lib/action_dispatch/routing/mapper.rb:1956:in `add_route'
	 5: from /home/yadira/.rvm/gems/ruby-2.7.1/gems/actionpack-6.0.2.2/lib/action_dispatch/routing/mapper.rb:83:in `build'
	 4: from /home/yadira/.rvm/gems/ruby-2.7.1/gems/actionpack-6.0.2.2/lib/action_dispatch/routing/mapper.rb:83:in `new'
	 3: from /home/yadira/.rvm/gems/ruby-2.7.1/gems/actionpack-6.0.2.2/lib/action_dispatch/routing/mapper.rb:131:in `initialize'
	 2: from /home/yadira/.rvm/gems/ruby-2.7.1/gems/actionpack-6.0.2.2/lib/action_dispatch/routing/mapper.rb:262:in `normalize_options!'
	 1: from /home/yadira/.rvm/gems/ruby-2.7.1/gems/actionpack-6.0.2.2/lib/action_dispatch/routing/mapper.rb:317:in `check_controller_and_action'
/home/yadira/.rvm/gems/ruby-2.7.1/gems/actionpack-6.0.2.2/lib/action_dispatch/routing/mapper.rb:337:in `check_part': [1mMissing :controller key on routes definition, please check your routes. ([1;4mArgumentError[m[1m)[m
]0;yadira@yadira-PC: ~/Desktop/RUBY_RAILS/myblog[01;32myadira@yadira-PC[00m:[01;34m~/Desktop/RUBY_RAILS/myblog[00m$ [K]0;yadira@yadira-PC: ~/Desktop/RUBY_RAILS/myblog[01;32myadira@yadira-PC[00m:[01;34m~/Desktop/RUBY_RAILS/myblog[00m$ rails server
=> Booting Puma
=> Rails 6.0.2.2 application starting in development 
=> Run `rails server --help` for more startup options
/home/yadira/.rvm/gems/ruby-2.7.1/gems/actionpack-6.0.2.2/lib/action_dispatch/middleware/stack.rb:37: warning: Using the last argument as keyword parameters is deprecated; maybe ** should be added to the call
/home/yadira/.rvm/gems/ruby-2.7.1/gems/actionpack-6.0.2.2/lib/action_dispatch/middleware/static.rb:110: warning: The called method `initialize' is defined here
Puma starting in single mode...
* Version 4.3.3 (ruby 2.7.1-p83), codename: Mysterious Traveller
* Min threads: 5, max threads: 5
* Environment: development
* Listening on tcp://127.0.0.1:3000
* Listening on tcp://[::1]:3000
Use Ctrl-C to stop
^C- Gracefully stopping, waiting for requests to finish
=== puma shutdown: 2020-05-13 19:07:03 -0500 ===
- Goodbye!
Exiting
]0;yadira@yadira-PC: ~/Desktop/RUBY_RAILS/myblog[01;32myadira@yadira-PC[00m:[01;34m~/Desktop/RUBY_RAILS/myblog[00m$ ri[Kuby [K[K[K[K[Krails server
=> Booting Puma
=> Rails 6.0.2.2 application starting in development 
=> Run `rails server --help` for more startup options
/home/yadira/.rvm/gems/ruby-2.7.1/gems/actionpack-6.0.2.2/lib/action_dispatch/middleware/stack.rb:37: warning: Using the last argument as keyword parameters is deprecated; maybe ** should be added to the call
/home/yadira/.rvm/gems/ruby-2.7.1/gems/actionpack-6.0.2.2/lib/action_dispatch/middleware/static.rb:110: warning: The called method `initialize' is defined here
Exiting
[1mTraceback[m (most recent call last):
	92: from bin/rails:3:in `<main>'
	91: from bin/rails:3:in `load'
	90: from /home/yadira/Desktop/RUBY_RAILS/myblog/bin/spring:15:in `<top (required)>'
	89: from /home/yadira/Desktop/RUBY_RAILS/myblog/bin/spring:15:in `require'
	88: from /home/yadira/.rvm/gems/ruby-2.7.1/gems/spring-2.1.0/lib/spring/binstub.rb:11:in `<top (required)>'
	87: from /home/yadira/.rvm/gems/ruby-2.7.1/gems/spring-2.1.0/lib/spring/binstub.rb:11:in `load'
	86: from /home/yadira/.rvm/gems/ruby-2.7.1/gems/spring-2.1.0/bin/spring:49:in `<top (required)>'
	85: from /home/yadira/.rvm/gems/ruby-2.7.1/gems/spring-2.1.0/lib/spring/client.rb:30:in `run'
	84: from /home/yadira/.rvm/gems/ruby-2.7.1/gems/spring-2.1.0/lib/spring/client/command.rb:7:in `call'
	83: from /home/yadira/.rvm/gems/ruby-2.7.1/gems/spring-2.1.0/lib/spring/client/rails.rb:28:in `call'
	82: from /home/yadira/.rvm/gems/ruby-2.7.1/gems/spring-2.1.0/lib/spring/client/rails.rb:28:in `load'
	81: from /home/yadira/Desktop/RUBY_RAILS/myblog/bin/rails:9:in `<top (required)>'
	80: from /home/yadira/.rvm/gems/ruby-2.7.1/gems/activesupport-6.0.2.2/lib/active_support/dependencies.rb:325:in `require'
	79: from /home/yadira/.rvm/gems/ruby-2.7.1/gems/activesupport-6.0.2.2/lib/active_support/dependencies.rb:291:in `load_dependency'
	78: from /home/yadira/.rvm/gems/ruby-2.7.1/gems/activesupport-6.0.2.2/lib/active_support/dependencies.rb:325:in `block in require'
	77: from /home/yadira/.rvm/gems/ruby-2.7.1/gems/bootsnap-1.4.6/lib/bootsnap/load_path_cache/core_ext/kernel_require.rb:31:in `require'
	76: from /home/yadira/.rvm/gems/ruby-2.7.1/gems/bootsnap-1.4.6/lib/bootsnap/load_path_cache/core_ext/kernel_require.rb:22:in `require_with_bootsnap_lfi'
	75: from /home/yadira/.rvm/gems/ruby-2.7.1/gems/bootsnap-1.4.6/lib/bootsnap/load_path_cache/loaded_features_index.rb:92:in `register'
	74: from /home/yadira/.rvm/gems/ruby-2.7.1/gems/bootsnap-1.4.6/lib/bootsnap/load_path_cache/core_ext/kernel_require.rb:23:in `block in require_with_bootsnap_lfi'
	73: from /home/yadira/.rvm/gems/ruby-2.7.1/gems/bootsnap-1.4.6/lib/bootsnap/load_path_cache/core_ext/kernel_require.rb:23:in `require'
	72: from /home/yadira/.rvm/gems/ruby-2.7.1/gems/railties-6.0.2.2/lib/rails/commands.rb:18:in `<main>'
	71: from /home/yadira/.rvm/gems/ruby-2.7.1/gems/railties-6.0.2.2/lib/rails/command.rb:46:in `invoke'
	70: from /home/yadira/.rvm/gems/ruby-2.7.1/gems/railties-6.0.2.2/lib/rails/command/base.rb:69:in `perform'
	69: from /home/yadira/.rvm/gems/ruby-2.7.1/gems/thor-1.0.1/lib/thor.rb:392:in `dispatch'
	68: from /home/yadira/.rvm/gems/ruby-2.7.1/gems/thor-1.0.1/lib/thor/invocation.rb:127:in `invoke_command'
	67: from /home/yadira/.rvm/gems/ruby-2.7.1/gems/thor-1.0.1/lib/thor/command.rb:27:in `run'
	66: from /home/yadira/.rvm/gems/ruby-2.7.1/gems/railties-6.0.2.2/lib/rails/commands/server/server_command.rb:138:in `perform'
	65: from /home/yadira/.rvm/gems/ruby-2.7.1/gems/railties-6.0.2.2/lib/rails/commands/server/server_command.rb:138:in `tap'
	64: from /home/yadira/.rvm/gems/ruby-2.7.1/gems/railties-6.0.2.2/lib/rails/commands/server/server_command.rb:147:in `block in perform'
	63: from /home/yadira/.rvm/gems/ruby-2.7.1/gems/railties-6.0.2.2/lib/rails/commands/server/server_command.rb:37:in `start'
	62: from /home/yadira/.rvm/gems/ruby-2.7.1/gems/railties-6.0.2.2/lib/rails/commands/server/server_command.rb:77:in `log_to_stdout'
	61: from /home/yadira/.rvm/gems/ruby-2.7.1/gems/rack-2.2.2/lib/rack/server.rb:422:in `wrapped_app'
	60: from /home/yadira/.rvm/gems/ruby-2.7.1/gems/rack-2.2.2/lib/rack/server.rb:249:in `app'
	59: from /home/yadira/.rvm/gems/ruby-2.7.1/gems/rack-2.2.2/lib/rack/server.rb:349:in `build_app_and_options_from_config'
	58: from /home/yadira/.rvm/gems/ruby-2.7.1/gems/rack-2.2.2/lib/rack/builder.rb:66:in `parse_file'
	57: from /home/yadira/.rvm/gems/ruby-2.7.1/gems/rack-2.2.2/lib/rack/builder.rb:105:in `load_file'
	56: from /home/yadira/.rvm/gems/ruby-2.7.1/gems/rack-2.2.2/lib/rack/builder.rb:116:in `new_from_string'
	55: from /home/yadira/.rvm/gems/ruby-2.7.1/gems/rack-2.2.2/lib/rack/builder.rb:116:in `eval'
	54: from config.ru:3:in `block in <main>'
	53: from /home/yadira/.rvm/gems/ruby-2.7.1/gems/bootsnap-1.4.6/lib/bootsnap/load_path_cache/core_ext/kernel_require.rb:49:in `require_relative'
	52: from /home/yadira/.rvm/gems/ruby-2.7.1/gems/activesupport-6.0.2.2/lib/active_support/dependencies.rb:325:in `require'
	51: from /home/yadira/.rvm/gems/ruby-2.7.1/gems/activesupport-6.0.2.2/lib/active_support/dependencies.rb:291:in `load_dependency'
	50: from /home/yadira/.rvm/gems/ruby-2.7.1/gems/activesupport-6.0.2.2/lib/active_support/dependencies.rb:325:in `block in require'
	49: from /home/yadira/.rvm/gems/ruby-2.7.1/gems/zeitwerk-2.3.0/lib/zeitwerk/kernel.rb:23:in `require'
	48: from /home/yadira/.rvm/gems/ruby-2.7.1/gems/bootsnap-1.4.6/lib/bootsnap/load_path_cache/core_ext/kernel_require.rb:31:in `require'
	47: from /home/yadira/.rvm/gems/ruby-2.7.1/gems/bootsnap-1.4.6/lib/bootsnap/load_path_cache/core_ext/kernel_require.rb:22:in `require_with_bootsnap_lfi'
	46: from /home/yadira/.rvm/gems/ruby-2.7.1/gems/bootsnap-1.4.6/lib/bootsnap/load_path_cache/loaded_features_index.rb:92:in `register'
	45: from /home/yadira/.rvm/gems/ruby-2.7.1/gems/bootsnap-1.4.6/lib/bootsnap/load_path_cache/core_ext/kernel_require.rb:23:in `block in require_with_bootsnap_lfi'
	44: from /home/yadira/.rvm/gems/ruby-2.7.1/gems/bootsnap-1.4.6/lib/bootsnap/load_path_cache/core_ext/kernel_require.rb:23:in `require'
	43: from /home/yadira/Desktop/RUBY_RAILS/myblog/config/environment.rb:5:in `<main>'
	42: from /home/yadira/.rvm/gems/ruby-2.7.1/gems/railties-6.0.2.2/lib/rails/application.rb:363:in `initialize!'
	41: from /home/yadira/.rvm/gems/ruby-2.7.1/gems/railties-6.0.2.2/lib/rails/initializable.rb:60:in `run_initializers'
	40: from /home/yadira/.rvm/rubies/ruby-2.7.1/lib/ruby/2.7.0/tsort.rb:205:in `tsort_each'
	39: from /home/yadira/.rvm/rubies/ruby-2.7.1/lib/ruby/2.7.0/tsort.rb:226:in `tsort_each'
	38: from /home/yadira/.rvm/rubies/ruby-2.7.1/lib/ruby/2.7.0/tsort.rb:347:in `each_strongly_connected_component'
	37: from /home/yadira/.rvm/rubies/ruby-2.7.1/lib/ruby/2.7.0/tsort.rb:347:in `call'
	36: from /home/yadira/.rvm/rubies/ruby-2.7.1/lib/ruby/2.7.0/tsort.rb:347:in `each'
	35: from /home/yadira/.rvm/rubies/ruby-2.7.1/lib/ruby/2.7.0/tsort.rb:349:in `block in each_strongly_connected_component'
	34: from /home/yadira/.rvm/rubies/ruby-2.7.1/lib/ruby/2.7.0/tsort.rb:431:in `each_strongly_connected_component_from'
	33: from /home/yadira/.rvm/rubies/ruby-2.7.1/lib/ruby/2.7.0/tsort.rb:350:in `block (2 levels) in each_strongly_connected_component'
	32: from /home/yadira/.rvm/rubies/ruby-2.7.1/lib/ruby/2.7.0/tsort.rb:228:in `block in tsort_each'
	31: from /home/yadira/.rvm/gems/ruby-2.7.1/gems/railties-6.0.2.2/lib/rails/initializable.rb:61:in `block in run_initializers'
	30: from /home/yadira/.rvm/gems/ruby-2.7.1/gems/railties-6.0.2.2/lib/rails/initializable.rb:32:in `run'
	29: from /home/yadira/.rvm/gems/ruby-2.7.1/gems/railties-6.0.2.2/lib/rails/initializable.rb:32:in `instance_exec'
	28: from /home/yadira/.rvm/gems/ruby-2.7.1/gems/railties-6.0.2.2/lib/rails/application/finisher.rb:184:in `block in <module:Finisher>'
	27: from /home/yadira/.rvm/gems/ruby-2.7.1/gems/railties-6.0.2.2/lib/rails/application/routes_reloader.rb:10:in `execute'
	26: from /home/yadira/.rvm/gems/ruby-2.7.1/gems/activesupport-6.0.2.2/lib/active_support/file_update_checker.rb:83:in `execute'
	25: from /home/yadira/.rvm/gems/ruby-2.7.1/gems/railties-6.0.2.2/lib/rails/application/routes_reloader.rb:30:in `block in updater'
	24: from /home/yadira/.rvm/gems/ruby-2.7.1/gems/railties-6.0.2.2/lib/rails/application/routes_reloader.rb:20:in `reload!'
	23: from /home/yadira/.rvm/gems/ruby-2.7.1/gems/railties-6.0.2.2/lib/rails/application/routes_reloader.rb:41:in `load_paths'
	22: from /home/yadira/.rvm/gems/ruby-2.7.1/gems/railties-6.0.2.2/lib/rails/application/routes_reloader.rb:41:in `each'
	21: from /home/yadira/.rvm/gems/ruby-2.7.1/gems/railties-6.0.2.2/lib/rails/application/routes_reloader.rb:41:in `block in load_paths'
	20: from /home/yadira/.rvm/gems/ruby-2.7.1/gems/bootsnap-1.4.6/lib/bootsnap/load_path_cache/core_ext/kernel_require.rb:55:in `load'
	19: from /home/yadira/.rvm/gems/ruby-2.7.1/gems/bootsnap-1.4.6/lib/bootsnap/load_path_cache/core_ext/kernel_require.rb:55:in `load'
	18: from /home/yadira/Desktop/RUBY_RAILS/myblog/config/routes.rb:1:in `<main>'
	17: from /home/yadira/.rvm/gems/ruby-2.7.1/gems/actionpack-6.0.2.2/lib/action_dispatch/routing/route_set.rb:411:in `draw'
	16: from /home/yadira/.rvm/gems/ruby-2.7.1/gems/actionpack-6.0.2.2/lib/action_dispatch/routing/route_set.rb:429:in `eval_block'
	15: from /home/yadira/.rvm/gems/ruby-2.7.1/gems/actionpack-6.0.2.2/lib/action_dispatch/routing/route_set.rb:429:in `instance_exec'
	14: from /home/yadira/Desktop/RUBY_RAILS/myblog/config/routes.rb:7:in `block in <main>'
	13: from /home/yadira/.rvm/gems/ruby-2.7.1/gems/actionpack-6.0.2.2/lib/action_dispatch/routing/mapper.rb:720:in `post'
	12: from /home/yadira/.rvm/gems/ruby-2.7.1/gems/actionpack-6.0.2.2/lib/action_dispatch/routing/mapper.rb:751:in `map_method'
	11: from /home/yadira/.rvm/gems/ruby-2.7.1/gems/actionpack-6.0.2.2/lib/action_dispatch/routing/mapper.rb:1633:in `match'
	10: from /home/yadira/.rvm/gems/ruby-2.7.1/gems/actionpack-6.0.2.2/lib/action_dispatch/routing/mapper.rb:1886:in `map_match'
	 9: from /home/yadira/.rvm/gems/ruby-2.7.1/gems/actionpack-6.0.2.2/lib/action_dispatch/routing/mapper.rb:1886:in `each'
	 8: from /home/yadira/.rvm/gems/ruby-2.7.1/gems/actionpack-6.0.2.2/lib/action_dispatch/routing/mapper.rb:1892:in `block in map_match'
	 7: from /home/yadira/.rvm/gems/ruby-2.7.1/gems/actionpack-6.0.2.2/lib/action_dispatch/routing/mapper.rb:1928:in `decomposed_match'
	 6: from /home/yadira/.rvm/gems/ruby-2.7.1/gems/actionpack-6.0.2.2/lib/action_dispatch/routing/mapper.rb:1956:in `add_route'
	 5: from /home/yadira/.rvm/gems/ruby-2.7.1/gems/actionpack-6.0.2.2/lib/action_dispatch/routing/mapper.rb:83:in `build'
	 4: from /home/yadira/.rvm/gems/ruby-2.7.1/gems/actionpack-6.0.2.2/lib/action_dispatch/routing/mapper.rb:83:in `new'
	 3: from /home/yadira/.rvm/gems/ruby-2.7.1/gems/actionpack-6.0.2.2/lib/action_dispatch/routing/mapper.rb:131:in `initialize'
	 2: from /home/yadira/.rvm/gems/ruby-2.7.1/gems/actionpack-6.0.2.2/lib/action_dispatch/routing/mapper.rb:262:in `normalize_options!'
	 1: from /home/yadira/.rvm/gems/ruby-2.7.1/gems/actionpack-6.0.2.2/lib/action_dispatch/routing/mapper.rb:317:in `check_controller_and_action'
/home/yadira/.rvm/gems/ruby-2.7.1/gems/actionpack-6.0.2.2/lib/action_dispatch/routing/mapper.rb:337:in `check_part': [1mMissing :controller key on routes definition, please check your routes. ([1;4mArgumentError[m[1m)[m
]0;yadira@yadira-PC: ~/Desktop/RUBY_RAILS/myblog[01;32myadira@yadira-PC[00m:[01;34m~/Desktop/RUBY_RAILS/myblog[00m$ rails server
=> Booting Puma
=> Rails 6.0.2.2 application starting in development 
=> Run `rails server --help` for more startup options
/home/yadira/.rvm/gems/ruby-2.7.1/gems/actionpack-6.0.2.2/lib/action_dispatch/middleware/stack.rb:37: warning: Using the last argument as keyword parameters is deprecated; maybe ** should be added to the call
/home/yadira/.rvm/gems/ruby-2.7.1/gems/actionpack-6.0.2.2/lib/action_dispatch/middleware/static.rb:110: warning: The called method `initialize' is defined here
Puma starting in single mode...
* Version 4.3.3 (ruby 2.7.1-p83), codename: Mysterious Traveller
* Min threads: 5, max threads: 5
* Environment: development
* Listening on tcp://127.0.0.1:3000
* Listening on tcp://[::1]:3000
Use Ctrl-C to stop
Started GET "/" for 127.0.0.1 at 2020-05-13 19:10:43 -0500
  [1m[35m (0.8ms)[0m  [1m[34mSELECT sqlite_version(*)[0m
  [1m[35m (0.2ms)[0m  [1m[34mSELECT "schema_migrations"."version" FROM "schema_migrations" ORDER BY "schema_migrations"."version" ASC[0m
Processing by Rails::WelcomeController#index as HTML
/home/yadira/.rvm/gems/ruby-2.7.1/gems/activesupport-6.0.2.2/lib/active_support/messages/rotator.rb:28: warning: Using the last argument as keyword parameters is deprecated; maybe ** should be added to the call
/home/yadira/.rvm/gems/ruby-2.7.1/gems/activesupport-6.0.2.2/lib/active_support/messages/rotator.rb:6: warning: The called method `initialize' is defined here
/home/yadira/.rvm/gems/ruby-2.7.1/gems/actionview-6.0.2.2/lib/action_view/view_paths.rb:11: warning: Using the last argument as keyword parameters is deprecated; maybe ** should be added to the call
/home/yadira/.rvm/gems/ruby-2.7.1/gems/actionview-6.0.2.2/lib/action_view/lookup_context.rb:140: warning: The called method `template_exists?' is defined here
/home/yadira/.rvm/gems/ruby-2.7.1/gems/actionview-6.0.2.2/lib/action_view/unbound_template.rb:24: warning: Using the last argument as keyword parameters is deprecated; maybe ** should be added to the call
/home/yadira/.rvm/gems/ruby-2.7.1/gems/actionview-6.0.2.2/lib/action_view/template.rb:130: warning: The called method `initialize' is defined here
  Rendering /home/yadira/.rvm/gems/ruby-2.7.1/gems/railties-6.0.2.2/lib/rails/templates/rails/welcome/index.html.erb
  Rendered /home/yadira/.rvm/gems/ruby-2.7.1/gems/railties-6.0.2.2/lib/rails/templates/rails/welcome/index.html.erb (Duration: 17.7ms | Allocations: 294)
Completed 200 OK in 79ms (Views: 20.4ms | ActiveRecord: 0.0ms | Allocations: 1743)


/home/yadira/.rvm/gems/ruby-2.7.1/gems/actionpack-6.0.2.2/lib/action_dispatch/middleware/cookies.rb:635: warning: Using the last argument as keyword parameters is deprecated; maybe ** should be added to the call
/home/yadira/.rvm/gems/ruby-2.7.1/gems/activesupport-6.0.2.2/lib/active_support/message_encryptor.rb:150: warning: The called method `encrypt_and_sign' is defined here
/home/yadira/.rvm/gems/ruby-2.7.1/gems/activesupport-6.0.2.2/lib/active_support/message_encryptor.rb:175: warning: Using the last argument as keyword parameters is deprecated; maybe ** should be added to the call
/home/yadira/.rvm/gems/ruby-2.7.1/gems/activesupport-6.0.2.2/lib/active_support/messages/metadata.rb:17: warning: The called method `wrap' is defined here
Started GET "/article/new" for 127.0.0.1 at 2020-05-13 19:10:53 -0500
  
ActionController::RoutingError (No route matches [GET] "/article/new"):
  
actionpack (6.0.2.2) lib/action_dispatch/middleware/debug_exceptions.rb:36:in `call'
web-console (4.0.1) lib/web_console/middleware.rb:132:in `call_app'
web-console (4.0.1) lib/web_console/middleware.rb:28:in `block in call'
web-console (4.0.1) lib/web_console/middleware.rb:17:in `catch'
web-console (4.0.1) lib/web_console/middleware.rb:17:in `call'
actionpack (6.0.2.2) lib/action_dispatch/middleware/show_exceptions.rb:33:in `call'
railties (6.0.2.2) lib/rails/rack/logger.rb:38:in `call_app'
railties (6.0.2.2) lib/rails/rack/logger.rb:26:in `block in call'
activesupport (6.0.2.2) lib/active_support/tagged_logging.rb:80:in `block in tagged'
activesupport (6.0.2.2) lib/active_support/tagged_logging.rb:28:in `tagged'
activesupport (6.0.2.2) lib/active_support/tagged_logging.rb:80:in `tagged'
railties (6.0.2.2) lib/rails/rack/logger.rb:26:in `call'
sprockets-rails (3.2.1) lib/sprockets/rails/quiet_assets.rb:13:in `call'
actionpack (6.0.2.2) lib/action_dispatch/middleware/remote_ip.rb:81:in `call'
actionpack (6.0.2.2) lib/action_dispatch/middleware/request_id.rb:27:in `call'
rack (2.2.2) lib/rack/method_override.rb:24:in `call'
rack (2.2.2) lib/rack/runtime.rb:22:in `call'
activesupport (6.0.2.2) lib/active_support/cache/strategy/local_cache_middleware.rb:29:in `call'
actionpack (6.0.2.2) lib/action_dispatch/middleware/executor.rb:14:in `call'
actionpack (6.0.2.2) lib/action_dispatch/middleware/static.rb:126:in `call'
rack (2.2.2) lib/rack/sendfile.rb:110:in `call'
actionpack (6.0.2.2) lib/action_dispatch/middleware/host_authorization.rb:83:in `call'
webpacker (4.2.2) lib/webpacker/dev_server_proxy.rb:23:in `perform_request'
rack-proxy (0.6.5) lib/rack/proxy.rb:57:in `call'
railties (6.0.2.2) lib/rails/engine.rb:526:in `call'
puma (4.3.3) lib/puma/configuration.rb:228:in `call'
puma (4.3.3) lib/puma/server.rb:682:in `handle_request'
puma (4.3.3) lib/puma/server.rb:472:in `process_client'
puma (4.3.3) lib/puma/server.rb:328:in `block in run'
puma (4.3.3) lib/puma/thread_pool.rb:134:in `block in spawn_thread'
/home/yadira/.rvm/gems/ruby-2.7.1/gems/activerecord-6.0.2.2/lib/active_record/railties/collection_cache_association_loading.rb:7: warning: Using the last argument as keyword parameters is deprecated; maybe ** should be added to the call
/home/yadira/.rvm/gems/ruby-2.7.1/gems/activerecord-6.0.2.2/lib/active_record/railties/collection_cache_association_loading.rb:12: warning: The called method `relation_from_options' is defined here
Started GET "/article/new" for 127.0.0.1 at 2020-05-13 19:11:05 -0500
  
ActionController::RoutingError (No route matches [GET] "/article/new"):
  
actionpack (6.0.2.2) lib/action_dispatch/middleware/debug_exceptions.rb:36:in `call'
web-console (4.0.1) lib/web_console/middleware.rb:132:in `call_app'
web-console (4.0.1) lib/web_console/middleware.rb:28:in `block in call'
web-console (4.0.1) lib/web_console/middleware.rb:17:in `catch'
web-console (4.0.1) lib/web_console/middleware.rb:17:in `call'
actionpack (6.0.2.2) lib/action_dispatch/middleware/show_exceptions.rb:33:in `call'
railties (6.0.2.2) lib/rails/rack/logger.rb:38:in `call_app'
railties (6.0.2.2) lib/rails/rack/logger.rb:26:in `block in call'
activesupport (6.0.2.2) lib/active_support/tagged_logging.rb:80:in `block in tagged'
activesupport (6.0.2.2) lib/active_support/tagged_logging.rb:28:in `tagged'
activesupport (6.0.2.2) lib/active_support/tagged_logging.rb:80:in `tagged'
railties (6.0.2.2) lib/rails/rack/logger.rb:26:in `call'
sprockets-rails (3.2.1) lib/sprockets/rails/quiet_assets.rb:13:in `call'
actionpack (6.0.2.2) lib/action_dispatch/middleware/remote_ip.rb:81:in `call'
actionpack (6.0.2.2) lib/action_dispatch/middleware/request_id.rb:27:in `call'
rack (2.2.2) lib/rack/method_override.rb:24:in `call'
rack (2.2.2) lib/rack/runtime.rb:22:in `call'
activesupport (6.0.2.2) lib/active_support/cache/strategy/local_cache_middleware.rb:29:in `call'
actionpack (6.0.2.2) lib/action_dispatch/middleware/executor.rb:14:in `call'
actionpack (6.0.2.2) lib/action_dispatch/middleware/static.rb:126:in `call'
rack (2.2.2) lib/rack/sendfile.rb:110:in `call'
actionpack (6.0.2.2) lib/action_dispatch/middleware/host_authorization.rb:83:in `call'
webpacker (4.2.2) lib/webpacker/dev_server_proxy.rb:23:in `perform_request'
rack-proxy (0.6.5) lib/rack/proxy.rb:57:in `call'
railties (6.0.2.2) lib/rails/engine.rb:526:in `call'
puma (4.3.3) lib/puma/configuration.rb:228:in `call'
puma (4.3.3) lib/puma/server.rb:682:in `handle_request'
puma (4.3.3) lib/puma/server.rb:472:in `process_client'
puma (4.3.3) lib/puma/server.rb:328:in `block in run'
puma (4.3.3) lib/puma/thread_pool.rb:134:in `block in spawn_thread'
Started GET "/articles/new" for 127.0.0.1 at 2020-05-13 19:11:20 -0500
Processing by ArticlesController#new as HTML
/home/yadira/.rvm/gems/ruby-2.7.1/gems/activemodel-6.0.2.2/lib/active_model/type/integer.rb:13: warning: Using the last argument as keyword parameters is deprecated; maybe ** should be added to the call
/home/yadira/.rvm/gems/ruby-2.7.1/gems/activemodel-6.0.2.2/lib/active_model/type/value.rb:8: warning: The called method `initialize' is defined here
  Rendering articles/new.html.erb within layouts/application
/home/yadira/.rvm/gems/ruby-2.7.1/gems/activemodel-6.0.2.2/lib/active_model/translation.rb:67: warning: Using the last argument as keyword parameters is deprecated; maybe ** should be added to the call
/home/yadira/.rvm/gems/ruby-2.7.1/gems/i18n-1.8.2/lib/i18n.rb:195: warning: The called method `translate' is defined here
/home/yadira/.rvm/gems/ruby-2.7.1/gems/actionview-6.0.2.2/lib/action_view/helpers/form_helper.rb:758: warning: Using the last argument as keyword parameters is deprecated; maybe ** should be added to the call
/home/yadira/.rvm/gems/ruby-2.7.1/gems/actionview-6.0.2.2/lib/action_view/helpers/form_helper.rb:1527: warning: The called method `html_options_for_form_with' is defined here
/home/yadira/.rvm/gems/ruby-2.7.1/gems/actionpack-6.0.2.2/lib/abstract_controller/helpers.rb:67: warning: Using the last argument as keyword parameters is deprecated; maybe ** should be added to the call
/home/yadira/.rvm/gems/ruby-2.7.1/gems/actionpack-6.0.2.2/lib/action_controller/metal/request_forgery_protection.rb:313: warning: The called method `form_authenticity_token' is defined here
  Rendered articles/new.html.erb within layouts/application (Duration: 239.4ms | Allocations: 3470)
/home/yadira/.rvm/gems/ruby-2.7.1/gems/sprockets-4.0.0/lib/sprockets/base.rb:119: warning: Using the last argument as keyword parameters is deprecated; maybe ** should be added to the call
/home/yadira/.rvm/gems/ruby-2.7.1/gems/sprockets-4.0.0/lib/sprockets/base.rb:78: warning: The called method `find_asset' is defined here
[Webpacker] Everything's up-to-date. Nothing to do
Completed 200 OK in 1008ms (Views: 993.1ms | ActiveRecord: 1.4ms | Allocations: 24048)


Started POST "/articles" for 127.0.0.1 at 2020-05-13 19:11:26 -0500
Processing by ArticlesController#create as JS
  Parameters: {"authenticity_token"=>"7OBXi0pZ1+jTwMfRyDZpValqCq4wwqWy6fuqN5sqEkCKRLEhPwAZ5pejjMftJAJGj5YG8FfL+M6WJN7SCCeD7Q==", "article"=>{"title"=>"hhh"}}
No template found for ArticlesController#create, rendering head :no_content
Completed 204 No Content in 4ms (ActiveRecord: 0.0ms | Allocations: 1894)


Started GET "/articles/new" for 127.0.0.1 at 2020-05-13 19:11:56 -0500
  [1m[35m (0.1ms)[0m  [1m[34mSELECT sqlite_version(*)[0m
Processing by ArticlesController#new as HTML
  Rendering articles/new.html.erb within layouts/application
  Rendered articles/new.html.erb within layouts/application (Duration: 1.7ms | Allocations: 420)
[Webpacker] Everything's up-to-date. Nothing to do
Completed 200 OK in 16ms (Views: 8.0ms | ActiveRecord: 0.8ms | Allocations: 6837)


Started GET "/articles/new" for 127.0.0.1 at 2020-05-13 19:11:57 -0500
Processing by ArticlesController#new as HTML
  Rendering articles/new.html.erb within layouts/application
  Rendered articles/new.html.erb within layouts/application (Duration: 1.1ms | Allocations: 358)
[Webpacker] Everything's up-to-date. Nothing to do
Completed 200 OK in 8ms (Views: 7.0ms | ActiveRecord: 0.0ms | Allocations: 3732)


Started GET "/articles/new" for 127.0.0.1 at 2020-05-13 19:11:59 -0500
Processing by ArticlesController#new as HTML
  Rendering articles/new.html.erb within layouts/application
  Rendered articles/new.html.erb within layouts/application (Duration: 0.8ms | Allocations: 357)
[Webpacker] Everything's up-to-date. Nothing to do
Completed 200 OK in 6ms (Views: 5.5ms | ActiveRecord: 0.0ms | Allocations: 3722)


Started GET "/articles/new" for 127.0.0.1 at 2020-05-13 19:12:08 -0500
  [1m[35m (0.1ms)[0m  [1m[34mSELECT sqlite_version(*)[0m
Processing by ArticlesController#new as HTML
  Rendering articles/new.html.erb within layouts/application
  Rendered articles/new.html.erb within layouts/application (Duration: 1.1ms | Allocations: 410)
[Webpacker] Everything's up-to-date. Nothing to do
Completed 200 OK in 14ms (Views: 6.3ms | ActiveRecord: 0.6ms | Allocations: 6838)


Started GET "/articles/new" for 127.0.0.1 at 2020-05-13 19:12:38 -0500
  [1m[35m (0.1ms)[0m  [1m[34mSELECT sqlite_version(*)[0m
Processing by ArticlesController#new as HTML
  Rendering articles/new.html.erb within layouts/application
  Rendered articles/new.html.erb within layouts/application (Duration: 1.7ms | Allocations: 493)
[Webpacker] Everything's up-to-date. Nothing to do
Completed 200 OK in 18ms (Views: 9.8ms | ActiveRecord: 0.8ms | Allocations: 7625)


Started GET "/articles/new" for 127.0.0.1 at 2020-05-13 19:12:39 -0500
Processing by ArticlesController#new as HTML
  Rendering articles/new.html.erb within layouts/application
  Rendered articles/new.html.erb within layouts/application (Duration: 0.8ms | Allocations: 313)
[Webpacker] Everything's up-to-date. Nothing to do
Completed 200 OK in 7ms (Views: 6.5ms | ActiveRecord: 0.0ms | Allocations: 3698)


Started GET "/articles/new" for 127.0.0.1 at 2020-05-13 19:12:40 -0500
Processing by ArticlesController#new as HTML
  Rendering articles/new.html.erb within layouts/application
  Rendered articles/new.html.erb within layouts/application (Duration: 0.7ms | Allocations: 306)
[Webpacker] Everything's up-to-date. Nothing to do
Completed 200 OK in 7ms (Views: 6.2ms | ActiveRecord: 0.0ms | Allocations: 3670)


Started GET "/articles/new" for 127.0.0.1 at 2020-05-13 19:12:51 -0500
Processing by ArticlesController#new as HTML
  Rendering articles/new.html.erb within layouts/application
  Rendered articles/new.html.erb within layouts/application (Duration: 1.0ms | Allocations: 358)
[Webpacker] Everything's up-to-date. Nothing to do
Completed 200 OK in 8ms (Views: 7.3ms | ActiveRecord: 0.0ms | Allocations: 4639)


Started GET "/articles/new" for 127.0.0.1 at 2020-05-13 19:13:02 -0500
Processing by ArticlesController#new as HTML
  Rendering articles/new.html.erb within layouts/application
  Rendered articles/new.html.erb within layouts/application (Duration: 2.4ms | Allocations: 507)
[Webpacker] Everything's up-to-date. Nothing to do
Completed 200 OK in 12ms (Views: 10.5ms | ActiveRecord: 0.0ms | Allocations: 4791)


Started GET "/articles/new" for 127.0.0.1 at 2020-05-13 19:13:09 -0500
Processing by ArticlesController#new as HTML
  Rendering articles/new.html.erb within layouts/application
  Rendered articles/new.html.erb within layouts/application (Duration: 2.1ms | Allocations: 540)
[Webpacker] Everything's up-to-date. Nothing to do
Completed 200 OK in 15ms (Views: 13.6ms | ActiveRecord: 0.0ms | Allocations: 4806)


Started GET "/articles/new" for 127.0.0.1 at 2020-05-13 19:30:23 -0500
  [1m[35m (0.1ms)[0m  [1m[34mSELECT sqlite_version(*)[0m
Processing by ArticlesController#new as HTML
  Rendering articles/new.html.erb within layouts/application
/home/yadira/.rvm/gems/ruby-2.7.1/gems/activemodel-6.0.2.2/lib/active_model/naming.rb:206: warning: Using the last argument as keyword parameters is deprecated; maybe ** should be added to the call
/home/yadira/.rvm/gems/ruby-2.7.1/gems/i18n-1.8.2/lib/i18n.rb:195: warning: The called method `translate' is defined here
  Rendered articles/new.html.erb within layouts/application (Duration: 1.7ms | Allocations: 724)
[Webpacker] Everything's up-to-date. Nothing to do
Completed 200 OK in 10ms (Views: 9.3ms | ActiveRecord: 0.0ms | Allocations: 5009)


Started POST "/articles" for 127.0.0.1 at 2020-05-13 19:30:26 -0500
Processing by ArticlesController#create as JS
  Parameters: {"authenticity_token"=>"bTMi8+RWVbTlb5byacuUHNLaYVqtGVKBdMFfw76rhx4Ll8RZkQ+buqEM3eRM2f8P9CZtBMoQD/0LHismLaYWsw==", "article"=>{"title"=>"yadira"}, "commit"=>"Create Article"}
No template found for ArticlesController#create, rendering head :no_content
Completed 204 No Content in 3ms (ActiveRecord: 0.0ms | Allocations: 1862)


Started POST "/articles" for 127.0.0.1 at 2020-05-13 19:30:27 -0500
Processing by ArticlesController#create as JS
  Parameters: {"authenticity_token"=>"bTMi8+RWVbTlb5byacuUHNLaYVqtGVKBdMFfw76rhx4Ll8RZkQ+buqEM3eRM2f8P9CZtBMoQD/0LHismLaYWsw==", "article"=>{"title"=>"yadira"}, "commit"=>"Create Article"}
No template found for ArticlesController#create, rendering head :no_content
Completed 204 No Content in 1ms (ActiveRecord: 0.0ms | Allocations: 354)


Started GET "/articles/new" for 127.0.0.1 at 2020-05-13 19:30:40 -0500
Processing by ArticlesController#new as HTML
  Rendering articles/new.html.erb within layouts/application
  Rendered articles/new.html.erb within layouts/application (Duration: 3.0ms | Allocations: 1690)
[Webpacker] Everything's up-to-date. Nothing to do
Completed 200 OK in 13ms (Views: 11.5ms | ActiveRecord: 0.0ms | Allocations: 5863)


Started POST "/articles/new" for 127.0.0.1 at 2020-05-13 19:30:42 -0500
  
ActionController::RoutingError (No route matches [POST] "/articles/new"):
  
actionpack (6.0.2.2) lib/action_dispatch/middleware/debug_exceptions.rb:36:in `call'
web-console (4.0.1) lib/web_console/middleware.rb:132:in `call_app'
web-console (4.0.1) lib/web_console/middleware.rb:28:in `block in call'
web-console (4.0.1) lib/web_console/middleware.rb:17:in `catch'
web-console (4.0.1) lib/web_console/middleware.rb:17:in `call'
actionpack (6.0.2.2) lib/action_dispatch/middleware/show_exceptions.rb:33:in `call'
railties (6.0.2.2) lib/rails/rack/logger.rb:38:in `call_app'
railties (6.0.2.2) lib/rails/rack/logger.rb:26:in `block in call'
activesupport (6.0.2.2) lib/active_support/tagged_logging.rb:80:in `block in tagged'
activesupport (6.0.2.2) lib/active_support/tagged_logging.rb:28:in `tagged'
activesupport (6.0.2.2) lib/active_support/tagged_logging.rb:80:in `tagged'
railties (6.0.2.2) lib/rails/rack/logger.rb:26:in `call'
sprockets-rails (3.2.1) lib/sprockets/rails/quiet_assets.rb:13:in `call'
actionpack (6.0.2.2) lib/action_dispatch/middleware/remote_ip.rb:81:in `call'
actionpack (6.0.2.2) lib/action_dispatch/middleware/request_id.rb:27:in `call'
rack (2.2.2) lib/rack/method_override.rb:24:in `call'
rack (2.2.2) lib/rack/runtime.rb:22:in `call'
activesupport (6.0.2.2) lib/active_support/cache/strategy/local_cache_middleware.rb:29:in `call'
actionpack (6.0.2.2) lib/action_dispatch/middleware/executor.rb:14:in `call'
actionpack (6.0.2.2) lib/action_dispatch/middleware/static.rb:126:in `call'
rack (2.2.2) lib/rack/sendfile.rb:110:in `call'
actionpack (6.0.2.2) lib/action_dispatch/middleware/host_authorization.rb:83:in `call'
webpacker (4.2.2) lib/webpacker/dev_server_proxy.rb:23:in `perform_request'
rack-proxy (0.6.5) lib/rack/proxy.rb:57:in `call'
railties (6.0.2.2) lib/rails/engine.rb:526:in `call'
puma (4.3.3) lib/puma/configuration.rb:228:in `call'
puma (4.3.3) lib/puma/server.rb:682:in `handle_request'
puma (4.3.3) lib/puma/server.rb:472:in `process_client'
puma (4.3.3) lib/puma/server.rb:328:in `block in run'
puma (4.3.3) lib/puma/thread_pool.rb:134:in `block in spawn_thread'
Started GET "/articles/new" for 127.0.0.1 at 2020-05-13 19:30:49 -0500
Processing by ArticlesController#new as HTML
  Rendering articles/new.html.erb within layouts/application
  Rendered articles/new.html.erb within layouts/application (Duration: 3.0ms | Allocations: 1395)
[Webpacker] Everything's up-to-date. Nothing to do
Completed 200 OK in 11ms (Views: 9.9ms | ActiveRecord: 0.0ms | Allocations: 5586)


Started GET "/articles/new" for 127.0.0.1 at 2020-05-13 19:30:50 -0500
Processing by ArticlesController#new as HTML
  Rendering articles/new.html.erb within layouts/application
  Rendered articles/new.html.erb within layouts/application (Duration: 1.1ms | Allocations: 1231)
[Webpacker] Everything's up-to-date. Nothing to do
Completed 200 OK in 7ms (Views: 5.7ms | ActiveRecord: 0.0ms | Allocations: 4518)


Started GET "/articles/new" for 127.0.0.1 at 2020-05-13 19:30:50 -0500
Processing by ArticlesController#new as HTML
  Rendering articles/new.html.erb within layouts/application
  Rendered articles/new.html.erb within layouts/application (Duration: 1.1ms | Allocations: 1221)
[Webpacker] Everything's up-to-date. Nothing to do
Completed 200 OK in 9ms (Views: 7.9ms | ActiveRecord: 0.0ms | Allocations: 4488)


Started GET "/articles/new" for 127.0.0.1 at 2020-05-13 19:30:55 -0500
Processing by ArticlesController#new as HTML
  Rendering articles/new.html.erb within layouts/application
  Rendered articles/new.html.erb within layouts/application (Duration: 1.7ms | Allocations: 677)
[Webpacker] Everything's up-to-date. Nothing to do
Completed 200 OK in 11ms (Views: 9.8ms | ActiveRecord: 0.0ms | Allocations: 4953)


Started POST "/articles" for 127.0.0.1 at 2020-05-13 19:30:56 -0500
Processing by ArticlesController#create as JS
  Parameters: {"authenticity_token"=>"wXlUQHHKvu8R1qB+YU0RyCLDOALvQ10LQ/joQoIhTB2n3bLqBJNw4VW162hEX3rbBD80XIhKAHc8J5ynESzdsA==", "article"=>{"title"=>"yadira"}, "commit"=>"Create Article"}
No template found for ArticlesController#create, rendering head :no_content
Completed 204 No Content in 3ms (ActiveRecord: 0.0ms | Allocations: 1856)


Started POST "/articles" for 127.0.0.1 at 2020-05-13 19:32:44 -0500
Processing by ArticlesController#create as JS
  Parameters: {"authenticity_token"=>"wXlUQHHKvu8R1qB+YU0RyCLDOALvQ10LQ/joQoIhTB2n3bLqBJNw4VW162hEX3rbBD80XIhKAHc8J5ynESzdsA==", "article"=>{"title"=>"yadira"}, "commit"=>"Create Article"}
/home/yadira/.rvm/gems/ruby-2.7.1/gems/activerecord-6.0.2.2/lib/active_record/transactions.rb:212: warning: Using the last argument as keyword parameters is deprecated; maybe ** should be added to the call
/home/yadira/.rvm/gems/ruby-2.7.1/gems/activerecord-6.0.2.2/lib/active_record/connection_adapters/abstract/database_statements.rb:274: warning: The called method `transaction' is defined here
/home/yadira/.rvm/gems/ruby-2.7.1/gems/activerecord-6.0.2.2/lib/active_record/persistence.rb:470: warning: Using the last argument as keyword parameters is deprecated; maybe ** should be added to the call
/home/yadira/.rvm/gems/ruby-2.7.1/gems/activerecord-6.0.2.2/lib/active_record/timestamp.rb:127: warning: The called method `create_or_update' is defined here
  [1m[35m (0.1ms)[0m  [1m[36mbegin transaction[0m
  â†³ app/controllers/articles_controller.rb:8:in `create'
  [1m[36mArticle Create (42.7ms)[0m  [1m[32mINSERT INTO "articles" ("title", "created_at", "updated_at") VALUES (?, ?, ?)[0m  [["title", "mi primer articulo"], ["created_at", "2020-05-14 00:32:44.685994"], ["updated_at", "2020-05-14 00:32:44.685994"]]
  â†³ app/controllers/articles_controller.rb:8:in `create'
  [1m[35m (153.1ms)[0m  [1m[36mcommit transaction[0m
  â†³ app/controllers/articles_controller.rb:8:in `create'
No template found for ArticlesController#create, rendering head :no_content
Completed 204 No Content in 211ms (ActiveRecord: 197.7ms | Allocations: 6590)


Started GET "/articles/new" for 127.0.0.1 at 2020-05-13 19:32:47 -0500
Processing by ArticlesController#new as HTML
  Rendering articles/new.html.erb within layouts/application
  Rendered articles/new.html.erb within layouts/application (Duration: 1.4ms | Allocations: 567)
[Webpacker] Everything's up-to-date. Nothing to do
Completed 200 OK in 9ms (Views: 8.4ms | ActiveRecord: 0.0ms | Allocations: 4110)


Started POST "/articles" for 127.0.0.1 at 2020-05-13 19:32:48 -0500
Processing by ArticlesController#create as JS
  Parameters: {"authenticity_token"=>"M7IGu/XBnWS/IqFzcpRn0uKrtiqBUzDscAFpJwBt4PNVFuARgJhTavtB6mVXhgzBxFe6dOZabZAP3h3Ck2BxXg==", "article"=>{"title"=>"yadira"}, "commit"=>"Create Article"}
  [1m[35m (0.1ms)[0m  [1m[36mbegin transaction[0m
  â†³ app/controllers/articles_controller.rb:8:in `create'
  [1m[36mArticle Create (0.4ms)[0m  [1m[32mINSERT INTO "articles" ("title", "created_at", "updated_at") VALUES (?, ?, ?)[0m  [["title", "mi primer articulo"], ["created_at", "2020-05-14 00:32:48.043644"], ["updated_at", "2020-05-14 00:32:48.043644"]]
  â†³ app/controllers/articles_controller.rb:8:in `create'
  [1m[35m (81.0ms)[0m  [1m[36mcommit transaction[0m
  â†³ app/controllers/articles_controller.rb:8:in `create'
No template found for ArticlesController#create, rendering head :no_content
Completed 204 No Content in 87ms (ActiveRecord: 81.5ms | Allocations: 3374)


Started POST "/articles" for 127.0.0.1 at 2020-05-13 19:33:52 -0500
  [1m[35m (0.1ms)[0m  [1m[34mSELECT sqlite_version(*)[0m
Processing by ArticlesController#create as JS
  Parameters: {"authenticity_token"=>"M7IGu/XBnWS/IqFzcpRn0uKrtiqBUzDscAFpJwBt4PNVFuARgJhTavtB6mVXhgzBxFe6dOZabZAP3h3Ck2BxXg==", "article"=>{"title"=>"yadira"}, "commit"=>"Create Article"}
  [1m[35m (0.1ms)[0m  [1m[36mbegin transaction[0m
  â†³ app/controllers/articles_controller.rb:8:in `create'
  [1m[36mArticle Create (0.3ms)[0m  [1m[32mINSERT INTO "articles" ("title", "created_at", "updated_at") VALUES (?, ?, ?)[0m  [["title", "yadira"], ["created_at", "2020-05-14 00:33:52.349364"], ["updated_at", "2020-05-14 00:33:52.349364"]]
  â†³ app/controllers/articles_controller.rb:8:in `create'
  [1m[35m (92.0ms)[0m  [1m[36mcommit transaction[0m
  â†³ app/controllers/articles_controller.rb:8:in `create'
Completed 200 OK in 106ms (Views: 0.2ms | ActiveRecord: 93.2ms | Allocations: 6469)


Started GET "/articles/new" for 127.0.0.1 at 2020-05-13 19:33:53 -0500
Processing by ArticlesController#new as HTML
  Rendering articles/new.html.erb within layouts/application
  Rendered articles/new.html.erb within layouts/application (Duration: 1.8ms | Allocations: 567)
[Webpacker] Everything's up-to-date. Nothing to do
Completed 200 OK in 10ms (Views: 9.0ms | ActiveRecord: 0.0ms | Allocations: 4094)


Started POST "/articles" for 127.0.0.1 at 2020-05-13 19:33:53 -0500
Processing by ArticlesController#create as JS
  Parameters: {"authenticity_token"=>"L9gYiUMww2//eefotlpqu1aTpE1osm1wX33UUmx++xJJfP4jNmkNYbsarP6TSAGocG+oEw+7MAwgoqC3/3Nqvw==", "article"=>{"title"=>"yadira"}, "commit"=>"Create Article"}
  [1m[35m (0.1ms)[0m  [1m[36mbegin transaction[0m
  â†³ app/controllers/articles_controller.rb:8:in `create'
  [1m[36mArticle Create (0.4ms)[0m  [1m[32mINSERT INTO "articles" ("title", "created_at", "updated_at") VALUES (?, ?, ?)[0m  [["title", "yadira"], ["created_at", "2020-05-14 00:33:53.819556"], ["updated_at", "2020-05-14 00:33:53.819556"]]
  â†³ app/controllers/articles_controller.rb:8:in `create'
  [1m[35m (82.9ms)[0m  [1m[36mcommit transaction[0m
  â†³ app/controllers/articles_controller.rb:8:in `create'
Completed 200 OK in 89ms (Views: 0.2ms | ActiveRecord: 83.3ms | Allocations: 3330)


Started POST "/articles" for 127.0.0.1 at 2020-05-13 19:33:54 -0500
Processing by ArticlesController#create as JS
  Parameters: {"authenticity_token"=>"L9gYiUMww2//eefotlpqu1aTpE1osm1wX33UUmx++xJJfP4jNmkNYbsarP6TSAGocG+oEw+7MAwgoqC3/3Nqvw==", "article"=>{"title"=>"yadira"}, "commit"=>"Create Article"}
  [1m[35m (0.1ms)[0m  [1m[36mbegin transaction[0m
  â†³ app/controllers/articles_controller.rb:8:in `create'
  [1m[36mArticle Create (0.3ms)[0m  [1m[32mINSERT INTO "articles" ("title", "created_at", "updated_at") VALUES (?, ?, ?)[0m  [["title", "yadira"], ["created_at", "2020-05-14 00:33:54.324380"], ["updated_at", "2020-05-14 00:33:54.324380"]]
  â†³ app/controllers/articles_controller.rb:8:in `create'
  [1m[35m (65.3ms)[0m  [1m[36mcommit transaction[0m
  â†³ app/controllers/articles_controller.rb:8:in `create'
Completed 200 OK in 72ms (Views: 0.1ms | ActiveRecord: 65.7ms | Allocations: 3341)


Started POST "/articles" for 127.0.0.1 at 2020-05-13 19:33:54 -0500
Processing by ArticlesController#create as JS
  Parameters: {"authenticity_token"=>"L9gYiUMww2//eefotlpqu1aTpE1osm1wX33UUmx++xJJfP4jNmkNYbsarP6TSAGocG+oEw+7MAwgoqC3/3Nqvw==", "article"=>{"title"=>"yadira"}, "commit"=>"Create Article"}
  [1m[35m (0.1ms)[0m  [1m[36mbegin transaction[0m
  â†³ app/controllers/articles_controller.rb:8:in `create'
  [1m[36mArticle Create (0.9ms)[0m  [1m[32mINSERT INTO "articles" ("title", "created_at", "updated_at") VALUES (?, ?, ?)[0m  [["title", "yadira"], ["created_at", "2020-05-14 00:33:54.507196"], ["updated_at", "2020-05-14 00:33:54.507196"]]
  â†³ app/controllers/articles_controller.rb:8:in `create'
  [1m[35m (70.0ms)[0m  [1m[36mcommit transaction[0m
  â†³ app/controllers/articles_controller.rb:8:in `create'
Completed 200 OK in 77ms (Views: 0.1ms | ActiveRecord: 71.0ms | Allocations: 3336)


Started GET "/articles/new" for 127.0.0.1 at 2020-05-13 19:33:55 -0500
Processing by ArticlesController#new as HTML
  Rendering articles/new.html.erb within layouts/application
  Rendered articles/new.html.erb within layouts/application (Duration: 1.7ms | Allocations: 509)
[Webpacker] Everything's up-to-date. Nothing to do
Completed 200 OK in 9ms (Views: 7.9ms | ActiveRecord: 0.0ms | Allocations: 3878)


Started GET "/articles/new" for 127.0.0.1 at 2020-05-13 19:33:55 -0500
Processing by ArticlesController#new as HTML
  Rendering articles/new.html.erb within layouts/application
  Rendered articles/new.html.erb within layouts/application (Duration: 1.1ms | Allocations: 509)
[Webpacker] Everything's up-to-date. Nothing to do
Completed 200 OK in 7ms (Views: 6.2ms | ActiveRecord: 0.0ms | Allocations: 3863)


Started GET "/articles/new" for 127.0.0.1 at 2020-05-13 19:33:55 -0500
Processing by ArticlesController#new as HTML
  Rendering articles/new.html.erb within layouts/application
  Rendered articles/new.html.erb within layouts/application (Duration: 1.4ms | Allocations: 509)
[Webpacker] Everything's up-to-date. Nothing to do
Completed 200 OK in 10ms (Views: 8.9ms | ActiveRecord: 0.0ms | Allocations: 3877)


Started POST "/articles" for 127.0.0.1 at 2020-05-13 19:33:58 -0500
Processing by ArticlesController#create as JS
  Parameters: {"authenticity_token"=>"sIILmIXWbhpPPzLz98+XzwcpmMgwVz8DjOQKepDgOmbWJu0y8I+gFAtceeXS3fzcIdWUlldeYn/zO36fA+2ryw==", "article"=>{"title"=>"yadira"}, "commit"=>"Create Article"}
  [1m[35m (0.1ms)[0m  [1m[36mbegin transaction[0m
  â†³ app/controllers/articles_controller.rb:8:in `create'
  [1m[36mArticle Create (0.4ms)[0m  [1m[32mINSERT INTO "articles" ("title", "created_at", "updated_at") VALUES (?, ?, ?)[0m  [["title", "yadira"], ["created_at", "2020-05-14 00:33:58.607052"], ["updated_at", "2020-05-14 00:33:58.607052"]]
  â†³ app/controllers/articles_controller.rb:8:in `create'
  [1m[35m (77.3ms)[0m  [1m[36mcommit transaction[0m
  â†³ app/controllers/articles_controller.rb:8:in `create'
Completed 200 OK in 88ms (Views: 0.2ms | ActiveRecord: 77.8ms | Allocations: 3342)


Started GET "/articles/new" for 127.0.0.1 at 2020-05-13 19:34:19 -0500
  [1m[35m (0.1ms)[0m  [1m[34mSELECT sqlite_version(*)[0m
Processing by ArticlesController#new as HTML
  Rendering articles/new.html.erb within layouts/application
  Rendered articles/new.html.erb within layouts/application (Duration: 1.5ms | Allocations: 570)
[Webpacker] Everything's up-to-date. Nothing to do
Completed 200 OK in 15ms (Views: 6.7ms | ActiveRecord: 0.6ms | Allocations: 7002)


Started POST "/articles" for 127.0.0.1 at 2020-05-13 19:34:19 -0500
Processing by ArticlesController#create as JS
  Parameters: {"authenticity_token"=>"nXvsTWVaw1z8qVWOnQZvnVZIQ9hRpqZhntJ782q38tX73wrnEAMNUrjKHpi4FASOcLRPhjav+x3hDQ8W+bpjeA==", "article"=>{"title"=>"yadira"}, "commit"=>"Create Article"}
  [1m[35m (0.1ms)[0m  [1m[36mbegin transaction[0m
  â†³ app/controllers/articles_controller.rb:8:in `create'
  [1m[36mArticle Create (0.4ms)[0m  [1m[32mINSERT INTO "articles" ("title", "created_at", "updated_at") VALUES (?, ?, ?)[0m  [["title", "yadira"], ["created_at", "2020-05-14 00:34:19.884019"], ["updated_at", "2020-05-14 00:34:19.884019"]]
  â†³ app/controllers/articles_controller.rb:8:in `create'
  [1m[35m (76.7ms)[0m  [1m[36mcommit transaction[0m
  â†³ app/controllers/articles_controller.rb:8:in `create'
Completed 200 OK in 84ms (Views: 0.4ms | ActiveRecord: 77.1ms | Allocations: 3455)


Started POST "/articles" for 127.0.0.1 at 2020-05-13 19:34:20 -0500
Processing by ArticlesController#create as JS
  Parameters: {"authenticity_token"=>"nXvsTWVaw1z8qVWOnQZvnVZIQ9hRpqZhntJ782q38tX73wrnEAMNUrjKHpi4FASOcLRPhjav+x3hDQ8W+bpjeA==", "article"=>{"title"=>"yadira"}, "commit"=>"Create Article"}
  [1m[35m (0.1ms)[0m  [1m[36mbegin transaction[0m
  â†³ app/controllers/articles_controller.rb:8:in `create'
  [1m[36mArticle Create (0.8ms)[0m  [1m[32mINSERT INTO "articles" ("title", "created_at", "updated_at") VALUES (?, ?, ?)[0m  [["title", "yadira"], ["created_at", "2020-05-14 00:34:20.364033"], ["updated_at", "2020-05-14 00:34:20.364033"]]
  â†³ app/controllers/articles_controller.rb:8:in `create'
  [1m[35m (95.5ms)[0m  [1m[36mcommit transaction[0m
  â†³ app/controllers/articles_controller.rb:8:in `create'
Completed 200 OK in 102ms (Views: 0.3ms | ActiveRecord: 96.4ms | Allocations: 3420)


Started POST "/articles" for 127.0.0.1 at 2020-05-13 19:34:20 -0500
Processing by ArticlesController#create as JS
  Parameters: {"authenticity_token"=>"nXvsTWVaw1z8qVWOnQZvnVZIQ9hRpqZhntJ782q38tX73wrnEAMNUrjKHpi4FASOcLRPhjav+x3hDQ8W+bpjeA==", "article"=>{"title"=>"yadira"}, "commit"=>"Create Article"}
  [1m[35m (0.1ms)[0m  [1m[36mbegin transaction[0m
  â†³ app/controllers/articles_controller.rb:8:in `create'
  [1m[36mArticle Create (1.0ms)[0m  [1m[32mINSERT INTO "articles" ("title", "created_at", "updated_at") VALUES (?, ?, ?)[0m  [["title", "yadira"], ["created_at", "2020-05-14 00:34:20.547143"], ["updated_at", "2020-05-14 00:34:20.547143"]]
  â†³ app/controllers/articles_controller.rb:8:in `create'
  [1m[35m (88.5ms)[0m  [1m[36mcommit transaction[0m
  â†³ app/controllers/articles_controller.rb:8:in `create'
Completed 200 OK in 96ms (Views: 0.3ms | ActiveRecord: 89.5ms | Allocations: 3602)


Started POST "/articles" for 127.0.0.1 at 2020-05-13 19:34:20 -0500
Processing by ArticlesController#create as JS
  Parameters: {"authenticity_token"=>"nXvsTWVaw1z8qVWOnQZvnVZIQ9hRpqZhntJ782q38tX73wrnEAMNUrjKHpi4FASOcLRPhjav+x3hDQ8W+bpjeA==", "article"=>{"title"=>"yadira"}, "commit"=>"Create Article"}
  [1m[35m (0.1ms)[0m  [1m[36mbegin transaction[0m
  â†³ app/controllers/articles_controller.rb:8:in `create'
  [1m[36mArticle Create (0.4ms)[0m  [1m[32mINSERT INTO "articles" ("title", "created_at", "updated_at") VALUES (?, ?, ?)[0m  [["title", "yadira"], ["created_at", "2020-05-14 00:34:20.723376"], ["updated_at", "2020-05-14 00:34:20.723376"]]
  â†³ app/controllers/articles_controller.rb:8:in `create'
  [1m[35m (56.2ms)[0m  [1m[36mcommit transaction[0m
  â†³ app/controllers/articles_controller.rb:8:in `create'
Completed 200 OK in 66ms (Views: 0.4ms | ActiveRecord: 56.7ms | Allocations: 3550)


Started GET "/articles/new" for 127.0.0.1 at 2020-05-13 19:34:24 -0500
Processing by ArticlesController#new as HTML
  Rendering articles/new.html.erb within layouts/application
  Rendered articles/new.html.erb within layouts/application (Duration: 2.0ms | Allocations: 509)
[Webpacker] Everything's up-to-date. Nothing to do
Completed 200 OK in 11ms (Views: 10.2ms | ActiveRecord: 0.0ms | Allocations: 3874)


Started POST "/articles" for 127.0.0.1 at 2020-05-13 19:34:27 -0500
Processing by ArticlesController#create as JS
  Parameters: {"authenticity_token"=>"nVXhu3u0nRl0ZY5mpFox6XUfUXzZhgO0R/oPiyk4Gxn78QcRDu1TFzAGxXCBSFr6U+NdIr6PXsg4JXtuujWKtA==", "article"=>{"title"=>"yadira"}, "commit"=>"Create Article"}
  [1m[35m (0.1ms)[0m  [1m[36mbegin transaction[0m
  â†³ app/controllers/articles_controller.rb:8:in `create'
  [1m[36mArticle Create (0.7ms)[0m  [1m[32mINSERT INTO "articles" ("title", "created_at", "updated_at") VALUES (?, ?, ?)[0m  [["title", "yadira"], ["created_at", "2020-05-14 00:34:27.256744"], ["updated_at", "2020-05-14 00:34:27.256744"]]
  â†³ app/controllers/articles_controller.rb:8:in `create'
  [1m[35m (110.4ms)[0m  [1m[36mcommit transaction[0m
  â†³ app/controllers/articles_controller.rb:8:in `create'
Completed 200 OK in 117ms (Views: 0.3ms | ActiveRecord: 111.1ms | Allocations: 3492)


Started POST "/articles" for 127.0.0.1 at 2020-05-13 19:35:51 -0500
  [1m[35m (0.1ms)[0m  [1m[34mSELECT sqlite_version(*)[0m
Processing by ArticlesController#create as JS
  Parameters: {"authenticity_token"=>"nVXhu3u0nRl0ZY5mpFox6XUfUXzZhgO0R/oPiyk4Gxn78QcRDu1TFzAGxXCBSFr6U+NdIr6PXsg4JXtuujWKtA==", "article"=>{"title"=>"yadira"}, "commit"=>"Create Article"}
  [1m[35m (0.1ms)[0m  [1m[36mbegin transaction[0m
  â†³ app/controllers/articles_controller.rb:8:in `create'
  [1m[36mArticle Create (0.3ms)[0m  [1m[32mINSERT INTO "articles" ("title", "created_at", "updated_at") VALUES (?, ?, ?)[0m  [["title", "yadira"], ["created_at", "2020-05-14 00:35:52.028346"], ["updated_at", "2020-05-14 00:35:52.028346"]]
  â†³ app/controllers/articles_controller.rb:8:in `create'
  [1m[35m (58.0ms)[0m  [1m[36mcommit transaction[0m
  â†³ app/controllers/articles_controller.rb:8:in `create'
Completed 200 OK in 72ms (Views: 0.4ms | ActiveRecord: 59.2ms | Allocations: 6475)


Started POST "/articles" for 127.0.0.1 at 2020-05-13 19:35:52 -0500
Processing by ArticlesController#create as JS
  Parameters: {"authenticity_token"=>"nVXhu3u0nRl0ZY5mpFox6XUfUXzZhgO0R/oPiyk4Gxn78QcRDu1TFzAGxXCBSFr6U+NdIr6PXsg4JXtuujWKtA==", "article"=>{"title"=>"yadira"}, "commit"=>"Create Article"}
  [1m[35m (0.1ms)[0m  [1m[36mbegin transaction[0m
  â†³ app/controllers/articles_controller.rb:8:in `create'
  [1m[36mArticle Create (0.4ms)[0m  [1m[32mINSERT INTO "articles" ("title", "created_at", "updated_at") VALUES (?, ?, ?)[0m  [["title", "yadira"], ["created_at", "2020-05-14 00:35:52.179647"], ["updated_at", "2020-05-14 00:35:52.179647"]]
  â†³ app/controllers/articles_controller.rb:8:in `create'
  [1m[35m (72.3ms)[0m  [1m[36mcommit transaction[0m
  â†³ app/controllers/articles_controller.rb:8:in `create'
Completed 200 OK in 80ms (Views: 0.3ms | ActiveRecord: 72.7ms | Allocations: 3571)


Started GET "/articles/new" for 127.0.0.1 at 2020-05-13 19:36:33 -0500
Processing by ArticlesController#new as HTML
  Rendering articles/new.html.erb within layouts/application
  Rendered articles/new.html.erb within layouts/application (Duration: 1.7ms | Allocations: 725)
[Webpacker] Everything's up-to-date. Nothing to do
Completed 200 OK in 10ms (Views: 9.1ms | ActiveRecord: 0.0ms | Allocations: 5021)


Started POST "/articles" for 127.0.0.1 at 2020-05-13 19:36:33 -0500
Processing by ArticlesController#create as HTML
  Parameters: {"authenticity_token"=>"n03zcSj+6tXNW1jTCgHr8BeAJQYGIhI3olYmObt0T4f56RXbXack24k4E8UvE4DjMXwpWGErT0vdiVLcKHneKg==", "article"=>{"title"=>"yadira"}, "commit"=>"Create Article"}
  [1m[35m (0.2ms)[0m  [1m[36mbegin transaction[0m
  â†³ app/controllers/articles_controller.rb:8:in `create'
  [1m[36mArticle Create (0.9ms)[0m  [1m[32mINSERT INTO "articles" ("title", "created_at", "updated_at") VALUES (?, ?, ?)[0m  [["title", "yadira"], ["created_at", "2020-05-14 00:36:33.716107"], ["updated_at", "2020-05-14 00:36:33.716107"]]
  â†³ app/controllers/articles_controller.rb:8:in `create'
  [1m[35m (69.1ms)[0m  [1m[36mcommit transaction[0m
  â†³ app/controllers/articles_controller.rb:8:in `create'
Completed 200 OK in 78ms (Views: 0.4ms | ActiveRecord: 70.2ms | Allocations: 3416)


Started GET "/articles/new" for 127.0.0.1 at 2020-05-13 21:21:55 -0500
  [1m[35m (0.1ms)[0m  [1m[34mSELECT sqlite_version(*)[0m
  [1m[35m (0.1ms)[0m  [1m[34mSELECT "schema_migrations"."version" FROM "schema_migrations" ORDER BY "schema_migrations"."version" ASC[0m
Processing by ArticlesController#new as HTML
  Rendering articles/new.html.erb within layouts/application
  Rendered articles/new.html.erb within layouts/application (Duration: 118.4ms | Allocations: 62528)
Completed 500 Internal Server Error in 161ms (ActiveRecord: 0.0ms | Allocations: 67093)


  
ActionView::Template::Error (undefined method `rich' for #<ActionView::Helpers::FormBuilder:0x00007f274c8ed3f0>):
    2: 
    3:     <div>
    4:     <%=form.label :body %>
    5:     <%=form.rich.text_area :body %>
    6: 
    7:     </div>
    8:     <div>
  
app/views/articles/new.html.erb:5
app/views/articles/new.html.erb:1
Started GET "/articles/new" for 127.0.0.1 at 2020-05-13 21:24:59 -0500
Processing by ArticlesController#new as HTML
  Rendering articles/new.html.erb within layouts/application
  Rendered articles/new.html.erb within layouts/application (Duration: 210.3ms | Allocations: 125054)
Completed 500 Internal Server Error in 214ms (ActiveRecord: 0.0ms | Allocations: 126237)


  
ActionView::Template::Error (undefined local variable or method `from' for #<#<Class:0x0000555f74ee3ad0>:0x0000555f74edbdf8>
Did you mean?  form):
    1: <%= form_with(model: @article, local: true) do |form| %>
    2: 
    3:    <div>
    4:    <%=from.label :title %>
    5:    <%=from.text_field :titlw %>
    6:    </div>
    7:    <div>
  
app/views/articles/new.html.erb:4
app/views/articles/new.html.erb:1
Started GET "/articles/new" for 127.0.0.1 at 2020-05-13 21:25:00 -0500
Processing by ArticlesController#new as HTML
  Rendering articles/new.html.erb within layouts/application
  Rendered articles/new.html.erb within layouts/application (Duration: 212.0ms | Allocations: 124846)
Completed 500 Internal Server Error in 214ms (ActiveRecord: 0.0ms | Allocations: 125291)


  
ActionView::Template::Error (undefined local variable or method `from' for #<#<Class:0x0000555f74ee3ad0>:0x00007f274c8450b0>
Did you mean?  form):
    1: <%= form_with(model: @article, local: true) do |form| %>
    2: 
    3:    <div>
    4:    <%=from.label :title %>
    5:    <%=from.text_field :titlw %>
    6:    </div>
    7:    <div>
  
app/views/articles/new.html.erb:4
app/views/articles/new.html.erb:1
Started GET "/articles/new" for 127.0.0.1 at 2020-05-13 21:25:01 -0500
Processing by ArticlesController#new as HTML
  Rendering articles/new.html.erb within layouts/application
  Rendered articles/new.html.erb within layouts/application (Duration: 207.3ms | Allocations: 124846)
Completed 500 Internal Server Error in 210ms (ActiveRecord: 0.0ms | Allocations: 125290)


  
ActionView::Template::Error (undefined local variable or method `from' for #<#<Class:0x0000555f74ee3ad0>:0x0000555f746bf098>
Did you mean?  form):
    1: <%= form_with(model: @article, local: true) do |form| %>
    2: 
    3:    <div>
    4:    <%=from.label :title %>
    5:    <%=from.text_field :titlw %>
    6:    </div>
    7:    <div>
  
app/views/articles/new.html.erb:4
app/views/articles/new.html.erb:1
Started GET "/articles/new" for 127.0.0.1 at 2020-05-13 21:25:45 -0500
Processing by ArticlesController#new as HTML
  Rendering articles/new.html.erb within layouts/application
  Rendered articles/new.html.erb within layouts/application (Duration: 212.0ms | Allocations: 125050)
Completed 500 Internal Server Error in 217ms (ActiveRecord: 0.0ms | Allocations: 126232)


  
ActionView::Template::Error (undefined local variable or method `from' for #<#<Class:0x0000555f72df5e68>:0x0000555f72df1f70>
Did you mean?  form):
    1: <%= form_with(model: @article, local: true) do |form| %>
    2: 
    3:    <div>
    4:    <%=from.label :title %>
    5:    <%=from.text_field :title %>
    6:    </div>
    7: 
  
app/views/articles/new.html.erb:4
app/views/articles/new.html.erb:1
Started GET "/articles/new" for 127.0.0.1 at 2020-05-13 21:25:53 -0500
Processing by ArticlesController#new as HTML
  Rendering articles/new.html.erb within layouts/application
  Rendered articles/new.html.erb within layouts/application (Duration: 211.5ms | Allocations: 124849)
Completed 500 Internal Server Error in 214ms (ActiveRecord: 0.0ms | Allocations: 125294)


  
ActionView::Template::Error (undefined local variable or method `from' for #<#<Class:0x0000555f72df5e68>:0x00007f275831c8c0>
Did you mean?  form):
    1: <%= form_with(model: @article, local: true) do |form| %>
    2: 
    3:    <div>
    4:    <%=from.label :title %>
    5:    <%=from.text_field :title %>
    6:    </div>
    7: 
  
app/views/articles/new.html.erb:4
app/views/articles/new.html.erb:1
^C- Gracefully stopping, waiting for requests to finish
=== puma shutdown: 2020-05-13 21:26:22 -0500 ===
- Goodbye!
Exiting
]0;yadira@yadira-PC: ~/Desktop/RUBY_RAILS/myblog[01;32myadira@yadira-PC[00m:[01;34m~/Desktop/RUBY_RAILS/myblog[00m$ [K]0;yadira@yadira-PC: ~/Desktop/RUBY_RAILS/myblog[01;32myadira@yadira-PC[00m:[01;34m~/Desktop/RUBY_RAILS/myblog[00m$ rails server
=> Booting Puma
=> Rails 6.0.2.2 application starting in development 
=> Run `rails server --help` for more startup options
/home/yadira/.rvm/gems/ruby-2.7.1/gems/actionpack-6.0.2.2/lib/action_dispatch/middleware/stack.rb:37: warning: Using the last argument as keyword parameters is deprecated; maybe ** should be added to the call
/home/yadira/.rvm/gems/ruby-2.7.1/gems/actionpack-6.0.2.2/lib/action_dispatch/middleware/static.rb:110: warning: The called method `initialize' is defined here
Puma starting in single mode...
* Version 4.3.3 (ruby 2.7.1-p83), codename: Mysterious Traveller
* Min threads: 5, max threads: 5
* Environment: development
* Listening on tcp://127.0.0.1:3000
* Listening on tcp://[::1]:3000
Use Ctrl-C to stop
Started GET "/articles/new" for 127.0.0.1 at 2020-05-13 21:30:39 -0500
  [1m[35m (1.3ms)[0m  [1m[34mSELECT sqlite_version(*)[0m
  [1m[35m (0.2ms)[0m  [1m[34mSELECT "schema_migrations"."version" FROM "schema_migrations" ORDER BY "schema_migrations"."version" ASC[0m
Processing by ArticlesController#new as HTML
/home/yadira/.rvm/gems/ruby-2.7.1/gems/activesupport-6.0.2.2/lib/active_support/messages/rotator.rb:28: warning: Using the last argument as keyword parameters is deprecated; maybe ** should be added to the call
/home/yadira/.rvm/gems/ruby-2.7.1/gems/activesupport-6.0.2.2/lib/active_support/messages/rotator.rb:6: warning: The called method `initialize' is defined here
/home/yadira/.rvm/gems/ruby-2.7.1/gems/activemodel-6.0.2.2/lib/active_model/type/integer.rb:13: warning: Using the last argument as keyword parameters is deprecated; maybe ** should be added to the call
/home/yadira/.rvm/gems/ruby-2.7.1/gems/activemodel-6.0.2.2/lib/active_model/type/value.rb:8: warning: The called method `initialize' is defined here
/home/yadira/.rvm/gems/ruby-2.7.1/gems/actionview-6.0.2.2/lib/action_view/view_paths.rb:11: warning: Using the last argument as keyword parameters is deprecated; maybe ** should be added to the call
/home/yadira/.rvm/gems/ruby-2.7.1/gems/actionview-6.0.2.2/lib/action_view/lookup_context.rb:140: warning: The called method `template_exists?' is defined here
/home/yadira/.rvm/gems/ruby-2.7.1/gems/actionview-6.0.2.2/lib/action_view/unbound_template.rb:24: warning: Using the last argument as keyword parameters is deprecated; maybe ** should be added to the call
/home/yadira/.rvm/gems/ruby-2.7.1/gems/actionview-6.0.2.2/lib/action_view/template.rb:130: warning: The called method `initialize' is defined here
  Rendering articles/new.html.erb within layouts/application
  Rendered articles/new.html.erb within layouts/application (Duration: 250.8ms | Allocations: 123550)
Completed 500 Internal Server Error in 302ms (ActiveRecord: 1.0ms | Allocations: 129213)


  
ActionView::Template::Error (undefined local variable or method `from' for #<#<Class:0x000055ca3849b288>:0x000055ca38371740>
Did you mean?  form):
    1: <%= form_with(model: @article, local: true) do |form| %>
    2: 
    3:    <div>
    4:    <%=from.label :title %>
    5:    <%=from.text_field :title %>
    6:    </div>
    7: 
  
app/views/articles/new.html.erb:4
app/views/articles/new.html.erb:1
/home/yadira/.rvm/gems/ruby-2.7.1/gems/activerecord-6.0.2.2/lib/active_record/railties/collection_cache_association_loading.rb:7: warning: Using the last argument as keyword parameters is deprecated; maybe ** should be added to the call
/home/yadira/.rvm/gems/ruby-2.7.1/gems/activerecord-6.0.2.2/lib/active_record/railties/collection_cache_association_loading.rb:12: warning: The called method `relation_from_options' is defined here
Started GET "/articles/new" for 127.0.0.1 at 2020-05-13 21:30:46 -0500
Processing by ArticlesController#new as HTML
  Rendering articles/new.html.erb within layouts/application
  Rendered articles/new.html.erb within layouts/application (Duration: 207.1ms | Allocations: 122859)
Completed 500 Internal Server Error in 209ms (ActiveRecord: 0.0ms | Allocations: 123337)


  
ActionView::Template::Error (undefined local variable or method `from' for #<#<Class:0x000055ca3849b288>:0x00007f04621cbe80>
Did you mean?  form):
    1: <%= form_with(model: @article, local: true) do |form| %>
    2: 
    3:    <div>
    4:    <%=from.label :title %>
    5:    <%=from.text_field :title %>
    6:    </div>
    7: 
  
app/views/articles/new.html.erb:4
app/views/articles/new.html.erb:1
^C- Gracefully stopping, waiting for requests to finish
=== puma shutdown: 2020-05-13 21:31:46 -0500 ===
- Goodbye!
Exiting
]0;yadira@yadira-PC: ~/Desktop/RUBY_RAILS/myblog[01;32myadira@yadira-PC[00m:[01;34m~/Desktop/RUBY_RAILS/myblog[00m$ rails server
=> Booting Puma
=> Rails 6.0.2.2 application starting in development 
=> Run `rails server --help` for more startup options
/home/yadira/.rvm/gems/ruby-2.7.1/gems/actionpack-6.0.2.2/lib/action_dispatch/middleware/stack.rb:37: warning: Using the last argument as keyword parameters is deprecated; maybe ** should be added to the call
/home/yadira/.rvm/gems/ruby-2.7.1/gems/actionpack-6.0.2.2/lib/action_dispatch/middleware/static.rb:110: warning: The called method `initialize' is defined here
Puma starting in single mode...
* Version 4.3.3 (ruby 2.7.1-p83), codename: Mysterious Traveller
* Min threads: 5, max threads: 5
* Environment: development
* Listening on tcp://127.0.0.1:3000
* Listening on tcp://[::1]:3000
Use Ctrl-C to stop
Started GET "/articles/new" for 127.0.0.1 at 2020-05-13 21:32:21 -0500
  [1m[35m (0.6ms)[0m  [1m[34mSELECT sqlite_version(*)[0m
  [1m[35m (0.3ms)[0m  [1m[34mSELECT "schema_migrations"."version" FROM "schema_migrations" ORDER BY "schema_migrations"."version" ASC[0m
Processing by ArticlesController#new as HTML
/home/yadira/.rvm/gems/ruby-2.7.1/gems/activesupport-6.0.2.2/lib/active_support/messages/rotator.rb:28: warning: Using the last argument as keyword parameters is deprecated; maybe ** should be added to the call
/home/yadira/.rvm/gems/ruby-2.7.1/gems/activesupport-6.0.2.2/lib/active_support/messages/rotator.rb:6: warning: The called method `initialize' is defined here
/home/yadira/.rvm/gems/ruby-2.7.1/gems/activemodel-6.0.2.2/lib/active_model/type/integer.rb:13: warning: Using the last argument as keyword parameters is deprecated; maybe ** should be added to the call
/home/yadira/.rvm/gems/ruby-2.7.1/gems/activemodel-6.0.2.2/lib/active_model/type/value.rb:8: warning: The called method `initialize' is defined here
/home/yadira/.rvm/gems/ruby-2.7.1/gems/actionview-6.0.2.2/lib/action_view/view_paths.rb:11: warning: Using the last argument as keyword parameters is deprecated; maybe ** should be added to the call
/home/yadira/.rvm/gems/ruby-2.7.1/gems/actionview-6.0.2.2/lib/action_view/lookup_context.rb:140: warning: The called method `template_exists?' is defined here
/home/yadira/.rvm/gems/ruby-2.7.1/gems/actionview-6.0.2.2/lib/action_view/unbound_template.rb:24: warning: Using the last argument as keyword parameters is deprecated; maybe ** should be added to the call
/home/yadira/.rvm/gems/ruby-2.7.1/gems/actionview-6.0.2.2/lib/action_view/template.rb:130: warning: The called method `initialize' is defined here
  Rendering articles/new.html.erb within layouts/application
/home/yadira/.rvm/gems/ruby-2.7.1/gems/activemodel-6.0.2.2/lib/active_model/translation.rb:67: warning: Using the last argument as keyword parameters is deprecated; maybe ** should be added to the call
/home/yadira/.rvm/gems/ruby-2.7.1/gems/i18n-1.8.2/lib/i18n.rb:195: warning: The called method `translate' is defined here
  Rendered articles/new.html.erb within layouts/application (Duration: 152.0ms | Allocations: 63641)
Completed 500 Internal Server Error in 179ms (ActiveRecord: 1.0ms | Allocations: 69541)


  
ActionView::Template::Error (undefined method `rich' for #<ActionView::Helpers::FormBuilder:0x000055ff69c06840>):
     8: 
     9:    <div>
    10:    <%=form.label :content %>
    11:    <%=form.rich.text_area :content %>
    12: 
    13:    </div>
    14: 
  
app/views/articles/new.html.erb:11
app/views/articles/new.html.erb:1
/home/yadira/.rvm/gems/ruby-2.7.1/gems/activerecord-6.0.2.2/lib/active_record/railties/collection_cache_association_loading.rb:7: warning: Using the last argument as keyword parameters is deprecated; maybe ** should be added to the call
/home/yadira/.rvm/gems/ruby-2.7.1/gems/activerecord-6.0.2.2/lib/active_record/railties/collection_cache_association_loading.rb:12: warning: The called method `relation_from_options' is defined here
Started GET "/articles/new" for 127.0.0.1 at 2020-05-13 21:32:26 -0500
Processing by ArticlesController#new as HTML
  Rendering articles/new.html.erb within layouts/application
  Rendered articles/new.html.erb within layouts/application (Duration: 112.0ms | Allocations: 61524)
Completed 500 Internal Server Error in 114ms (ActiveRecord: 0.0ms | Allocations: 62002)


  
ActionView::Template::Error (undefined method `rich' for #<ActionView::Helpers::FormBuilder:0x00007f98357b1248>):
     8: 
     9:    <div>
    10:    <%=form.label :content %>
    11:    <%=form.rich.text_area :content %>
    12: 
    13:    </div>
    14: 
  
app/views/articles/new.html.erb:11
app/views/articles/new.html.erb:1
Started GET "/articles/new" for 127.0.0.1 at 2020-05-13 21:33:25 -0500
Processing by ArticlesController#new as HTML
  Rendering articles/new.html.erb within layouts/application
/home/yadira/.rvm/gems/ruby-2.7.1/gems/activerecord-6.0.2.2/lib/active_record/relation/delegation.rb:115: warning: Using the last argument as keyword parameters is deprecated; maybe ** should be added to the call
/home/yadira/.rvm/gems/ruby-2.7.1/gems/activerecord-6.0.2.2/lib/active_record/relation.rb:27: warning: The called method `initialize' is defined here
/home/yadira/.rvm/gems/ruby-2.7.1/gems/activemodel-6.0.2.2/lib/active_model/naming.rb:206: warning: Using the last argument as keyword parameters is deprecated; maybe ** should be added to the call
/home/yadira/.rvm/gems/ruby-2.7.1/gems/i18n-1.8.2/lib/i18n.rb:195: warning: The called method `translate' is defined here
/home/yadira/.rvm/gems/ruby-2.7.1/gems/actionview-6.0.2.2/lib/action_view/helpers/form_helper.rb:758: warning: Using the last argument as keyword parameters is deprecated; maybe ** should be added to the call
/home/yadira/.rvm/gems/ruby-2.7.1/gems/actionview-6.0.2.2/lib/action_view/helpers/form_helper.rb:1527: warning: The called method `html_options_for_form_with' is defined here
/home/yadira/.rvm/gems/ruby-2.7.1/gems/actionpack-6.0.2.2/lib/abstract_controller/helpers.rb:67: warning: Using the last argument as keyword parameters is deprecated; maybe ** should be added to the call
/home/yadira/.rvm/gems/ruby-2.7.1/gems/actionpack-6.0.2.2/lib/action_controller/metal/request_forgery_protection.rb:313: warning: The called method `form_authenticity_token' is defined here
  Rendered articles/new.html.erb within layouts/application (Duration: 115.3ms | Allocations: 14006)
/home/yadira/.rvm/gems/ruby-2.7.1/gems/sprockets-4.0.0/lib/sprockets/base.rb:119: warning: Using the last argument as keyword parameters is deprecated; maybe ** should be added to the call
/home/yadira/.rvm/gems/ruby-2.7.1/gems/sprockets-4.0.0/lib/sprockets/base.rb:78: warning: The called method `find_asset' is defined here
[Webpacker] Compiling...
[Webpacker] Compiled all packs in /home/yadira/Desktop/RUBY_RAILS/myblog/public/packs
[Webpacker] Hash: fd1d606936073d56e92e
Version: webpack 4.43.0
Time: 11199ms
Built at: 05/13/2020 9:33:42 PM
                                     Asset       Size       Chunks                         Chunk Names
    js/application-3562f46eb30cc31d7cdd.js   1.66 MiB  application  [emitted] [immutable]  application
js/application-3562f46eb30cc31d7cdd.js.map   1.84 MiB  application  [emitted] [dev]        application
                             manifest.json  364 bytes               [emitted]              
Entrypoint application = js/application-3562f46eb30cc31d7cdd.js js/application-3562f46eb30cc31d7cdd.js.map
[./app/javascript/channels sync recursive _channel\.js$] ./app/javascript/channels sync _channel\.js$ 160 bytes {application} [built]
[./app/javascript/channels/index.js] 211 bytes {application} [built]
[./app/javascript/css/style.scss] 658 bytes {application} [built]
[./app/javascript/packs/application.js] 839 bytes {application} [built]
[./node_modules/css-loader/dist/cjs.js?!./node_modules/postcss-loader/src/index.js?!./node_modules/sass-loader/dist/cjs.js?!./app/javascript/css/style.scss] ./node_modules/css-loader/dist/cjs.js??ref--7-1!./node_modules/postcss-loader/src??ref--7-2!./node_modules/sass-loader/dist/cjs.js??ref--7-3!./app/javascript/css/style.scss 661 KiB {application} [built]
[./node_modules/webpack/buildin/global.js] (webpack)/buildin/global.js 905 bytes {application} [built]
[./node_modules/webpack/buildin/module.js] (webpack)/buildin/module.js 552 bytes {application} [built]
    + 15 hidden modules

Completed 200 OK in 16564ms (Views: 16562.0ms | ActiveRecord: 0.8ms | Allocations: 41418)


/home/yadira/.rvm/gems/ruby-2.7.1/gems/actionpack-6.0.2.2/lib/action_dispatch/middleware/cookies.rb:635: warning: Using the last argument as keyword parameters is deprecated; maybe ** should be added to the call
/home/yadira/.rvm/gems/ruby-2.7.1/gems/activesupport-6.0.2.2/lib/active_support/message_encryptor.rb:150: warning: The called method `encrypt_and_sign' is defined here
/home/yadira/.rvm/gems/ruby-2.7.1/gems/activesupport-6.0.2.2/lib/active_support/message_encryptor.rb:175: warning: Using the last argument as keyword parameters is deprecated; maybe ** should be added to the call
/home/yadira/.rvm/gems/ruby-2.7.1/gems/activesupport-6.0.2.2/lib/active_support/messages/metadata.rb:17: warning: The called method `wrap' is defined here
Started GET "/articles/new" for 127.0.0.1 at 2020-05-14 15:12:38 -0500
  [1m[35m (0.1ms)[0m  [1m[34mSELECT sqlite_version(*)[0m
Processing by ArticlesController#new as HTML
  Rendering articles/new.html.erb within layouts/application
  Rendered articles/new.html.erb within layouts/application (Duration: 2.8ms | Allocations: 1145)
[Webpacker] Everything's up-to-date. Nothing to do
Completed 200 OK in 144ms (Views: 142.6ms | ActiveRecord: 0.0ms | Allocations: 4993)


Started POST "/articles" for 127.0.0.1 at 2020-05-14 15:12:58 -0500
Processing by ArticlesController#create as HTML
  Parameters: {"authenticity_token"=>"GEbvxowc9u/R1KAZ7rmpYkE447r6FwcHE5xG7TETtNd+4gls+UU44ZW36w/Lq8JxZ8Tv5J0eWntsQzIIoh4leg==", "article"=>{"title"=>"yadira", "content"=>""}, "commit"=>"Create Article"}
/home/yadira/.rvm/gems/ruby-2.7.1/gems/activerecord-6.0.2.2/lib/active_record/transactions.rb:212: warning: Using the last argument as keyword parameters is deprecated; maybe ** should be added to the call
/home/yadira/.rvm/gems/ruby-2.7.1/gems/activerecord-6.0.2.2/lib/active_record/connection_adapters/abstract/database_statements.rb:274: warning: The called method `transaction' is defined here
/home/yadira/.rvm/gems/ruby-2.7.1/gems/activerecord-6.0.2.2/lib/active_record/persistence.rb:470: warning: Using the last argument as keyword parameters is deprecated; maybe ** should be added to the call
/home/yadira/.rvm/gems/ruby-2.7.1/gems/activerecord-6.0.2.2/lib/active_record/timestamp.rb:127: warning: The called method `create_or_update' is defined here
  [1m[35m (0.1ms)[0m  [1m[36mbegin transaction[0m
  â†³ app/controllers/articles_controller.rb:8:in `create'
  [1m[36mArticle Create (29.4ms)[0m  [1m[32mINSERT INTO "articles" ("title", "created_at", "updated_at") VALUES (?, ?, ?)[0m  [["title", "yadira"], ["created_at", "2020-05-14 20:12:58.520066"], ["updated_at", "2020-05-14 20:12:58.520066"]]
  â†³ app/controllers/articles_controller.rb:8:in `create'
  [1m[35m (64.3ms)[0m  [1m[36mcommit transaction[0m
  â†³ app/controllers/articles_controller.rb:8:in `create'
Completed 200 OK in 101ms (Views: 0.4ms | ActiveRecord: 93.7ms | Allocations: 3704)


Started GET "/articles/new" for 127.0.0.1 at 2020-05-14 15:13:40 -0500
Processing by ArticlesController#new as HTML
  Rendering articles/new.html.erb within layouts/application
  Rendered articles/new.html.erb within layouts/application (Duration: 1.9ms | Allocations: 830)
[Webpacker] Everything's up-to-date. Nothing to do
Completed 200 OK in 43ms (Views: 42.3ms | ActiveRecord: 0.0ms | Allocations: 5578)


Started GET "/articles/new" for 127.0.0.1 at 2020-05-14 15:13:49 -0500
Processing by ArticlesController#new as HTML
  Rendering articles/new.html.erb within layouts/application
  Rendered articles/new.html.erb within layouts/application (Duration: 3.1ms | Allocations: 1343)
[Webpacker] Everything's up-to-date. Nothing to do
Completed 200 OK in 15ms (Views: 13.4ms | ActiveRecord: 0.0ms | Allocations: 6107)


Started GET "/articles/new" for 127.0.0.1 at 2020-05-14 15:55:18 -0500
  [1m[35m (0.2ms)[0m  [1m[34mSELECT sqlite_version(*)[0m
Processing by ArticlesController#new as HTML
  Rendering articles/new.html.erb within layouts/application
  Rendered articles/new.html.erb within layouts/application (Duration: 15.8ms | Allocations: 1146)
[Webpacker] Everything's up-to-date. Nothing to do
Completed 200 OK in 391ms (Views: 390.2ms | ActiveRecord: 0.0ms | Allocations: 5026)


Started GET "/articles/new" for 127.0.0.1 at 2020-05-14 16:07:00 -0500
  [1m[35m (175.5ms)[0m  [1m[34mSELECT sqlite_version(*)[0m
Processing by ArticlesController#new as HTML
  Rendering articles/new.html.erb within layouts/application
  Rendered articles/new.html.erb within layouts/application (Duration: 5720.1ms | Allocations: 6698)
[Webpacker] Everything's up-to-date. Nothing to do
Completed 200 OK in 13432ms (Views: 9673.7ms | ActiveRecord: 0.0ms | Allocations: 13641)


Started POST "/articles" for 127.0.0.1 at 2020-05-14 16:08:18 -0500
Processing by ArticlesController#create as HTML
  Parameters: {"authenticity_token"=>"EOfzmTun9Ps/gcbwDGqSY6IrVQzU+CIntJpsoLNNdqZ2QxUzTv469XvijeYpePlwhNdZUrPxf1vLRRhFIEDnCw==", "article"=>{"title"=>"yadi", "content"=>""}, "commit"=>"Create Article"}
  [1m[35m (10.0ms)[0m  [1m[36mbegin transaction[0m
  â†³ app/controllers/articles_controller.rb:8:in `create'
  [1m[36mArticle Create (345.9ms)[0m  [1m[32mINSERT INTO "articles" ("title", "created_at", "updated_at") VALUES (?, ?, ?)[0m  [["title", "yadi"], ["created_at", "2020-05-14 21:08:19.381546"], ["updated_at", "2020-05-14 21:08:19.381546"]]
  â†³ app/controllers/articles_controller.rb:8:in `create'
  [1m[36mActionText::RichText Create (16.5ms)[0m  [1m[32mINSERT INTO "action_text_rich_texts" ("name", "body", "record_type", "record_id", "created_at", "updated_at") VALUES (?, ?, ?, ?, ?, ?)[0m  [["name", "content"], ["body", ""], ["record_type", "Article"], ["record_id", 17], ["created_at", "2020-05-14 21:08:23.430438"], ["updated_at", "2020-05-14 21:08:23.430438"]]
  â†³ app/controllers/articles_controller.rb:8:in `create'
/home/yadira/.rvm/gems/ruby-2.7.1/gems/activerecord-6.0.2.2/lib/active_record/no_touching.rb:62: warning: Using the last argument as keyword parameters is deprecated; maybe ** should be added to the call
/home/yadira/.rvm/gems/ruby-2.7.1/gems/activerecord-6.0.2.2/lib/active_record/touch_later.rb:36: warning: The called method `touch' is defined here
/home/yadira/.rvm/gems/ruby-2.7.1/gems/activerecord-6.0.2.2/lib/active_record/callbacks.rb:318: warning: Using the last argument as keyword parameters is deprecated; maybe ** should be added to the call
/home/yadira/.rvm/gems/ruby-2.7.1/gems/activerecord-6.0.2.2/lib/active_record/persistence.rb:851: warning: The called method `touch' is defined here
  [1m[36mArticle Update (0.5ms)[0m  [1m[33mUPDATE "articles" SET "updated_at" = ? WHERE "articles"."id" = ?[0m  [["updated_at", "2020-05-14 21:08:23.729535"], ["id", 17]]
  â†³ app/controllers/articles_controller.rb:8:in `create'
  [1m[35m (161.3ms)[0m  [1m[36mcommit transaction[0m
  â†³ app/controllers/articles_controller.rb:8:in `create'
Completed 200 OK in 6650ms (Views: 93.9ms | ActiveRecord: 534.1ms | Allocations: 10820)


Started POST "/articles" for 127.0.0.1 at 2020-05-14 16:26:46 -0500
  [1m[35m (0.2ms)[0m  [1m[34mSELECT sqlite_version(*)[0m
Processing by ArticlesController#create as HTML
  Parameters: {"authenticity_token"=>"EOfzmTun9Ps/gcbwDGqSY6IrVQzU+CIntJpsoLNNdqZ2QxUzTv469XvijeYpePlwhNdZUrPxf1vLRRhFIEDnCw==", "article"=>{"title"=>"yadi", "content"=>""}, "commit"=>"Create Article"}
  [1m[35m (0.1ms)[0m  [1m[36mbegin transaction[0m
  â†³ app/controllers/articles_controller.rb:8:in `create'
  [1m[36mArticle Create (71.5ms)[0m  [1m[32mINSERT INTO "articles" ("title", "created_at", "updated_at") VALUES (?, ?, ?)[0m  [["title", "yadi"], ["created_at", "2020-05-14 21:26:47.695933"], ["updated_at", "2020-05-14 21:26:47.695933"]]
  â†³ app/controllers/articles_controller.rb:8:in `create'
  [1m[36mActionText::RichText Create (99.4ms)[0m  [1m[32mINSERT INTO "action_text_rich_texts" ("name", "body", "record_type", "record_id", "created_at", "updated_at") VALUES (?, ?, ?, ?, ?, ?)[0m  [["name", "content"], ["body", ""], ["record_type", "Article"], ["record_id", 18], ["created_at", "2020-05-14 21:26:48.309000"], ["updated_at", "2020-05-14 21:26:48.309000"]]
  â†³ app/controllers/articles_controller.rb:8:in `create'
  [1m[36mArticle Update (18.7ms)[0m  [1m[33mUPDATE "articles" SET "updated_at" = ? WHERE "articles"."id" = ?[0m  [["updated_at", "2020-05-14 21:26:48.867448"], ["id", 18]]
  â†³ app/controllers/articles_controller.rb:8:in `create'
  [1m[35m (167.3ms)[0m  [1m[36mcommit transaction[0m
  â†³ app/controllers/articles_controller.rb:8:in `create'
Completed 200 OK in 1685ms (Views: 0.5ms | ActiveRecord: 357.0ms | Allocations: 6361)


Started GET "/articles/new" for 127.0.0.1 at 2020-05-14 20:12:38 -0500
  [1m[35m (0.1ms)[0m  [1m[34mSELECT sqlite_version(*)[0m
Processing by ArticlesController#new as HTML
Completed 404 Not Found in 77ms (ActiveRecord: 0.0ms | Allocations: 1509)


  
ActiveRecord::RecordNotFound (Couldn't find Article without an ID):
  
app/controllers/articles_controller.rb:4:in `new'
Started GET "/articles/new" for 127.0.0.1 at 2020-05-14 20:20:02 -0500
  [1m[35m (0.3ms)[0m  [1m[34mSELECT sqlite_version(*)[0m
Processing by ArticlesController#new as HTML
  Rendering articles/new.html.erb within layouts/application
  Rendered articles/new.html.erb within layouts/application (Duration: 206.8ms | Allocations: 6880)
[Webpacker] Everything's up-to-date. Nothing to do
Completed 200 OK in 550ms (Views: 484.5ms | ActiveRecord: 0.0ms | Allocations: 14560)


Started GET "/articles/2" for 127.0.0.1 at 2020-05-14 20:20:17 -0500
  
AbstractController::ActionNotFound (The action 'content' could not be found for ArticlesController):
  
actionpack (6.0.2.2) lib/abstract_controller/base.rb:131:in `process'
actionview (6.0.2.2) lib/action_view/rendering.rb:39:in `process'
actionpack (6.0.2.2) lib/action_controller/metal.rb:191:in `dispatch'
actionpack (6.0.2.2) lib/action_controller/metal.rb:252:in `dispatch'
actionpack (6.0.2.2) lib/action_dispatch/routing/route_set.rb:51:in `dispatch'
actionpack (6.0.2.2) lib/action_dispatch/routing/route_set.rb:33:in `serve'
actionpack (6.0.2.2) lib/action_dispatch/journey/router.rb:49:in `block in serve'
actionpack (6.0.2.2) lib/action_dispatch/journey/router.rb:32:in `each'
actionpack (6.0.2.2) lib/action_dispatch/journey/router.rb:32:in `serve'
actionpack (6.0.2.2) lib/action_dispatch/routing/route_set.rb:837:in `call'
rack (2.2.2) lib/rack/tempfile_reaper.rb:15:in `call'
rack (2.2.2) lib/rack/etag.rb:27:in `call'
rack (2.2.2) lib/rack/conditional_get.rb:27:in `call'
rack (2.2.2) lib/rack/head.rb:12:in `call'
actionpack (6.0.2.2) lib/action_dispatch/http/content_security_policy.rb:18:in `call'
rack (2.2.2) lib/rack/session/abstract/id.rb:266:in `context'
rack (2.2.2) lib/rack/session/abstract/id.rb:260:in `call'
actionpack (6.0.2.2) lib/action_dispatch/middleware/cookies.rb:648:in `call'
activerecord (6.0.2.2) lib/active_record/migration.rb:567:in `call'
actionpack (6.0.2.2) lib/action_dispatch/middleware/callbacks.rb:27:in `block in call'
activesupport (6.0.2.2) lib/active_support/callbacks.rb:101:in `run_callbacks'
actionpack (6.0.2.2) lib/action_dispatch/middleware/callbacks.rb:26:in `call'
actionpack (6.0.2.2) lib/action_dispatch/middleware/executor.rb:14:in `call'
actionpack (6.0.2.2) lib/action_dispatch/middleware/actionable_exceptions.rb:17:in `call'
actionpack (6.0.2.2) lib/action_dispatch/middleware/debug_exceptions.rb:32:in `call'
web-console (4.0.1) lib/web_console/middleware.rb:132:in `call_app'
web-console (4.0.1) lib/web_console/middleware.rb:28:in `block in call'
web-console (4.0.1) lib/web_console/middleware.rb:17:in `catch'
web-console (4.0.1) lib/web_console/middleware.rb:17:in `call'
actionpack (6.0.2.2) lib/action_dispatch/middleware/show_exceptions.rb:33:in `call'
railties (6.0.2.2) lib/rails/rack/logger.rb:38:in `call_app'
railties (6.0.2.2) lib/rails/rack/logger.rb:26:in `block in call'
activesupport (6.0.2.2) lib/active_support/tagged_logging.rb:80:in `block in tagged'
activesupport (6.0.2.2) lib/active_support/tagged_logging.rb:28:in `tagged'
activesupport (6.0.2.2) lib/active_support/tagged_logging.rb:80:in `tagged'
railties (6.0.2.2) lib/rails/rack/logger.rb:26:in `call'
sprockets-rails (3.2.1) lib/sprockets/rails/quiet_assets.rb:13:in `call'
actionpack (6.0.2.2) lib/action_dispatch/middleware/remote_ip.rb:81:in `call'
actionpack (6.0.2.2) lib/action_dispatch/middleware/request_id.rb:27:in `call'
rack (2.2.2) lib/rack/method_override.rb:24:in `call'
rack (2.2.2) lib/rack/runtime.rb:22:in `call'
activesupport (6.0.2.2) lib/active_support/cache/strategy/local_cache_middleware.rb:29:in `call'
actionpack (6.0.2.2) lib/action_dispatch/middleware/executor.rb:14:in `call'
actionpack (6.0.2.2) lib/action_dispatch/middleware/static.rb:126:in `call'
rack (2.2.2) lib/rack/sendfile.rb:110:in `call'
actionpack (6.0.2.2) lib/action_dispatch/middleware/host_authorization.rb:83:in `call'
webpacker (4.2.2) lib/webpacker/dev_server_proxy.rb:23:in `perform_request'
rack-proxy (0.6.5) lib/rack/proxy.rb:57:in `call'
railties (6.0.2.2) lib/rails/engine.rb:526:in `call'
puma (4.3.3) lib/puma/configuration.rb:228:in `call'
puma (4.3.3) lib/puma/server.rb:682:in `handle_request'
puma (4.3.3) lib/puma/server.rb:472:in `process_client'
puma (4.3.3) lib/puma/server.rb:328:in `block in run'
puma (4.3.3) lib/puma/thread_pool.rb:134:in `block in spawn_thread'
Started GET "/articles/2" for 127.0.0.1 at 2020-05-14 20:20:34 -0500
  
AbstractController::ActionNotFound (The action 'content' could not be found for ArticlesController):
  
actionpack (6.0.2.2) lib/abstract_controller/base.rb:131:in `process'
actionview (6.0.2.2) lib/action_view/rendering.rb:39:in `process'
actionpack (6.0.2.2) lib/action_controller/metal.rb:191:in `dispatch'
actionpack (6.0.2.2) lib/action_controller/metal.rb:252:in `dispatch'
actionpack (6.0.2.2) lib/action_dispatch/routing/route_set.rb:51:in `dispatch'
actionpack (6.0.2.2) lib/action_dispatch/routing/route_set.rb:33:in `serve'
actionpack (6.0.2.2) lib/action_dispatch/journey/router.rb:49:in `block in serve'
actionpack (6.0.2.2) lib/action_dispatch/journey/router.rb:32:in `each'
actionpack (6.0.2.2) lib/action_dispatch/journey/router.rb:32:in `serve'
actionpack (6.0.2.2) lib/action_dispatch/routing/route_set.rb:837:in `call'
rack (2.2.2) lib/rack/tempfile_reaper.rb:15:in `call'
rack (2.2.2) lib/rack/etag.rb:27:in `call'
rack (2.2.2) lib/rack/conditional_get.rb:27:in `call'
rack (2.2.2) lib/rack/head.rb:12:in `call'
actionpack (6.0.2.2) lib/action_dispatch/http/content_security_policy.rb:18:in `call'
rack (2.2.2) lib/rack/session/abstract/id.rb:266:in `context'
rack (2.2.2) lib/rack/session/abstract/id.rb:260:in `call'
actionpack (6.0.2.2) lib/action_dispatch/middleware/cookies.rb:648:in `call'
activerecord (6.0.2.2) lib/active_record/migration.rb:567:in `call'
actionpack (6.0.2.2) lib/action_dispatch/middleware/callbacks.rb:27:in `block in call'
activesupport (6.0.2.2) lib/active_support/callbacks.rb:101:in `run_callbacks'
actionpack (6.0.2.2) lib/action_dispatch/middleware/callbacks.rb:26:in `call'
actionpack (6.0.2.2) lib/action_dispatch/middleware/executor.rb:14:in `call'
actionpack (6.0.2.2) lib/action_dispatch/middleware/actionable_exceptions.rb:17:in `call'
actionpack (6.0.2.2) lib/action_dispatch/middleware/debug_exceptions.rb:32:in `call'
web-console (4.0.1) lib/web_console/middleware.rb:132:in `call_app'
web-console (4.0.1) lib/web_console/middleware.rb:28:in `block in call'
web-console (4.0.1) lib/web_console/middleware.rb:17:in `catch'
web-console (4.0.1) lib/web_console/middleware.rb:17:in `call'
actionpack (6.0.2.2) lib/action_dispatch/middleware/show_exceptions.rb:33:in `call'
railties (6.0.2.2) lib/rails/rack/logger.rb:38:in `call_app'
railties (6.0.2.2) lib/rails/rack/logger.rb:26:in `block in call'
activesupport (6.0.2.2) lib/active_support/tagged_logging.rb:80:in `block in tagged'
activesupport (6.0.2.2) lib/active_support/tagged_logging.rb:28:in `tagged'
activesupport (6.0.2.2) lib/active_support/tagged_logging.rb:80:in `tagged'
railties (6.0.2.2) lib/rails/rack/logger.rb:26:in `call'
sprockets-rails (3.2.1) lib/sprockets/rails/quiet_assets.rb:13:in `call'
actionpack (6.0.2.2) lib/action_dispatch/middleware/remote_ip.rb:81:in `call'
actionpack (6.0.2.2) lib/action_dispatch/middleware/request_id.rb:27:in `call'
rack (2.2.2) lib/rack/method_override.rb:24:in `call'
rack (2.2.2) lib/rack/runtime.rb:22:in `call'
activesupport (6.0.2.2) lib/active_support/cache/strategy/local_cache_middleware.rb:29:in `call'
actionpack (6.0.2.2) lib/action_dispatch/middleware/executor.rb:14:in `call'
actionpack (6.0.2.2) lib/action_dispatch/middleware/static.rb:126:in `call'
rack (2.2.2) lib/rack/sendfile.rb:110:in `call'
actionpack (6.0.2.2) lib/action_dispatch/middleware/host_authorization.rb:83:in `call'
webpacker (4.2.2) lib/webpacker/dev_server_proxy.rb:23:in `perform_request'
rack-proxy (0.6.5) lib/rack/proxy.rb:57:in `call'
railties (6.0.2.2) lib/rails/engine.rb:526:in `call'
puma (4.3.3) lib/puma/configuration.rb:228:in `call'
puma (4.3.3) lib/puma/server.rb:682:in `handle_request'
puma (4.3.3) lib/puma/server.rb:472:in `process_client'
puma (4.3.3) lib/puma/server.rb:328:in `block in run'
puma (4.3.3) lib/puma/thread_pool.rb:134:in `block in spawn_thread'
Started GET "/articles/2" for 127.0.0.1 at 2020-05-14 20:23:48 -0500
  [1m[35m (0.1ms)[0m  [1m[34mSELECT sqlite_version(*)[0m
  
AbstractController::ActionNotFound (The action 'content' could not be found for ArticlesController):
  
actionpack (6.0.2.2) lib/abstract_controller/base.rb:131:in `process'
actionview (6.0.2.2) lib/action_view/rendering.rb:39:in `process'
actionpack (6.0.2.2) lib/action_controller/metal.rb:191:in `dispatch'
actionpack (6.0.2.2) lib/action_controller/metal.rb:252:in `dispatch'
actionpack (6.0.2.2) lib/action_dispatch/routing/route_set.rb:51:in `dispatch'
actionpack (6.0.2.2) lib/action_dispatch/routing/route_set.rb:33:in `serve'
actionpack (6.0.2.2) lib/action_dispatch/journey/router.rb:49:in `block in serve'
actionpack (6.0.2.2) lib/action_dispatch/journey/router.rb:32:in `each'
actionpack (6.0.2.2) lib/action_dispatch/journey/router.rb:32:in `serve'
actionpack (6.0.2.2) lib/action_dispatch/routing/route_set.rb:837:in `call'
rack (2.2.2) lib/rack/tempfile_reaper.rb:15:in `call'
rack (2.2.2) lib/rack/etag.rb:27:in `call'
rack (2.2.2) lib/rack/conditional_get.rb:27:in `call'
rack (2.2.2) lib/rack/head.rb:12:in `call'
actionpack (6.0.2.2) lib/action_dispatch/http/content_security_policy.rb:18:in `call'
rack (2.2.2) lib/rack/session/abstract/id.rb:266:in `context'
rack (2.2.2) lib/rack/session/abstract/id.rb:260:in `call'
actionpack (6.0.2.2) lib/action_dispatch/middleware/cookies.rb:648:in `call'
activerecord (6.0.2.2) lib/active_record/migration.rb:567:in `call'
actionpack (6.0.2.2) lib/action_dispatch/middleware/callbacks.rb:27:in `block in call'
activesupport (6.0.2.2) lib/active_support/callbacks.rb:101:in `run_callbacks'
actionpack (6.0.2.2) lib/action_dispatch/middleware/callbacks.rb:26:in `call'
actionpack (6.0.2.2) lib/action_dispatch/middleware/executor.rb:14:in `call'
actionpack (6.0.2.2) lib/action_dispatch/middleware/actionable_exceptions.rb:17:in `call'
actionpack (6.0.2.2) lib/action_dispatch/middleware/debug_exceptions.rb:32:in `call'
web-console (4.0.1) lib/web_console/middleware.rb:132:in `call_app'
web-console (4.0.1) lib/web_console/middleware.rb:28:in `block in call'
web-console (4.0.1) lib/web_console/middleware.rb:17:in `catch'
web-console (4.0.1) lib/web_console/middleware.rb:17:in `call'
actionpack (6.0.2.2) lib/action_dispatch/middleware/show_exceptions.rb:33:in `call'
railties (6.0.2.2) lib/rails/rack/logger.rb:38:in `call_app'
railties (6.0.2.2) lib/rails/rack/logger.rb:26:in `block in call'
activesupport (6.0.2.2) lib/active_support/tagged_logging.rb:80:in `block in tagged'
activesupport (6.0.2.2) lib/active_support/tagged_logging.rb:28:in `tagged'
activesupport (6.0.2.2) lib/active_support/tagged_logging.rb:80:in `tagged'
railties (6.0.2.2) lib/rails/rack/logger.rb:26:in `call'
sprockets-rails (3.2.1) lib/sprockets/rails/quiet_assets.rb:13:in `call'
actionpack (6.0.2.2) lib/action_dispatch/middleware/remote_ip.rb:81:in `call'
actionpack (6.0.2.2) lib/action_dispatch/middleware/request_id.rb:27:in `call'
rack (2.2.2) lib/rack/method_override.rb:24:in `call'
rack (2.2.2) lib/rack/runtime.rb:22:in `call'
activesupport (6.0.2.2) lib/active_support/cache/strategy/local_cache_middleware.rb:29:in `call'
actionpack (6.0.2.2) lib/action_dispatch/middleware/executor.rb:14:in `call'
actionpack (6.0.2.2) lib/action_dispatch/middleware/static.rb:126:in `call'
rack (2.2.2) lib/rack/sendfile.rb:110:in `call'
actionpack (6.0.2.2) lib/action_dispatch/middleware/host_authorization.rb:83:in `call'
webpacker (4.2.2) lib/webpacker/dev_server_proxy.rb:23:in `perform_request'
rack-proxy (0.6.5) lib/rack/proxy.rb:57:in `call'
railties (6.0.2.2) lib/rails/engine.rb:526:in `call'
puma (4.3.3) lib/puma/configuration.rb:228:in `call'
puma (4.3.3) lib/puma/server.rb:682:in `handle_request'
puma (4.3.3) lib/puma/server.rb:472:in `process_client'
puma (4.3.3) lib/puma/server.rb:328:in `block in run'
puma (4.3.3) lib/puma/thread_pool.rb:134:in `block in spawn_thread'
Started GET "/articles/2" for 127.0.0.1 at 2020-05-14 20:24:31 -0500
  [1m[35m (0.1ms)[0m  [1m[34mSELECT sqlite_version(*)[0m
Processing by ArticlesController#show as HTML
  [1m[36mArticle Load (107.9ms)[0m  [1m[34mSELECT "articles".* FROM "articles" WHERE "articles"."id" = ? LIMIT ?[0m  [["id", 2], ["LIMIT", 1]]
  â†³ app/controllers/articles_controller.rb:4:in `show'
  Rendering articles/show.html.erb within layouts/application
  [1m[36mActionText::RichText Load (26.2ms)[0m  [1m[34mSELECT "action_text_rich_texts".* FROM "action_text_rich_texts" WHERE "action_text_rich_texts"."record_id" = ? AND "action_text_rich_texts"."record_type" = ? AND "action_text_rich_texts"."name" = ? LIMIT ?[0m  [["record_id", 2], ["record_type", "Article"], ["name", "content"], ["LIMIT", 1]]
  â†³ app/views/articles/show.html.erb:3
  Rendered articles/show.html.erb within layouts/application (Duration: 260.2ms | Allocations: 6862)
[Webpacker] Everything's up-to-date. Nothing to do
Completed 200 OK in 1718ms (Views: 498.1ms | ActiveRecord: 137.2ms | Allocations: 14871)


Started GET "/articles/1" for 127.0.0.1 at 2020-05-14 20:24:48 -0500
  [1m[35m (0.1ms)[0m  [1m[34mSELECT sqlite_version(*)[0m
Processing by ArticlesController#show as HTML
  [1m[36mArticle Load (11.5ms)[0m  [1m[34mSELECT "articles".* FROM "articles" WHERE "articles"."id" = ? LIMIT ?[0m  [["id", 2], ["LIMIT", 1]]
  â†³ app/controllers/articles_controller.rb:4:in `show'
  Rendering articles/show.html.erb within layouts/application
  [1m[36mActionText::RichText Load (0.2ms)[0m  [1m[34mSELECT "action_text_rich_texts".* FROM "action_text_rich_texts" WHERE "action_text_rich_texts"."record_id" = ? AND "action_text_rich_texts"."record_type" = ? AND "action_text_rich_texts"."name" = ? LIMIT ?[0m  [["record_id", 2], ["record_type", "Article"], ["name", "content"], ["LIMIT", 1]]
  â†³ app/views/articles/show.html.erb:3
  Rendered articles/show.html.erb within layouts/application (Duration: 192.0ms | Allocations: 6797)
[Webpacker] Everything's up-to-date. Nothing to do
Completed 200 OK in 3041ms (Views: 267.9ms | ActiveRecord: 2678.8ms | Allocations: 14597)


Started GET "/articles/1" for 127.0.0.1 at 2020-05-14 20:25:36 -0500
  [1m[35m (0.1ms)[0m  [1m[34mSELECT sqlite_version(*)[0m
Processing by ArticlesController#show as HTML
  Parameters: {"id"=>"1"}
  [1m[36mArticle Load (0.4ms)[0m  [1m[34mSELECT "articles".* FROM "articles" WHERE "articles"."id" = ? LIMIT ?[0m  [["id", 1], ["LIMIT", 1]]
  â†³ app/controllers/articles_controller.rb:4:in `show'
  Rendering articles/show.html.erb within layouts/application
  [1m[36mActionText::RichText Load (0.5ms)[0m  [1m[34mSELECT "action_text_rich_texts".* FROM "action_text_rich_texts" WHERE "action_text_rich_texts"."record_id" = ? AND "action_text_rich_texts"."record_type" = ? AND "action_text_rich_texts"."name" = ? LIMIT ?[0m  [["record_id", 1], ["record_type", "Article"], ["name", "content"], ["LIMIT", 1]]
  â†³ app/views/articles/show.html.erb:3
  Rendered articles/show.html.erb within layouts/application (Duration: 123.4ms | Allocations: 6833)
[Webpacker] Everything's up-to-date. Nothing to do
Completed 200 OK in 242ms (Views: 173.0ms | ActiveRecord: 25.8ms | Allocations: 14718)


Started GET "/articles/1" for 127.0.0.1 at 2020-05-14 20:25:47 -0500
  [1m[35m (0.1ms)[0m  [1m[34mSELECT sqlite_version(*)[0m
  
ActionController::RoutingError (No route matches [GET] "/articles/1"):
  
actionpack (6.0.2.2) lib/action_dispatch/middleware/debug_exceptions.rb:36:in `call'
web-console (4.0.1) lib/web_console/middleware.rb:132:in `call_app'
web-console (4.0.1) lib/web_console/middleware.rb:28:in `block in call'
web-console (4.0.1) lib/web_console/middleware.rb:17:in `catch'
web-console (4.0.1) lib/web_console/middleware.rb:17:in `call'
actionpack (6.0.2.2) lib/action_dispatch/middleware/show_exceptions.rb:33:in `call'
railties (6.0.2.2) lib/rails/rack/logger.rb:38:in `call_app'
railties (6.0.2.2) lib/rails/rack/logger.rb:26:in `block in call'
activesupport (6.0.2.2) lib/active_support/tagged_logging.rb:80:in `block in tagged'
activesupport (6.0.2.2) lib/active_support/tagged_logging.rb:28:in `tagged'
activesupport (6.0.2.2) lib/active_support/tagged_logging.rb:80:in `tagged'
railties (6.0.2.2) lib/rails/rack/logger.rb:26:in `call'
sprockets-rails (3.2.1) lib/sprockets/rails/quiet_assets.rb:13:in `call'
actionpack (6.0.2.2) lib/action_dispatch/middleware/remote_ip.rb:81:in `call'
actionpack (6.0.2.2) lib/action_dispatch/middleware/request_id.rb:27:in `call'
rack (2.2.2) lib/rack/method_override.rb:24:in `call'
rack (2.2.2) lib/rack/runtime.rb:22:in `call'
activesupport (6.0.2.2) lib/active_support/cache/strategy/local_cache_middleware.rb:29:in `call'
actionpack (6.0.2.2) lib/action_dispatch/middleware/executor.rb:14:in `call'
actionpack (6.0.2.2) lib/action_dispatch/middleware/static.rb:126:in `call'
rack (2.2.2) lib/rack/sendfile.rb:110:in `call'
actionpack (6.0.2.2) lib/action_dispatch/middleware/host_authorization.rb:83:in `call'
webpacker (4.2.2) lib/webpacker/dev_server_proxy.rb:23:in `perform_request'
rack-proxy (0.6.5) lib/rack/proxy.rb:57:in `call'
railties (6.0.2.2) lib/rails/engine.rb:526:in `call'
puma (4.3.3) lib/puma/configuration.rb:228:in `call'
puma (4.3.3) lib/puma/server.rb:682:in `handle_request'
puma (4.3.3) lib/puma/server.rb:472:in `process_client'
puma (4.3.3) lib/puma/server.rb:328:in `block in run'
puma (4.3.3) lib/puma/thread_pool.rb:134:in `block in spawn_thread'
Started GET "/articles/1" for 127.0.0.1 at 2020-05-14 20:26:03 -0500
  [1m[35m (0.2ms)[0m  [1m[34mSELECT sqlite_version(*)[0m
Processing by ArticlesController#show as HTML
  Parameters: {"id"=>"1"}
  [1m[36mArticle Load (0.3ms)[0m  [1m[34mSELECT "articles".* FROM "articles" WHERE "articles"."id" = ? LIMIT ?[0m  [["id", 1], ["LIMIT", 1]]
  â†³ app/controllers/articles_controller.rb:4:in `show'
  Rendering articles/show.html.erb within layouts/application
  [1m[36mActionText::RichText Load (0.3ms)[0m  [1m[34mSELECT "action_text_rich_texts".* FROM "action_text_rich_texts" WHERE "action_text_rich_texts"."record_id" = ? AND "action_text_rich_texts"."record_type" = ? AND "action_text_rich_texts"."name" = ? LIMIT ?[0m  [["record_id", 1], ["record_type", "Article"], ["name", "content"], ["LIMIT", 1]]
  â†³ app/views/articles/show.html.erb:3
  Rendered articles/show.html.erb within layouts/application (Duration: 65.7ms | Allocations: 6981)
[Webpacker] Everything's up-to-date. Nothing to do
Completed 200 OK in 94ms (Views: 75.4ms | ActiveRecord: 2.9ms | Allocations: 14844)


Started GET "/articles/1" for 127.0.0.1 at 2020-05-14 20:27:14 -0500
  [1m[35m (0.1ms)[0m  [1m[34mSELECT sqlite_version(*)[0m
Processing by ArticlesController#show as HTML
  Parameters: {"id"=>"1"}
  [1m[36mArticle Load (0.2ms)[0m  [1m[34mSELECT "articles".* FROM "articles" WHERE "articles"."id" = ? LIMIT ?[0m  [["id", 1], ["LIMIT", 1]]
  â†³ app/controllers/articles_controller.rb:4:in `show'
  Rendering articles/show.html.erb within layouts/application
  [1m[36mActionText::RichText Load (0.2ms)[0m  [1m[34mSELECT "action_text_rich_texts".* FROM "action_text_rich_texts" WHERE "action_text_rich_texts"."record_id" = ? AND "action_text_rich_texts"."record_type" = ? AND "action_text_rich_texts"."name" = ? LIMIT ?[0m  [["record_id", 1], ["record_type", "Article"], ["name", "content"], ["LIMIT", 1]]
  â†³ app/views/articles/show.html.erb:3
  Rendered articles/show.html.erb within layouts/application (Duration: 17.3ms | Allocations: 6856)
[Webpacker] Everything's up-to-date. Nothing to do
Completed 200 OK in 66ms (Views: 51.5ms | ActiveRecord: 2.4ms | Allocations: 15408)


Started GET "/articles/1" for 127.0.0.1 at 2020-05-14 20:27:15 -0500
Processing by ArticlesController#show as HTML
  Parameters: {"id"=>"1"}
  [1m[36mArticle Load (0.2ms)[0m  [1m[34mSELECT "articles".* FROM "articles" WHERE "articles"."id" = ? LIMIT ?[0m  [["id", 1], ["LIMIT", 1]]
  â†³ app/controllers/articles_controller.rb:4:in `show'
  Rendering articles/show.html.erb within layouts/application
  [1m[36mActionText::RichText Load (0.2ms)[0m  [1m[34mSELECT "action_text_rich_texts".* FROM "action_text_rich_texts" WHERE "action_text_rich_texts"."record_id" = ? AND "action_text_rich_texts"."record_type" = ? AND "action_text_rich_texts"."name" = ? LIMIT ?[0m  [["record_id", 1], ["record_type", "Article"], ["name", "content"], ["LIMIT", 1]]
  â†³ app/views/articles/show.html.erb:3
  Rendered articles/show.html.erb within layouts/application (Duration: 2.9ms | Allocations: 1001)
[Webpacker] Everything's up-to-date. Nothing to do
Completed 200 OK in 11ms (Views: 9.2ms | ActiveRecord: 0.3ms | Allocations: 5323)


Started GET "/articles/1" for 127.0.0.1 at 2020-05-14 20:27:16 -0500
Processing by ArticlesController#show as HTML
  Parameters: {"id"=>"1"}
  [1m[36mArticle Load (0.2ms)[0m  [1m[34mSELECT "articles".* FROM "articles" WHERE "articles"."id" = ? LIMIT ?[0m  [["id", 1], ["LIMIT", 1]]
  â†³ app/controllers/articles_controller.rb:4:in `show'
  Rendering articles/show.html.erb within layouts/application
  [1m[36mActionText::RichText Load (0.2ms)[0m  [1m[34mSELECT "action_text_rich_texts".* FROM "action_text_rich_texts" WHERE "action_text_rich_texts"."record_id" = ? AND "action_text_rich_texts"."record_type" = ? AND "action_text_rich_texts"."name" = ? LIMIT ?[0m  [["record_id", 1], ["record_type", "Article"], ["name", "content"], ["LIMIT", 1]]
  â†³ app/views/articles/show.html.erb:3
  Rendered articles/show.html.erb within layouts/application (Duration: 3.3ms | Allocations: 1001)
[Webpacker] Everything's up-to-date. Nothing to do
Completed 200 OK in 12ms (Views: 9.2ms | ActiveRecord: 0.4ms | Allocations: 5321)


Started GET "/articles/1" for 127.0.0.1 at 2020-05-14 20:27:16 -0500
Processing by ArticlesController#show as HTML
  Parameters: {"id"=>"1"}
  [1m[36mArticle Load (0.1ms)[0m  [1m[34mSELECT "articles".* FROM "articles" WHERE "articles"."id" = ? LIMIT ?[0m  [["id", 1], ["LIMIT", 1]]
  â†³ app/controllers/articles_controller.rb:4:in `show'
  Rendering articles/show.html.erb within layouts/application
  [1m[36mActionText::RichText Load (0.2ms)[0m  [1m[34mSELECT "action_text_rich_texts".* FROM "action_text_rich_texts" WHERE "action_text_rich_texts"."record_id" = ? AND "action_text_rich_texts"."record_type" = ? AND "action_text_rich_texts"."name" = ? LIMIT ?[0m  [["record_id", 1], ["record_type", "Article"], ["name", "content"], ["LIMIT", 1]]
  â†³ app/views/articles/show.html.erb:3
  Rendered articles/show.html.erb within layouts/application (Duration: 3.4ms | Allocations: 1001)
[Webpacker] Everything's up-to-date. Nothing to do
Completed 200 OK in 12ms (Views: 10.0ms | ActiveRecord: 0.3ms | Allocations: 5317)


Started GET "/articles/1" for 127.0.0.1 at 2020-05-14 20:27:17 -0500
Processing by ArticlesController#show as HTML
  Parameters: {"id"=>"1"}
  [1m[36mArticle Load (0.1ms)[0m  [1m[34mSELECT "articles".* FROM "articles" WHERE "articles"."id" = ? LIMIT ?[0m  [["id", 1], ["LIMIT", 1]]
  â†³ app/controllers/articles_controller.rb:4:in `show'
  Rendering articles/show.html.erb within layouts/application
  [1m[36mActionText::RichText Load (0.2ms)[0m  [1m[34mSELECT "action_text_rich_texts".* FROM "action_text_rich_texts" WHERE "action_text_rich_texts"."record_id" = ? AND "action_text_rich_texts"."record_type" = ? AND "action_text_rich_texts"."name" = ? LIMIT ?[0m  [["record_id", 1], ["record_type", "Article"], ["name", "content"], ["LIMIT", 1]]
  â†³ app/views/articles/show.html.erb:3
  Rendered articles/show.html.erb within layouts/application (Duration: 3.1ms | Allocations: 1001)
[Webpacker] Everything's up-to-date. Nothing to do
Completed 200 OK in 79ms (Views: 76.0ms | ActiveRecord: 0.3ms | Allocations: 5319)


Started GET "/articles/1" for 127.0.0.1 at 2020-05-14 20:27:17 -0500
Processing by ArticlesController#show as HTML
  Parameters: {"id"=>"1"}
  [1m[36mArticle Load (0.1ms)[0m  [1m[34mSELECT "articles".* FROM "articles" WHERE "articles"."id" = ? LIMIT ?[0m  [["id", 1], ["LIMIT", 1]]
  â†³ app/controllers/articles_controller.rb:4:in `show'
  Rendering articles/show.html.erb within layouts/application
  [1m[36mActionText::RichText Load (0.1ms)[0m  [1m[34mSELECT "action_text_rich_texts".* FROM "action_text_rich_texts" WHERE "action_text_rich_texts"."record_id" = ? AND "action_text_rich_texts"."record_type" = ? AND "action_text_rich_texts"."name" = ? LIMIT ?[0m  [["record_id", 1], ["record_type", "Article"], ["name", "content"], ["LIMIT", 1]]
  â†³ app/views/articles/show.html.erb:3
  Rendered articles/show.html.erb within layouts/application (Duration: 2.3ms | Allocations: 1001)
[Webpacker] Everything's up-to-date. Nothing to do
Completed 200 OK in 91ms (Views: 88.6ms | ActiveRecord: 0.2ms | Allocations: 5321)


Started GET "/articles/1" for 127.0.0.1 at 2020-05-14 20:29:07 -0500
  [1m[35m (0.1ms)[0m  [1m[34mSELECT sqlite_version(*)[0m
Processing by ArticlesController#show as HTML
  Parameters: {"id"=>"1"}
  [1m[36mArticle Load (0.2ms)[0m  [1m[34mSELECT "articles".* FROM "articles" WHERE "articles"."id" = ? LIMIT ?[0m  [["id", 1], ["LIMIT", 1]]
  â†³ app/controllers/articles_controller.rb:7:in `show'
  Rendering articles/show.html.erb within layouts/application
  [1m[36mActionText::RichText Load (0.2ms)[0m  [1m[34mSELECT "action_text_rich_texts".* FROM "action_text_rich_texts" WHERE "action_text_rich_texts"."record_id" = ? AND "action_text_rich_texts"."record_type" = ? AND "action_text_rich_texts"."name" = ? LIMIT ?[0m  [["record_id", 1], ["record_type", "Article"], ["name", "content"], ["LIMIT", 1]]
  â†³ app/views/articles/show.html.erb:3
  Rendered articles/show.html.erb within layouts/application (Duration: 14.7ms | Allocations: 6856)
[Webpacker] Everything's up-to-date. Nothing to do
Completed 200 OK in 35ms (Views: 21.4ms | ActiveRecord: 1.8ms | Allocations: 15493)


Started GET "/articles/1" for 127.0.0.1 at 2020-05-14 20:29:08 -0500
Processing by ArticlesController#show as HTML
  Parameters: {"id"=>"1"}
  [1m[36mArticle Load (0.2ms)[0m  [1m[34mSELECT "articles".* FROM "articles" WHERE "articles"."id" = ? LIMIT ?[0m  [["id", 1], ["LIMIT", 1]]
  â†³ app/controllers/articles_controller.rb:7:in `show'
  Rendering articles/show.html.erb within layouts/application
  [1m[36mActionText::RichText Load (0.1ms)[0m  [1m[34mSELECT "action_text_rich_texts".* FROM "action_text_rich_texts" WHERE "action_text_rich_texts"."record_id" = ? AND "action_text_rich_texts"."record_type" = ? AND "action_text_rich_texts"."name" = ? LIMIT ?[0m  [["record_id", 1], ["record_type", "Article"], ["name", "content"], ["LIMIT", 1]]
  â†³ app/views/articles/show.html.erb:3
  Rendered articles/show.html.erb within layouts/application (Duration: 2.4ms | Allocations: 1001)
[Webpacker] Everything's up-to-date. Nothing to do
Completed 200 OK in 132ms (Views: 128.2ms | ActiveRecord: 0.3ms | Allocations: 5320)


Started GET "/articles/1" for 127.0.0.1 at 2020-05-14 20:29:09 -0500
Processing by ArticlesController#show as HTML
  Parameters: {"id"=>"1"}
  [1m[36mArticle Load (0.2ms)[0m  [1m[34mSELECT "articles".* FROM "articles" WHERE "articles"."id" = ? LIMIT ?[0m  [["id", 1], ["LIMIT", 1]]
  â†³ app/controllers/articles_controller.rb:7:in `show'
  Rendering articles/show.html.erb within layouts/application
  [1m[36mActionText::RichText Load (0.2ms)[0m  [1m[34mSELECT "action_text_rich_texts".* FROM "action_text_rich_texts" WHERE "action_text_rich_texts"."record_id" = ? AND "action_text_rich_texts"."record_type" = ? AND "action_text_rich_texts"."name" = ? LIMIT ?[0m  [["record_id", 1], ["record_type", "Article"], ["name", "content"], ["LIMIT", 1]]
  â†³ app/views/articles/show.html.erb:3
  Rendered articles/show.html.erb within layouts/application (Duration: 4.5ms | Allocations: 1001)
[Webpacker] Everything's up-to-date. Nothing to do
Completed 200 OK in 135ms (Views: 131.3ms | ActiveRecord: 0.4ms | Allocations: 5320)


Started GET "/articles/1" for 127.0.0.1 at 2020-05-14 20:29:10 -0500
Processing by ArticlesController#show as HTML
  Parameters: {"id"=>"1"}
  [1m[36mArticle Load (0.2ms)[0m  [1m[34mSELECT "articles".* FROM "articles" WHERE "articles"."id" = ? LIMIT ?[0m  [["id", 1], ["LIMIT", 1]]
  â†³ app/controllers/articles_controller.rb:7:in `show'
  Rendering articles/show.html.erb within layouts/application
  [1m[36mActionText::RichText Load (0.1ms)[0m  [1m[34mSELECT "action_text_rich_texts".* FROM "action_text_rich_texts" WHERE "action_text_rich_texts"."record_id" = ? AND "action_text_rich_texts"."record_type" = ? AND "action_text_rich_texts"."name" = ? LIMIT ?[0m  [["record_id", 1], ["record_type", "Article"], ["name", "content"], ["LIMIT", 1]]
  â†³ app/views/articles/show.html.erb:3
  Rendered articles/show.html.erb within layouts/application (Duration: 2.8ms | Allocations: 1001)
[Webpacker] Everything's up-to-date. Nothing to do
Completed 200 OK in 14ms (Views: 11.4ms | ActiveRecord: 0.3ms | Allocations: 5307)


Started GET "/articles/1" for 127.0.0.1 at 2020-05-14 20:30:56 -0500
  [1m[35m (0.1ms)[0m  [1m[34mSELECT sqlite_version(*)[0m
Processing by ArticlesController#show as HTML
  Parameters: {"id"=>"1"}
  [1m[36mArticle Load (0.2ms)[0m  [1m[34mSELECT "articles".* FROM "articles" WHERE "articles"."id" = ? LIMIT ?[0m  [["id", 1], ["LIMIT", 1]]
  â†³ app/controllers/articles_controller.rb:12:in `show'
  Rendering articles/show.html.erb within layouts/application
  Rendered articles/show.html.erb within layouts/application (Duration: 169.0ms | Allocations: 2883)
Completed 500 Internal Server Error in 184ms (ActiveRecord: 1.1ms | Allocations: 8061)


  
ActionView::Template::Error (undefined method `content' for #<Article:0x00007f9834ee5fd8>):
    1: <h1><%=@article.title%></h1>
    2: <div>
    3: <%= @article.content %>
    4: </div>
  
app/views/articles/show.html.erb:3
Started GET "/articles/1" for 127.0.0.1 at 2020-05-14 20:31:45 -0500
  [1m[35m (0.2ms)[0m  [1m[34mSELECT sqlite_version(*)[0m
Processing by ArticlesController#show as HTML
  Parameters: {"id"=>"1"}
  [1m[36mArticle Load (0.3ms)[0m  [1m[34mSELECT "articles".* FROM "articles" WHERE "articles"."id" = ? LIMIT ?[0m  [["id", 1], ["LIMIT", 1]]
  â†³ app/controllers/articles_controller.rb:6:in `show'
  Rendering articles/show.html.erb within layouts/application
  [1m[36mActionText::RichText Load (0.3ms)[0m  [1m[34mSELECT "action_text_rich_texts".* FROM "action_text_rich_texts" WHERE "action_text_rich_texts"."record_id" = ? AND "action_text_rich_texts"."record_type" = ? AND "action_text_rich_texts"."name" = ? LIMIT ?[0m  [["record_id", 1], ["record_type", "Article"], ["name", "content"], ["LIMIT", 1]]
  â†³ app/views/articles/show.html.erb:3
  Rendered articles/show.html.erb within layouts/application (Duration: 34.1ms | Allocations: 6858)
[Webpacker] Everything's up-to-date. Nothing to do
Completed 200 OK in 438ms (Views: 45.3ms | ActiveRecord: 372.7ms | Allocations: 15501)


Started GET "/articles/1" for 127.0.0.1 at 2020-05-14 20:31:55 -0500
  [1m[35m (0.1ms)[0m  [1m[34mSELECT sqlite_version(*)[0m
Processing by ArticlesController#show as HTML
  Parameters: {"id"=>"1"}
  [1m[36mArticle Load (0.2ms)[0m  [1m[34mSELECT "articles".* FROM "articles" WHERE "articles"."id" = ? LIMIT ?[0m  [["id", 1], ["LIMIT", 1]]
  â†³ app/controllers/articles_controller.rb:6:in `show'
  Rendering articles/show.html.erb within layouts/application
  [1m[36mActionText::RichText Load (0.2ms)[0m  [1m[34mSELECT "action_text_rich_texts".* FROM "action_text_rich_texts" WHERE "action_text_rich_texts"."record_id" = ? AND "action_text_rich_texts"."record_type" = ? AND "action_text_rich_texts"."name" = ? LIMIT ?[0m  [["record_id", 1], ["record_type", "Article"], ["name", "content"], ["LIMIT", 1]]
  â†³ app/views/articles/show.html.erb:3
  Rendered articles/show.html.erb within layouts/application (Duration: 20.6ms | Allocations: 6797)
[Webpacker] Everything's up-to-date. Nothing to do
Completed 200 OK in 50ms (Views: 34.7ms | ActiveRecord: 2.5ms | Allocations: 14760)


Started GET "/articles/1" for 127.0.0.1 at 2020-05-14 20:31:57 -0500
Processing by ArticlesController#show as HTML
  Parameters: {"id"=>"1"}
  [1m[36mArticle Load (0.3ms)[0m  [1m[34mSELECT "articles".* FROM "articles" WHERE "articles"."id" = ? LIMIT ?[0m  [["id", 1], ["LIMIT", 1]]
  â†³ app/controllers/articles_controller.rb:6:in `show'
  Rendering articles/show.html.erb within layouts/application
  [1m[36mActionText::RichText Load (0.2ms)[0m  [1m[34mSELECT "action_text_rich_texts".* FROM "action_text_rich_texts" WHERE "action_text_rich_texts"."record_id" = ? AND "action_text_rich_texts"."record_type" = ? AND "action_text_rich_texts"."name" = ? LIMIT ?[0m  [["record_id", 1], ["record_type", "Article"], ["name", "content"], ["LIMIT", 1]]
  â†³ app/views/articles/show.html.erb:3
  Rendered articles/show.html.erb within layouts/application (Duration: 3.5ms | Allocations: 1001)
[Webpacker] Everything's up-to-date. Nothing to do
Completed 200 OK in 14ms (Views: 10.3ms | ActiveRecord: 0.4ms | Allocations: 5319)


Started GET "/articles/1" for 127.0.0.1 at 2020-05-14 20:34:09 -0500
  [1m[35m (0.1ms)[0m  [1m[34mSELECT sqlite_version(*)[0m
Processing by ArticlesController#show as HTML
  Parameters: {"id"=>"1"}
  Rendering articles/show.html.erb within layouts/application
  Rendered articles/show.html.erb within layouts/application (Duration: 25904.9ms | Allocations: 124763)
Completed 500 Internal Server Error in 25911ms (ActiveRecord: 0.0ms | Allocations: 125902)


  
ActionView::Template::Error (undefined local variable or method `article' for #<#<Class:0x00007f9834e581d8>:0x00007f9834e52ee0>):
    1: #<h1><%=article.title%></h1>
    2: #<div>
    3: #<%= @article.content %>
    4: #</div>
  
app/views/articles/show.html.erb:1
Started GET "/articles/1" for 127.0.0.1 at 2020-05-14 20:36:43 -0500
  [1m[35m (0.1ms)[0m  [1m[34mSELECT sqlite_version(*)[0m
  
ActionController::RoutingError (No route matches [GET] "/articles/1"):
  
actionpack (6.0.2.2) lib/action_dispatch/middleware/debug_exceptions.rb:36:in `call'
web-console (4.0.1) lib/web_console/middleware.rb:132:in `call_app'
web-console (4.0.1) lib/web_console/middleware.rb:28:in `block in call'
web-console (4.0.1) lib/web_console/middleware.rb:17:in `catch'
web-console (4.0.1) lib/web_console/middleware.rb:17:in `call'
actionpack (6.0.2.2) lib/action_dispatch/middleware/show_exceptions.rb:33:in `call'
railties (6.0.2.2) lib/rails/rack/logger.rb:38:in `call_app'
railties (6.0.2.2) lib/rails/rack/logger.rb:26:in `block in call'
activesupport (6.0.2.2) lib/active_support/tagged_logging.rb:80:in `block in tagged'
activesupport (6.0.2.2) lib/active_support/tagged_logging.rb:28:in `tagged'
activesupport (6.0.2.2) lib/active_support/tagged_logging.rb:80:in `tagged'
railties (6.0.2.2) lib/rails/rack/logger.rb:26:in `call'
sprockets-rails (3.2.1) lib/sprockets/rails/quiet_assets.rb:13:in `call'
actionpack (6.0.2.2) lib/action_dispatch/middleware/remote_ip.rb:81:in `call'
actionpack (6.0.2.2) lib/action_dispatch/middleware/request_id.rb:27:in `call'
rack (2.2.2) lib/rack/method_override.rb:24:in `call'
rack (2.2.2) lib/rack/runtime.rb:22:in `call'
activesupport (6.0.2.2) lib/active_support/cache/strategy/local_cache_middleware.rb:29:in `call'
actionpack (6.0.2.2) lib/action_dispatch/middleware/executor.rb:14:in `call'
actionpack (6.0.2.2) lib/action_dispatch/middleware/static.rb:126:in `call'
rack (2.2.2) lib/rack/sendfile.rb:110:in `call'
actionpack (6.0.2.2) lib/action_dispatch/middleware/host_authorization.rb:83:in `call'
webpacker (4.2.2) lib/webpacker/dev_server_proxy.rb:23:in `perform_request'
rack-proxy (0.6.5) lib/rack/proxy.rb:57:in `call'
railties (6.0.2.2) lib/rails/engine.rb:526:in `call'
puma (4.3.3) lib/puma/configuration.rb:228:in `call'
puma (4.3.3) lib/puma/server.rb:682:in `handle_request'
puma (4.3.3) lib/puma/server.rb:472:in `process_client'
puma (4.3.3) lib/puma/server.rb:328:in `block in run'
puma (4.3.3) lib/puma/thread_pool.rb:134:in `block in spawn_thread'
Started GET "/articles/2" for 127.0.0.1 at 2020-05-14 20:37:06 -0500
  [1m[35m (0.1ms)[0m  [1m[34mSELECT sqlite_version(*)[0m
Processing by ArticlesController#show as HTML
  Parameters: {"id"=>"2"}
  Rendering articles/show.html.erb within layouts/application
  Rendered articles/show.html.erb within layouts/application (Duration: 0.4ms | Allocations: 72)
[Webpacker] Everything's up-to-date. Nothing to do
Completed 200 OK in 33ms (Views: 31.6ms | ActiveRecord: 0.0ms | Allocations: 4978)


Started GET "/articles/new" for 127.0.0.1 at 2020-05-14 20:37:22 -0500
  [1m[35m (0.1ms)[0m  [1m[34mSELECT sqlite_version(*)[0m
Processing by ArticlesController#new as HTML
  Rendering articles/new.html.erb within layouts/application
  Rendered articles/new.html.erb within layouts/application (Duration: 56.0ms | Allocations: 7356)
[Webpacker] Everything's up-to-date. Nothing to do
Completed 200 OK in 81ms (Views: 67.3ms | ActiveRecord: 1.8ms | Allocations: 14719)


Started GET "/articles/new" for 127.0.0.1 at 2020-05-14 20:37:58 -0500
  [1m[35m (0.1ms)[0m  [1m[34mSELECT sqlite_version(*)[0m
Processing by ArticlesController#new as HTML
  Rendering articles/new.html.erb within layouts/application
  Rendered articles/new.html.erb within layouts/application (Duration: 46.3ms | Allocations: 7193)
[Webpacker] Everything's up-to-date. Nothing to do
Completed 200 OK in 92ms (Views: 72.0ms | ActiveRecord: 2.3ms | Allocations: 15157)


Started POST "/articles" for 127.0.0.1 at 2020-05-14 20:39:24 -0500
Processing by ArticlesController#create as HTML
  Parameters: {"authenticity_token"=>"4iq9nfeeylapVKWaHfvaKlGmbVkUBjtOZ+6a97/JNMqEjls3gscEWO037ow46bE5d1phB3MPZjIYMe4SLMSlZw==", "article"=>{"title"=>"Mi primer blog ", "content"=>"<div>hello my name is yadira<br>here!!!!</div><blockquote><a href=\"http:/codigofacilito.com/usuaruo\"><del>link</del></a></blockquote><div><br></div>"}, "commit"=>"Create Article"}
  [1m[35m (0.1ms)[0m  [1m[36mbegin transaction[0m
  â†³ app/controllers/articles_controller.rb:13:in `create'
  [1m[36mArticle Create (37.3ms)[0m  [1m[32mINSERT INTO "articles" ("title", "created_at", "updated_at") VALUES (?, ?, ?)[0m  [["title", "Mi primer blog "], ["created_at", "2020-05-15 01:39:24.500620"], ["updated_at", "2020-05-15 01:39:24.500620"]]
  â†³ app/controllers/articles_controller.rb:13:in `create'
/home/yadira/.rvm/gems/ruby-2.7.1/gems/activerecord-6.0.2.2/lib/active_record/store.rb:106: warning: Using the last argument as keyword parameters is deprecated; maybe ** should be added to the call
/home/yadira/.rvm/gems/ruby-2.7.1/gems/activerecord-6.0.2.2/lib/active_record/store.rb:109: warning: The called method `store_accessor' is defined here
  [1m[36mActionText::RichText Create (5.5ms)[0m  [1m[32mINSERT INTO "action_text_rich_texts" ("name", "body", "record_type", "record_id", "created_at", "updated_at") VALUES (?, ?, ?, ?, ?, ?)[0m  [["name", "content"], ["body", "<div>hello my name is yadira<br>here!!!!</div><blockquote><a href=\"http:/codigofacilito.com/usuaruo\"><del>link</del></a></blockquote><div><br></div>"], ["record_type", "Article"], ["record_id", 19], ["created_at", "2020-05-15 01:39:24.870032"], ["updated_at", "2020-05-15 01:39:24.870032"]]
  â†³ app/controllers/articles_controller.rb:13:in `create'
  [1m[36mActiveStorage::Attachment Load (6.4ms)[0m  [1m[34mSELECT "active_storage_attachments".* FROM "active_storage_attachments" WHERE "active_storage_attachments"."record_id" = ? AND "active_storage_attachments"."record_type" = ? AND "active_storage_attachments"."name" = ?[0m  [["record_id", 3], ["record_type", "ActionText::RichText"], ["name", "embeds"]]
  â†³ app/controllers/articles_controller.rb:13:in `create'
  [1m[36mArticle Update (0.1ms)[0m  [1m[33mUPDATE "articles" SET "updated_at" = ? WHERE "articles"."id" = ?[0m  [["updated_at", "2020-05-15 01:39:24.880792"], ["id", 19]]
  â†³ app/controllers/articles_controller.rb:13:in `create'
  [1m[35m (66.2ms)[0m  [1m[36mcommit transaction[0m
  â†³ app/controllers/articles_controller.rb:13:in `create'
Completed 200 OK in 577ms (Views: 0.5ms | ActiveRecord: 115.9ms | Allocations: 21625)


Started GET "/articles/2" for 127.0.0.1 at 2020-05-14 20:39:36 -0500
Processing by ArticlesController#show as HTML
  Parameters: {"id"=>"2"}
  Rendering articles/show.html.erb within layouts/application
  Rendered articles/show.html.erb within layouts/application (Duration: 237.4ms | Allocations: 124991)
Completed 500 Internal Server Error in 240ms (ActiveRecord: 0.0ms | Allocations: 125517)


  
ActionView::Template::Error (undefined local variable or method `article' for #<#<Class:0x00007f9834d26ee0>:0x00007f9834c89820>
Did you mean?  articles_url):
    1: 
    2: <h1><%=article.title%></h1>
    3: <div>
    4: <%= @article.content %>
    5: </div>
  
app/views/articles/show.html.erb:2
Started GET "/articles/2" for 127.0.0.1 at 2020-05-14 20:40:00 -0500
  [1m[35m (0.1ms)[0m  [1m[34mSELECT sqlite_version(*)[0m
Processing by ArticlesController#show as HTML
  Parameters: {"id"=>"2"}
  [1m[36mArticle Load (0.1ms)[0m  [1m[34mSELECT "articles".* FROM "articles" WHERE "articles"."id" = ? LIMIT ?[0m  [["id", 2], ["LIMIT", 1]]
  â†³ app/controllers/articles_controller.rb:6:in `show'
  Rendering articles/show.html.erb within layouts/application
  Rendered articles/show.html.erb within layouts/application (Duration: 376.6ms | Allocations: 125253)
Completed 500 Internal Server Error in 390ms (ActiveRecord: 0.9ms | Allocations: 129786)


  
ActionView::Template::Error (undefined local variable or method `article' for #<#<Class:0x00007f9834b5a738>:0x00007f9834b580a0>
Did you mean?  @article):
    1: 
    2: <h1><%=article.title%></h1>
    3: <div>
    4: <%= @article.content %>
    5: </div>
  
app/views/articles/show.html.erb:2
Started GET "/articles/1" for 127.0.0.1 at 2020-05-14 20:40:13 -0500
  [1m[35m (0.1ms)[0m  [1m[34mSELECT sqlite_version(*)[0m
Processing by ArticlesController#show as HTML
  Parameters: {"id"=>"1"}
  [1m[36mArticle Load (0.1ms)[0m  [1m[34mSELECT "articles".* FROM "articles" WHERE "articles"."id" = ? LIMIT ?[0m  [["id", 1], ["LIMIT", 1]]
  â†³ app/controllers/articles_controller.rb:5:in `show'
  Rendering articles/show.html.erb within layouts/application
  Rendered articles/show.html.erb within layouts/application (Duration: 250.6ms | Allocations: 125258)
Completed 500 Internal Server Error in 263ms (ActiveRecord: 0.8ms | Allocations: 129791)


  
ActionView::Template::Error (undefined local variable or method `article' for #<#<Class:0x000055ff6ad11ef0>:0x000055ff6ad01c08>
Did you mean?  @article):
    1: 
    2: <h1><%=article.title%></h1>
    3: <div>
    4: <%= @article.content %>
    5: </div>
  
app/views/articles/show.html.erb:2
Started GET "/articles/1" for 127.0.0.1 at 2020-05-14 20:41:08 -0500
Processing by ArticlesController#show as HTML
  Parameters: {"id"=>"1"}
  [1m[36mArticle Load (0.1ms)[0m  [1m[34mSELECT "articles".* FROM "articles" WHERE "articles"."id" = ? LIMIT ?[0m  [["id", 1], ["LIMIT", 1]]
  â†³ app/controllers/articles_controller.rb:5:in `show'
  Rendering articles/show.html.erb within layouts/application
  [1m[36mActionText::RichText Load (0.2ms)[0m  [1m[34mSELECT "action_text_rich_texts".* FROM "action_text_rich_texts" WHERE "action_text_rich_texts"."record_id" = ? AND "action_text_rich_texts"."record_type" = ? AND "action_text_rich_texts"."name" = ? LIMIT ?[0m  [["record_id", 1], ["record_type", "Article"], ["name", "content"], ["LIMIT", 1]]
  â†³ app/views/articles/show.html.erb:3
  Rendered articles/show.html.erb within layouts/application (Duration: 24.8ms | Allocations: 8998)
[Webpacker] Everything's up-to-date. Nothing to do
Completed 200 OK in 37ms (Views: 33.7ms | ActiveRecord: 1.1ms | Allocations: 14156)


Started GET "/articles/2" for 127.0.0.1 at 2020-05-14 20:41:13 -0500
Processing by ArticlesController#show as HTML
  Parameters: {"id"=>"2"}
  [1m[36mArticle Load (0.2ms)[0m  [1m[34mSELECT "articles".* FROM "articles" WHERE "articles"."id" = ? LIMIT ?[0m  [["id", 2], ["LIMIT", 1]]
  â†³ app/controllers/articles_controller.rb:5:in `show'
  Rendering articles/show.html.erb within layouts/application
  [1m[36mActionText::RichText Load (0.1ms)[0m  [1m[34mSELECT "action_text_rich_texts".* FROM "action_text_rich_texts" WHERE "action_text_rich_texts"."record_id" = ? AND "action_text_rich_texts"."record_type" = ? AND "action_text_rich_texts"."name" = ? LIMIT ?[0m  [["record_id", 2], ["record_type", "Article"], ["name", "content"], ["LIMIT", 1]]
  â†³ app/views/articles/show.html.erb:3
  Rendered articles/show.html.erb within layouts/application (Duration: 2.3ms | Allocations: 1001)
[Webpacker] Everything's up-to-date. Nothing to do
Completed 200 OK in 15ms (Views: 11.5ms | ActiveRecord: 0.3ms | Allocations: 5316)


Started GET "/articles/4" for 127.0.0.1 at 2020-05-14 20:41:17 -0500
Processing by ArticlesController#show as HTML
  Parameters: {"id"=>"4"}
  [1m[36mArticle Load (0.2ms)[0m  [1m[34mSELECT "articles".* FROM "articles" WHERE "articles"."id" = ? LIMIT ?[0m  [["id", 4], ["LIMIT", 1]]
  â†³ app/controllers/articles_controller.rb:5:in `show'
  Rendering articles/show.html.erb within layouts/application
  [1m[36mActionText::RichText Load (0.2ms)[0m  [1m[34mSELECT "action_text_rich_texts".* FROM "action_text_rich_texts" WHERE "action_text_rich_texts"."record_id" = ? AND "action_text_rich_texts"."record_type" = ? AND "action_text_rich_texts"."name" = ? LIMIT ?[0m  [["record_id", 4], ["record_type", "Article"], ["name", "content"], ["LIMIT", 1]]
  â†³ app/views/articles/show.html.erb:3
  Rendered articles/show.html.erb within layouts/application (Duration: 3.8ms | Allocations: 1001)
[Webpacker] Everything's up-to-date. Nothing to do
Completed 200 OK in 17ms (Views: 13.7ms | ActiveRecord: 0.4ms | Allocations: 5317)


Started GET "/articles/6" for 127.0.0.1 at 2020-05-14 20:41:21 -0500
Processing by ArticlesController#show as HTML
  Parameters: {"id"=>"6"}
  [1m[36mArticle Load (0.3ms)[0m  [1m[34mSELECT "articles".* FROM "articles" WHERE "articles"."id" = ? LIMIT ?[0m  [["id", 6], ["LIMIT", 1]]
  â†³ app/controllers/articles_controller.rb:5:in `show'
  Rendering articles/show.html.erb within layouts/application
  [1m[36mActionText::RichText Load (0.2ms)[0m  [1m[34mSELECT "action_text_rich_texts".* FROM "action_text_rich_texts" WHERE "action_text_rich_texts"."record_id" = ? AND "action_text_rich_texts"."record_type" = ? AND "action_text_rich_texts"."name" = ? LIMIT ?[0m  [["record_id", 6], ["record_type", "Article"], ["name", "content"], ["LIMIT", 1]]
  â†³ app/views/articles/show.html.erb:3
  Rendered articles/show.html.erb within layouts/application (Duration: 5.0ms | Allocations: 1001)
[Webpacker] Everything's up-to-date. Nothing to do
Completed 200 OK in 19ms (Views: 15.7ms | ActiveRecord: 0.5ms | Allocations: 5313)


Started GET "/articles/4" for 127.0.0.1 at 2020-05-14 20:41:26 -0500
Processing by ArticlesController#show as HTML
  Parameters: {"id"=>"4"}
  [1m[36mArticle Load (0.2ms)[0m  [1m[34mSELECT "articles".* FROM "articles" WHERE "articles"."id" = ? LIMIT ?[0m  [["id", 4], ["LIMIT", 1]]
  â†³ app/controllers/articles_controller.rb:5:in `show'
  Rendering articles/show.html.erb within layouts/application
  [1m[36mActionText::RichText Load (0.1ms)[0m  [1m[34mSELECT "action_text_rich_texts".* FROM "action_text_rich_texts" WHERE "action_text_rich_texts"."record_id" = ? AND "action_text_rich_texts"."record_type" = ? AND "action_text_rich_texts"."name" = ? LIMIT ?[0m  [["record_id", 4], ["record_type", "Article"], ["name", "content"], ["LIMIT", 1]]
  â†³ app/views/articles/show.html.erb:3
  Rendered articles/show.html.erb within layouts/application (Duration: 2.8ms | Allocations: 1001)
[Webpacker] Everything's up-to-date. Nothing to do
Completed 200 OK in 19ms (Views: 16.3ms | ActiveRecord: 0.3ms | Allocations: 5319)


Started GET "/articles/new" for 127.0.0.1 at 2020-05-14 20:41:30 -0500
Processing by ArticlesController#new as HTML
  Rendering articles/new.html.erb within layouts/application
  Rendered articles/new.html.erb within layouts/application (Duration: 6.5ms | Allocations: 1414)
[Webpacker] Everything's up-to-date. Nothing to do
Completed 200 OK in 16ms (Views: 14.1ms | ActiveRecord: 0.0ms | Allocations: 5417)


Started POST "/articles" for 127.0.0.1 at 2020-05-14 20:42:15 -0500
Processing by ArticlesController#create as HTML
  Parameters: {"authenticity_token"=>"3VE3bFeT4HbxItjC/ZZTwX3odGCn0rVqtp9Ppfkwu2O79dHGIsoueLVBk9TYhDjSWxR4PsDb6BbJQDtAaj0qzg==", "article"=>{"title"=>"yadddd", "content"=>"<div>jsdjkdlvjdsjkldlkvdd</div>"}, "commit"=>"Create Article"}
  [1m[35m (0.2ms)[0m  [1m[36mbegin transaction[0m
  â†³ app/controllers/articles_controller.rb:12:in `create'
  [1m[36mArticle Create (0.4ms)[0m  [1m[32mINSERT INTO "articles" ("title", "created_at", "updated_at") VALUES (?, ?, ?)[0m  [["title", "yadddd"], ["created_at", "2020-05-15 01:42:15.856962"], ["updated_at", "2020-05-15 01:42:15.856962"]]
  â†³ app/controllers/articles_controller.rb:12:in `create'
  [1m[36mActionText::RichText Create (0.2ms)[0m  [1m[32mINSERT INTO "action_text_rich_texts" ("name", "body", "record_type", "record_id", "created_at", "updated_at") VALUES (?, ?, ?, ?, ?, ?)[0m  [["name", "content"], ["body", "<div>jsdjkdlvjdsjkldlkvdd</div>"], ["record_type", "Article"], ["record_id", 20], ["created_at", "2020-05-15 01:42:15.875844"], ["updated_at", "2020-05-15 01:42:15.875844"]]
  â†³ app/controllers/articles_controller.rb:12:in `create'
  [1m[36mActiveStorage::Attachment Load (0.2ms)[0m  [1m[34mSELECT "active_storage_attachments".* FROM "active_storage_attachments" WHERE "active_storage_attachments"."record_id" = ? AND "active_storage_attachments"."record_type" = ? AND "active_storage_attachments"."name" = ?[0m  [["record_id", 4], ["record_type", "ActionText::RichText"], ["name", "embeds"]]
  â†³ app/controllers/articles_controller.rb:12:in `create'
  [1m[36mArticle Update (0.2ms)[0m  [1m[33mUPDATE "articles" SET "updated_at" = ? WHERE "articles"."id" = ?[0m  [["updated_at", "2020-05-15 01:42:15.878270"], ["id", 20]]
  â†³ app/controllers/articles_controller.rb:12:in `create'
  [1m[35m (185.0ms)[0m  [1m[36mcommit transaction[0m
  â†³ app/controllers/articles_controller.rb:12:in `create'
Completed 200 OK in 223ms (Views: 0.7ms | ActiveRecord: 186.5ms | Allocations: 14268)


Started GET "/articles/2" for 127.0.0.1 at 2020-05-14 20:42:44 -0500
Processing by ArticlesController#show as HTML
  Parameters: {"id"=>"2"}
  [1m[36mArticle Load (0.2ms)[0m  [1m[34mSELECT "articles".* FROM "articles" WHERE "articles"."id" = ? LIMIT ?[0m  [["id", 2], ["LIMIT", 1]]
  â†³ app/controllers/articles_controller.rb:5:in `show'
  Rendering articles/show.html.erb within layouts/application
  [1m[36mActionText::RichText Load (0.1ms)[0m  [1m[34mSELECT "action_text_rich_texts".* FROM "action_text_rich_texts" WHERE "action_text_rich_texts"."record_id" = ? AND "action_text_rich_texts"."record_type" = ? AND "action_text_rich_texts"."name" = ? LIMIT ?[0m  [["record_id", 2], ["record_type", "Article"], ["name", "content"], ["LIMIT", 1]]
  â†³ app/views/articles/show.html.erb:3
  Rendered articles/show.html.erb within layouts/application (Duration: 3.9ms | Allocations: 1001)
[Webpacker] Everything's up-to-date. Nothing to do
Completed 200 OK in 16ms (Views: 13.0ms | ActiveRecord: 0.3ms | Allocations: 5323)


Started GET "/articles/20" for 127.0.0.1 at 2020-05-14 20:42:45 -0500
Processing by ArticlesController#show as HTML
  Parameters: {"id"=>"20"}
  [1m[36mArticle Load (0.2ms)[0m  [1m[34mSELECT "articles".* FROM "articles" WHERE "articles"."id" = ? LIMIT ?[0m  [["id", 20], ["LIMIT", 1]]
  â†³ app/controllers/articles_controller.rb:5:in `show'
  Rendering articles/show.html.erb within layouts/application
  [1m[36mActionText::RichText Load (0.3ms)[0m  [1m[34mSELECT "action_text_rich_texts".* FROM "action_text_rich_texts" WHERE "action_text_rich_texts"."record_id" = ? AND "action_text_rich_texts"."record_type" = ? AND "action_text_rich_texts"."name" = ? LIMIT ?[0m  [["record_id", 20], ["record_type", "Article"], ["name", "content"], ["LIMIT", 1]]
  â†³ app/views/articles/show.html.erb:3
  Rendered /home/yadira/.rvm/gems/ruby-2.7.1/gems/actiontext-6.0.2.2/app/views/action_text/content/_layout.html.erb (Duration: 22.8ms | Allocations: 359)
  Rendered articles/show.html.erb within layouts/application (Duration: 131.1ms | Allocations: 2064)
[Webpacker] Everything's up-to-date. Nothing to do
Completed 200 OK in 145ms (Views: 142.5ms | ActiveRecord: 0.5ms | Allocations: 6383)


Started GET "/article/new" for 127.0.0.1 at 2020-05-14 20:43:03 -0500
  
ActionController::RoutingError (No route matches [GET] "/article/new"):
  
actionpack (6.0.2.2) lib/action_dispatch/middleware/debug_exceptions.rb:36:in `call'
web-console (4.0.1) lib/web_console/middleware.rb:132:in `call_app'
web-console (4.0.1) lib/web_console/middleware.rb:28:in `block in call'
web-console (4.0.1) lib/web_console/middleware.rb:17:in `catch'
web-console (4.0.1) lib/web_console/middleware.rb:17:in `call'
actionpack (6.0.2.2) lib/action_dispatch/middleware/show_exceptions.rb:33:in `call'
railties (6.0.2.2) lib/rails/rack/logger.rb:38:in `call_app'
railties (6.0.2.2) lib/rails/rack/logger.rb:26:in `block in call'
activesupport (6.0.2.2) lib/active_support/tagged_logging.rb:80:in `block in tagged'
activesupport (6.0.2.2) lib/active_support/tagged_logging.rb:28:in `tagged'
activesupport (6.0.2.2) lib/active_support/tagged_logging.rb:80:in `tagged'
railties (6.0.2.2) lib/rails/rack/logger.rb:26:in `call'
sprockets-rails (3.2.1) lib/sprockets/rails/quiet_assets.rb:13:in `call'
actionpack (6.0.2.2) lib/action_dispatch/middleware/remote_ip.rb:81:in `call'
actionpack (6.0.2.2) lib/action_dispatch/middleware/request_id.rb:27:in `call'
rack (2.2.2) lib/rack/method_override.rb:24:in `call'
rack (2.2.2) lib/rack/runtime.rb:22:in `call'
activesupport (6.0.2.2) lib/active_support/cache/strategy/local_cache_middleware.rb:29:in `call'
actionpack (6.0.2.2) lib/action_dispatch/middleware/executor.rb:14:in `call'
actionpack (6.0.2.2) lib/action_dispatch/middleware/static.rb:126:in `call'
rack (2.2.2) lib/rack/sendfile.rb:110:in `call'
actionpack (6.0.2.2) lib/action_dispatch/middleware/host_authorization.rb:83:in `call'
webpacker (4.2.2) lib/webpacker/dev_server_proxy.rb:23:in `perform_request'
rack-proxy (0.6.5) lib/rack/proxy.rb:57:in `call'
railties (6.0.2.2) lib/rails/engine.rb:526:in `call'
puma (4.3.3) lib/puma/configuration.rb:228:in `call'
puma (4.3.3) lib/puma/server.rb:682:in `handle_request'
puma (4.3.3) lib/puma/server.rb:472:in `process_client'
puma (4.3.3) lib/puma/server.rb:328:in `block in run'
puma (4.3.3) lib/puma/thread_pool.rb:134:in `block in spawn_thread'
Started GET "/articles/15" for 127.0.0.1 at 2020-05-14 20:44:29 -0500
Processing by ArticlesController#show as HTML
  Parameters: {"id"=>"15"}
  [1m[36mArticle Load (0.2ms)[0m  [1m[34mSELECT "articles".* FROM "articles" WHERE "articles"."id" = ? LIMIT ?[0m  [["id", 15], ["LIMIT", 1]]
  â†³ app/controllers/articles_controller.rb:5:in `show'
  Rendering articles/show.html.erb within layouts/application
  [1m[36mActionText::RichText Load (0.2ms)[0m  [1m[34mSELECT "action_text_rich_texts".* FROM "action_text_rich_texts" WHERE "action_text_rich_texts"."record_id" = ? AND "action_text_rich_texts"."record_type" = ? AND "action_text_rich_texts"."name" = ? LIMIT ?[0m  [["record_id", 15], ["record_type", "Article"], ["name", "content"], ["LIMIT", 1]]
  â†³ app/views/articles/show.html.erb:3
  Rendered articles/show.html.erb within layouts/application (Duration: 4.7ms | Allocations: 1001)
[Webpacker] Everything's up-to-date. Nothing to do
Completed 200 OK in 18ms (Views: 14.4ms | ActiveRecord: 0.4ms | Allocations: 5351)


Started GET "/articles/17" for 127.0.0.1 at 2020-05-14 20:44:33 -0500
Processing by ArticlesController#show as HTML
  Parameters: {"id"=>"17"}
  [1m[36mArticle Load (0.2ms)[0m  [1m[34mSELECT "articles".* FROM "articles" WHERE "articles"."id" = ? LIMIT ?[0m  [["id", 17], ["LIMIT", 1]]
  â†³ app/controllers/articles_controller.rb:5:in `show'
  Rendering articles/show.html.erb within layouts/application
  [1m[36mActionText::RichText Load (0.2ms)[0m  [1m[34mSELECT "action_text_rich_texts".* FROM "action_text_rich_texts" WHERE "action_text_rich_texts"."record_id" = ? AND "action_text_rich_texts"."record_type" = ? AND "action_text_rich_texts"."name" = ? LIMIT ?[0m  [["record_id", 17], ["record_type", "Article"], ["name", "content"], ["LIMIT", 1]]
  â†³ app/views/articles/show.html.erb:3
  Rendered /home/yadira/.rvm/gems/ruby-2.7.1/gems/actiontext-6.0.2.2/app/views/action_text/content/_layout.html.erb (Duration: 0.2ms | Allocations: 50)
  Rendered articles/show.html.erb within layouts/application (Duration: 5.4ms | Allocations: 1177)
[Webpacker] Everything's up-to-date. Nothing to do
Completed 200 OK in 230ms (Views: 226.5ms | ActiveRecord: 0.4ms | Allocations: 5507)


Started GET "/articles/16" for 127.0.0.1 at 2020-05-14 20:44:38 -0500
Processing by ArticlesController#show as HTML
  Parameters: {"id"=>"16"}
  [1m[36mArticle Load (0.2ms)[0m  [1m[34mSELECT "articles".* FROM "articles" WHERE "articles"."id" = ? LIMIT ?[0m  [["id", 16], ["LIMIT", 1]]
  â†³ app/controllers/articles_controller.rb:5:in `show'
  Rendering articles/show.html.erb within layouts/application
  [1m[36mActionText::RichText Load (0.2ms)[0m  [1m[34mSELECT "action_text_rich_texts".* FROM "action_text_rich_texts" WHERE "action_text_rich_texts"."record_id" = ? AND "action_text_rich_texts"."record_type" = ? AND "action_text_rich_texts"."name" = ? LIMIT ?[0m  [["record_id", 16], ["record_type", "Article"], ["name", "content"], ["LIMIT", 1]]
  â†³ app/views/articles/show.html.erb:3
  Rendered articles/show.html.erb within layouts/application (Duration: 4.2ms | Allocations: 1001)
[Webpacker] Everything's up-to-date. Nothing to do
Completed 200 OK in 17ms (Views: 13.7ms | ActiveRecord: 0.4ms | Allocations: 5312)


Started GET "/articles/18" for 127.0.0.1 at 2020-05-14 20:44:43 -0500
Processing by ArticlesController#show as HTML
  Parameters: {"id"=>"18"}
  [1m[36mArticle Load (0.2ms)[0m  [1m[34mSELECT "articles".* FROM "articles" WHERE "articles"."id" = ? LIMIT ?[0m  [["id", 18], ["LIMIT", 1]]
  â†³ app/controllers/articles_controller.rb:5:in `show'
  Rendering articles/show.html.erb within layouts/application
  [1m[36mActionText::RichText Load (0.2ms)[0m  [1m[34mSELECT "action_text_rich_texts".* FROM "action_text_rich_texts" WHERE "action_text_rich_texts"."record_id" = ? AND "action_text_rich_texts"."record_type" = ? AND "action_text_rich_texts"."name" = ? LIMIT ?[0m  [["record_id", 18], ["record_type", "Article"], ["name", "content"], ["LIMIT", 1]]
  â†³ app/views/articles/show.html.erb:3
  Rendered /home/yadira/.rvm/gems/ruby-2.7.1/gems/actiontext-6.0.2.2/app/views/action_text/content/_layout.html.erb (Duration: 0.1ms | Allocations: 50)
  Rendered articles/show.html.erb within layouts/application (Duration: 4.6ms | Allocations: 1176)
[Webpacker] Everything's up-to-date. Nothing to do
Completed 200 OK in 16ms (Views: 13.1ms | ActiveRecord: 0.4ms | Allocations: 5493)


Started GET "/articles/19" for 127.0.0.1 at 2020-05-14 20:44:46 -0500
Processing by ArticlesController#show as HTML
  Parameters: {"id"=>"19"}
  [1m[36mArticle Load (0.2ms)[0m  [1m[34mSELECT "articles".* FROM "articles" WHERE "articles"."id" = ? LIMIT ?[0m  [["id", 19], ["`call'
rack (2.2.2) lib/rack/runtime.rb:22:in `call'
activesupport (6.0.2.2) lib/active_support/cache/strategy/local_cache_middleware.rb:29:in `call'
actionpack (6.0.2.2) lib/action_dispatch/middleware/executor.rb:14:in `call'
actionpack (6.0.2.2) lib/action_dispatch/middleware/static.rb:126:in `call'
rack (2.2.2) lib/rack/sendfile.rb:110:in `call'
actionpack (6.0.2.2) lib/action_dispatch/middleware/host_authorization.rb:83:in `call'
webpacker (4.2.2) lib/webpacker/dev_server_proxy.rb:23:in `perform_request'
rack-proxy (0.6.5) lib/rack/proxy.rb:57:in `call'
railties (6.0.2.2) lib/rails/engine.rb:526:in `call'
puma (4.3.3) lib/puma/configuration.rb:228:in `call'
puma (4.3.3) lib/puma/server.rb:682:in `handle_request'
puma (4.3.3) lib/puma/server.rb:472:in `process_client'
puma (4.3.3) lib/puma/server.rb:328:in `block in run'
puma (4.3.3) lib/puma/thread_pool.rb:134:in `block in spawn_thread'
Started GET "/articles/15" for 127.0.0.1 at 2020-05-14 20:44:29 -0500
Processing by ArticlesController#show as HTML
  Parameters: {"id"=>"15"}
  [1m[36mArticle Load (0.2ms)[0m  [1m[34mSELECT "articles".* FROM "articles" WHERE "articles"."id" = ? LIMIT ?[0m  [["id", 15], ["LIMIT", 1]]
  â†³ app/controllers/articles_controller.rb:5:in `show'
  Rendering articles/show.html.erb within layouts/application
  [1m[36mActionText::RichText Load (0.2ms)[0m  [1m[34mSELECT "action_text_rich_texts".* FROM "action_text_rich_texts" WHERE "action_text_rich_texts"."record_id" = ? AND "action_text_rich_texts"."record_type" = ? AND "action_text_rich_texts"."name" = ? LIMIT ?[0m  [["record_id", 15], ["record_type", "Article"], ["name", "content"], ["LIMIT", 1]]
  â†³ app/views/articles/show.html.erb:3
  Rendered articles/show.html.erb within layouts/application (Duration: 4.7ms | Allocations: 1001)
[Webpacker] Everything's up-to-date. Nothing to do
Completed 200 OK in 18ms (Views: 14.4ms | ActiveRecord: 0.4ms | Allocations: 5351)


Started GET "/articles/17" for 127.0.0.1 at 2020-05-14 20:44:33 -0500
Processing by ArticlesController#show as HTML
  Parameters: {"id"=>"17"}
  [1m[36mArticle Load (0.2ms)[0m  [1m[34mSELECT "articles".* FROM "articles" WHERE "articles"."id" = ? LIMIT ?[0m  [["id", 17], ["LIMIT", 1]]
  â†³ app/controllers/articles_controller.rb:5:in `show'
  Rendering articles/show.html.erb within layouts/application
  [1m[36mActionText::RichText Load (0.2ms)[0m  [1m[34mSELECT "action_text_rich_texts".* FROM "action_text_rich_texts" WHERE "action_text_rich_texts"."record_id" = ? AND "action_text_rich_texts"."record_type" = ? AND "action_text_rich_texts"."name" = ? LIMIT ?[0m  [["record_id", 17], ["record_type", "Article"], ["name", "content"], ["LIMIT", 1]]
  â†³ app/views/articles/show.html.erb:3
  Rendered /home/yadira/.rvm/gems/ruby-2.7.1/gems/actiontext-6.0.2.2/app/views/action_text/content/_layout.html.erb (Duration: 0.2ms | Allocations: 50)
  Rendered articles/show.html.erb within layouts/application (Duration: 5.4ms | Allocations: 1177)
[Webpacker] Everything's up-to-date. Nothing to do
Completed 200 OK in 230ms (Views: 226.5ms | ActiveRecord: 0.4ms | Allocations: 5507)


Started GET "/articles/16" for 127.0.0.1 at 2020-05-14 20:44:38 -0500
Processing by ArticlesController#show as HTML
  Parameters: {"id"=>"16"}
  [1m[36mArticle Load (0.2ms)[0m  [1m[34mSELECT "articles".* FROM "articles" WHERE "articles"."id" = ? LIMIT ?[0m  [["id", 16], ["LIMIT", 1]]
  â†³ app/controllers/articles_controller.rb:5:in `show'
  Rendering articles/show.html.erb within layouts/application
  [1m[36mActionText::RichText Load (0.2ms)[0m  [1m[34mSELECT "action_text_rich_texts".* FROM "action_text_rich_texts" WHERE "action_text_rich_texts"."record_id" = ? AND "action_text_rich_texts"."record_type" = ? AND "action_text_rich_texts"."name" = ? LIMIT ?[0m  [["record_id", 16], ["record_type", "Article"], ["name", "content"], ["LIMIT", 1]]
  â†³ app/views/articles/show.html.erb:3
  Rendered articles/show.html.erb within layouts/application (Duration: 4.2ms | Allocations: 1001)
[Webpa